Log file open, 01/22/20 21:10:27
LogWindows: Failed to load 'aqProf.dll' (GetLastError=126)
LogWindows: File 'aqProf.dll' does not exist
LogWindows: Failed to load 'VtuneApi.dll' (GetLastError=126)
LogWindows: File 'VtuneApi.dll' does not exist
LogWindows: Failed to load 'VtuneApi32e.dll' (GetLastError=126)
LogWindows: File 'VtuneApi32e.dll' does not exist
LogConsoleResponse: Display: Failed to find resolution value strings in scalability ini. Falling back to default.
LogInit: Display: Running engine for game: miquelx2_ue
LogPlatformFile: Not using cached read wrapper
LogTaskGraph: Started task graph with 5 named threads and 23 total threads with 3 sets of task threads.
LogStats: Stats thread started at 1.557811
LogD3D11RHI: Loaded GFSDK_Aftermath_Lib.x64.dll
LogICUInternationalization: ICU TimeZone Detection - Raw Offset: +1:00, Platform Override: ''
LogPluginManager: Mounting plugin Paper2D
LogPluginManager: Mounting plugin AISupport
LogPluginManager: Mounting plugin LightPropagationVolume
LogPluginManager: Mounting plugin ActorLayerUtilities
LogPluginManager: Mounting plugin AnimationSharing
LogPluginManager: Mounting plugin CLionSourceCodeAccess
LogPluginManager: Mounting plugin CodeLiteSourceCodeAccess
LogPluginManager: Mounting plugin GitSourceControl
LogPluginManager: Mounting plugin KDevelopSourceCodeAccess
LogPluginManager: Mounting plugin NullSourceCodeAccess
LogPluginManager: Mounting plugin PerforceSourceControl
LogPluginManager: Mounting plugin PlasticSourceControl
LogPluginManager: Mounting plugin SubversionSourceControl
LogPluginManager: Mounting plugin UObjectPlugin
LogPluginManager: Mounting plugin VisualStudioCodeSourceCodeAccess
LogPluginManager: Mounting plugin VisualStudioSourceCodeAccess
LogPluginManager: Mounting plugin XCodeSourceCodeAccess
LogPluginManager: Mounting plugin AssetManagerEditor
LogPluginManager: Mounting plugin CryptoKeys
LogPluginManager: Mounting plugin CurveEditorTools
LogPluginManager: Mounting plugin DataValidation
LogPluginManager: Mounting plugin FacialAnimation
LogPluginManager: Mounting plugin GameplayTagsEditor
LogPluginManager: Mounting plugin MacGraphicsSwitching
LogPluginManager: Mounting plugin MaterialAnalyzer
LogPluginManager: Mounting plugin MobileLauncherProfileWizard
LogPluginManager: Mounting plugin PluginBrowser
LogPluginManager: Mounting plugin SpeedTreeImporter
LogPluginManager: Mounting plugin DatasmithContent
LogPluginManager: Mounting plugin VariantManagerContent
LogPluginManager: Mounting plugin AlembicImporter
LogPluginManager: Mounting plugin AutomationUtils
LogPluginManager: Mounting plugin BackChannel
LogPluginManager: Mounting plugin CharacterAI
LogPluginManager: Mounting plugin GeometryCache
LogPluginManager: Mounting plugin PlatformCrypto
LogPluginManager: Mounting plugin ProxyLODPlugin
LogPluginManager: Mounting plugin SkeletalReduction
LogPluginManager: Mounting plugin MagicLeap
LogPluginManager: Mounting plugin MagicLeapMedia
LogPluginManager: Mounting plugin MLSDK
LogPluginManager: Mounting plugin AndroidMedia
LogPluginManager: Mounting plugin AvfMedia
LogPluginManager: Mounting plugin ImgMedia
LogPluginManager: Mounting plugin MediaCompositing
LogPluginManager: Mounting plugin MediaPlayerEditor
LogPluginManager: Mounting plugin WebMMedia
LogPluginManager: Mounting plugin WmfMedia
LogPluginManager: Mounting plugin TcpMessaging
LogPluginManager: Mounting plugin UdpMessaging
LogPluginManager: Mounting plugin ActorSequence
LogPluginManager: Mounting plugin LevelSequenceEditor
LogPluginManager: Mounting plugin MatineeToLevelSequence
LogPluginManager: Mounting plugin NetcodeUnitTest
LogPluginManager: Mounting plugin NUTUnrealEngine4
LogPluginManager: Mounting plugin OnlineSubsystemGooglePlay
LogPluginManager: Mounting plugin OnlineSubsystemIOS
LogPluginManager: Mounting plugin OnlineSubsystem
LogPluginManager: Mounting plugin OnlineSubsystemNull
LogPluginManager: Mounting plugin OnlineSubsystemUtils
LogPluginManager: Mounting plugin LauncherChunkInstaller
LogPluginManager: Mounting plugin AndroidDeviceProfileSelector
LogPluginManager: Mounting plugin AndroidMoviePlayer
LogPluginManager: Mounting plugin AndroidPermission
LogPluginManager: Mounting plugin AppleImageUtils
LogPluginManager: Mounting plugin AppleMoviePlayer
LogPluginManager: Mounting plugin ArchVisCharacter
LogPluginManager: Mounting plugin AssetTags
LogPluginManager: Mounting plugin AudioCapture
LogPluginManager: Mounting plugin CableComponent
LogPluginManager: Mounting plugin CustomMeshComponent
LogPluginManager: Mounting plugin EditableMesh
LogPluginManager: Mounting plugin ExampleDeviceProfileSelector
LogPluginManager: Mounting plugin GoogleCloudMessaging
LogPluginManager: Mounting plugin IOSDeviceProfileSelector
LogPluginManager: Mounting plugin LinuxDeviceProfileSelector
LogPluginManager: Mounting plugin LocationServicesBPLibrary
LogPluginManager: Mounting plugin MobilePatchingUtils
LogPluginManager: Mounting plugin OculusVR
LogPluginManager: Mounting plugin PhysXVehicles
LogPluginManager: Mounting plugin PostSplashScreen
LogPluginManager: Mounting plugin ProceduralMeshComponent
LogPluginManager: Mounting plugin RuntimePhysXCooking
LogPluginManager: Mounting plugin SignificanceManager
LogPluginManager: Mounting plugin SteamVR
LogPluginManager: Mounting plugin WebMMoviePlayer
LogPluginManager: Mounting plugin WindowsMoviePlayer
LogPluginManager: Mounting plugin ScreenshotTools
LogInit: Using libcurl 7.55.1-DEV
LogInit:  - built for x86_64-pc-win32
LogInit:  - supports SSL with OpenSSL/1.1.1
LogInit:  - supports HTTP deflate (compression) using libz 1.2.8
LogInit:  - other features:
LogInit:      CURL_VERSION_SSL
LogInit:      CURL_VERSION_LIBZ
LogInit:      CURL_VERSION_IPV6
LogInit:      CURL_VERSION_ASYNCHDNS
LogInit:      CURL_VERSION_LARGEFILE
LogInit:      CURL_VERSION_IDN
LogInit:  CurlRequestOptions (configurable via config and command line):
LogInit:  - bVerifyPeer = true  - Libcurl will verify peer certificate
LogInit:  - bUseHttpProxy = false  - Libcurl will NOT use HTTP proxy
LogInit:  - bDontReuseConnections = false  - Libcurl will reuse connections
LogInit:  - MaxHostConnections = 16  - Libcurl will limit the number of connections to a host
LogInit:  - LocalHostAddr = Default
LogInit:  - BufferSize = 65536
LogOnline: OSS: Creating online subsystem instance for: NULL
LogInit: WinSock: version 1.1 (2.2), MaxSocks=32767, MaxUdp=65467
LogOnline: OSS: TryLoadSubsystemAndSetDefault: Loaded subsystem for module [NULL]
LogInit: Build: ++UE4+Release-4.24-CL-10757647
LogInit: Engine Version: 4.24.1-10757647+++UE4+Release-4.24
LogInit: Compatible Engine Version: 4.24.0-10570792+++UE4+Release-4.24
LogInit: Net CL: 10570792
LogInit: OS: Windows 10 (Release 1809) (), CPU: Intel(R) Core(TM) i7-4770K CPU @ 3.50GHz, GPU: NVIDIA GeForce GTX 970
LogInit: Compiled (64-bit): Dec 17 2019 02:08:03
LogInit: Compiled with Visual C++: 19.16.27032.01
LogInit: Build Configuration: Development
LogInit: Branch Name: ++UE4+Release-4.24
LogInit: Command Line: 
LogInit: Base Directory: B:/Unreal Engine/UE_4.24/Engine/Binaries/Win64/
LogInit: Installed Engine Build: 1
LogDevObjectVersion: Number of dev versions registered: 25
LogDevObjectVersion:   Dev-Blueprints (B0D832E4-1F89-4F0D-ACCF-7EB736FD4AA2): 10
LogDevObjectVersion:   Dev-Build (E1C64328-A22C-4D53-A36C-8E866417BD8C): 0
LogDevObjectVersion:   Dev-Core (375EC13C-06E4-48FB-B500-84F0262A717E): 3
LogDevObjectVersion:   Dev-Editor (E4B068ED-F494-42E9-A231-DA0B2E46BB41): 37
LogDevObjectVersion:   Dev-Framework (CFFC743F-43B0-4480-9391-14DF171D2073): 36
LogDevObjectVersion:   Dev-Mobile (B02B49B5-BB20-44E9-A304-32B752E40360): 2
LogDevObjectVersion:   Dev-Networking (A4E4105C-59A1-49B5-A7C5-40C4547EDFEE): 0
LogDevObjectVersion:   Dev-Online (39C831C9-5AE6-47DC-9A44-9C173E1C8E7C): 0
LogDevObjectVersion:   Dev-Physics (78F01B33-EBEA-4F98-B9B4-84EACCB95AA2): 2
LogDevObjectVersion:   Dev-Platform (6631380F-2D4D-43E0-8009-CF276956A95A): 0
LogDevObjectVersion:   Dev-Rendering (12F88B9F-8875-4AFC-A67C-D90C383ABD29): 36
LogDevObjectVersion:   Dev-Sequencer (7B5AE74C-D270-4C10-A958-57980B212A5A): 11
LogDevObjectVersion:   Dev-VR (D7296918-1DD6-4BDD-9DE2-64A83CC13884): 2
LogDevObjectVersion:   Dev-LoadTimes (C2A15278-BFE7-4AFE-6C17-90FF531DF755): 1
LogDevObjectVersion:   Private-Geometry (6EACA3D4-40EC-4CC1-B786-8BED09428FC5): 3
LogDevObjectVersion:   Dev-AnimPhys (29E575DD-E0A3-4627-9D10-D276232CDCEA): 17
LogDevObjectVersion:   Dev-Anim (AF43A65D-7FD3-4947-9873-3E8ED9C1BB05): 2
LogDevObjectVersion:   Dev-ReflectionCapture (6B266CEC-1EC7-4B8F-A30B-E4D90942FC07): 1
LogDevObjectVersion:   Dev-Automation (0DF73D61-A23F-47EA-B727-89E90C41499A): 1
LogDevObjectVersion:   FortniteMain (601D1886-AC64-4F84-AA16-D3DE0DEAC7D6): 31
LogDevObjectVersion:   Dev-Enterprise (9DFFBCD6-494F-0158-E221-12823C92A888): 8
LogDevObjectVersion:   Dev-Niagara (F2AED0AC-9AFE-416F-8664-AA7FFA26D6FC): 1
LogDevObjectVersion:   Dev-Destruction (174F1F0B-B4C6-45A5-B13F-2EE8D0FB917D): 9
LogDevObjectVersion:   Dev-Physics-Ext (35F94A83-E258-406C-A318-09F59610247C): 8
LogDevObjectVersion:   Dev-CineCamera (B2E18506-4273-CFC2-A54E-F4BB758BBA07): 1
LogInit: Presizing for max 25165824 objects, including 0 objects not considered by GC, pre-allocating 0 bytes for permanent pool.
LogInit: Object subsystem initialized
LogConfig: Setting CVar [[con.DebugEarlyDefault:1]]
LogConfig: Setting CVar [[r.setres:1280x720]]
[2020.01.22-20.10.34:387][  0]LogConfig: Setting CVar [[r.VSync:0]]
[2020.01.22-20.10.34:387][  0]LogConfig: Setting CVar [[r.RHICmdBypass:0]]
[2020.01.22-20.10.34:387][  0]LogConfig: Applying CVar settings from Section [/Script/Engine.RendererSettings] File [B:/Unreal Engine Projects/miquelx2-practiques-ue/miquelx2_ue/Saved/Config/Windows/Engine.ini]
[2020.01.22-20.10.34:387][  0]LogConfig: Setting CVar [[r.GPUCrashDebugging:0]]
[2020.01.22-20.10.34:387][  0]LogConfig: Applying CVar settings from Section [/Script/Engine.RendererOverrideSettings] File [B:/Unreal Engine Projects/miquelx2-practiques-ue/miquelx2_ue/Saved/Config/Windows/Engine.ini]
[2020.01.22-20.10.34:387][  0]LogConfig: Applying CVar settings from Section [/Script/Engine.StreamingSettings] File [B:/Unreal Engine Projects/miquelx2-practiques-ue/miquelx2_ue/Saved/Config/Windows/Engine.ini]
[2020.01.22-20.10.34:387][  0]LogConfig: Setting CVar [[s.MinBulkDataSizeForAsyncLoading:131072]]
[2020.01.22-20.10.34:387][  0]LogConfig: Setting CVar [[s.AsyncLoadingThreadEnabled:0]]
[2020.01.22-20.10.34:387][  0]LogConfig: Setting CVar [[s.EventDrivenLoaderEnabled:1]]
[2020.01.22-20.10.34:387][  0]LogConfig: Setting CVar [[s.WarnIfTimeLimitExceeded:0]]
[2020.01.22-20.10.34:387][  0]LogConfig: Setting CVar [[s.TimeLimitExceededMultiplier:1.5]]
[2020.01.22-20.10.34:387][  0]LogConfig: Setting CVar [[s.TimeLimitExceededMinTime:0.005]]
[2020.01.22-20.10.34:387][  0]LogConfig: Setting CVar [[s.UseBackgroundLevelStreaming:1]]
[2020.01.22-20.10.34:387][  0]LogConfig: Setting CVar [[s.PriorityAsyncLoadingExtraTime:15.0]]
[2020.01.22-20.10.34:387][  0]LogConfig: Setting CVar [[s.LevelStreamingActorsUpdateTimeLimit:5.0]]
[2020.01.22-20.10.34:387][  0]LogConfig: Setting CVar [[s.PriorityLevelStreamingActorsUpdateExtraTime:5.0]]
[2020.01.22-20.10.34:387][  0]LogConfig: Setting CVar [[s.LevelStreamingComponentsRegistrationGranularity:10]]
[2020.01.22-20.10.34:387][  0]LogConfig: Setting CVar [[s.UnregisterComponentsTimeLimit:1.0]]
[2020.01.22-20.10.34:387][  0]LogConfig: Setting CVar [[s.LevelStreamingComponentsUnregistrationGranularity:5]]
[2020.01.22-20.10.34:387][  0]LogConfig: Setting CVar [[s.FlushStreamingOnExit:1]]
[2020.01.22-20.10.34:387][  0]LogConfig: Applying CVar settings from Section [/Script/Engine.GarbageCollectionSettings] File [B:/Unreal Engine Projects/miquelx2-practiques-ue/miquelx2_ue/Saved/Config/Windows/Engine.ini]
[2020.01.22-20.10.34:387][  0]LogConfig: Setting CVar [[gc.MaxObjectsNotConsideredByGC:1]]
[2020.01.22-20.10.34:387][  0]LogConfig: Setting CVar [[gc.SizeOfPermanentObjectPool:0]]
[2020.01.22-20.10.34:387][  0]LogConfig: Setting CVar [[gc.FlushStreamingOnGC:0]]
[2020.01.22-20.10.34:387][  0]LogConfig: Setting CVar [[gc.NumRetriesBeforeForcingGC:10]]
[2020.01.22-20.10.34:387][  0]LogConfig: Setting CVar [[gc.AllowParallelGC:1]]
[2020.01.22-20.10.34:387][  0]LogConfig: Setting CVar [[gc.TimeBetweenPurgingPendingKillObjects:61.1]]
[2020.01.22-20.10.34:387][  0]LogConfig: Setting CVar [[gc.MaxObjectsInEditor:25165824]]
[2020.01.22-20.10.34:387][  0]LogConfig: Setting CVar [[gc.IncrementalBeginDestroyEnabled:1]]
[2020.01.22-20.10.34:387][  0]LogConfig: Setting CVar [[gc.CreateGCClusters:1]]
[2020.01.22-20.10.34:387][  0]LogConfig: Setting CVar [[gc.MinGCClusterSize:5]]
[2020.01.22-20.10.34:387][  0]LogConfig: Setting CVar [[gc.ActorClusteringEnabled:0]]
[2020.01.22-20.10.34:387][  0]LogConfig: Setting CVar [[gc.BlueprintClusteringEnabled:0]]
[2020.01.22-20.10.34:387][  0]LogConfig: Setting CVar [[gc.UseDisregardForGCOnDedicatedServers:0]]
[2020.01.22-20.10.34:387][  0]LogConfig: Applying CVar settings from Section [/Script/Engine.NetworkSettings] File [B:/Unreal Engine Projects/miquelx2-practiques-ue/miquelx2_ue/Saved/Config/Windows/Engine.ini]
[2020.01.22-20.10.34:387][  0]LogConfig: Applying CVar settings from Section [/Script/UnrealEd.CookerSettings] File [B:/Unreal Engine Projects/miquelx2-practiques-ue/miquelx2_ue/Saved/Config/Windows/Engine.ini]
[2020.01.22-20.10.34:390][  0]LogConfig: Applying CVar settings from Section [ViewDistanceQuality@3] File [B:/Unreal Engine Projects/miquelx2-practiques-ue/miquelx2_ue/Saved/Config/Windows/Scalability.ini]
[2020.01.22-20.10.34:390][  0]LogConfig: Setting CVar [[r.SkeletalMeshLODBias:0]]
[2020.01.22-20.10.34:390][  0]LogConfig: Setting CVar [[r.ViewDistanceScale:1.0]]
[2020.01.22-20.10.34:390][  0]LogConfig: Applying CVar settings from Section [AntiAliasingQuality@3] File [B:/Unreal Engine Projects/miquelx2-practiques-ue/miquelx2_ue/Saved/Config/Windows/Scalability.ini]
[2020.01.22-20.10.34:390][  0]LogConfig: Setting CVar [[r.PostProcessAAQuality:4]]
[2020.01.22-20.10.34:390][  0]LogConfig: Applying CVar settings from Section [ShadowQuality@3] File [B:/Unreal Engine Projects/miquelx2-practiques-ue/miquelx2_ue/Saved/Config/Windows/Scalability.ini]
[2020.01.22-20.10.34:390][  0]LogConfig: Setting CVar [[r.LightFunctionQuality:1]]
[2020.01.22-20.10.34:390][  0]LogConfig: Setting CVar [[r.ShadowQuality:5]]
[2020.01.22-20.10.34:390][  0]LogConfig: Setting CVar [[r.Shadow.CSM.MaxCascades:10]]
[2020.01.22-20.10.34:390][  0]LogConfig: Setting CVar [[r.Shadow.MaxResolution:2048]]
[2020.01.22-20.10.34:390][  0]LogConfig: Setting CVar [[r.Shadow.MaxCSMResolution:2048]]
[2020.01.22-20.10.34:390][  0]LogConfig: Setting CVar [[r.Shadow.RadiusThreshold:0.01]]
[2020.01.22-20.10.34:390][  0]LogConfig: Setting CVar [[r.Shadow.DistanceScale:1.0]]
[2020.01.22-20.10.34:390][  0]LogConfig: Setting CVar [[r.Shadow.CSM.TransitionScale:1.0]]
[2020.01.22-20.10.34:390][  0]LogConfig: Setting CVar [[r.Shadow.PreShadowResolutionFactor:1.0]]
[2020.01.22-20.10.34:390][  0]LogConfig: Setting CVar [[r.DistanceFieldShadowing:1]]
[2020.01.22-20.10.34:390][  0]LogConfig: Setting CVar [[r.DistanceFieldAO:1]]
[2020.01.22-20.10.34:390][  0]LogConfig: Setting CVar [[r.AOQuality:2]]
[2020.01.22-20.10.34:390][  0]LogConfig: Setting CVar [[r.VolumetricFog:1]]
[2020.01.22-20.10.34:390][  0]LogConfig: Setting CVar [[r.VolumetricFog.GridPixelSize:8]]
[2020.01.22-20.10.34:390][  0]LogConfig: Setting CVar [[r.VolumetricFog.GridSizeZ:128]]
[2020.01.22-20.10.34:390][  0]LogConfig: Setting CVar [[r.VolumetricFog.HistoryMissSupersampleCount:4]]
[2020.01.22-20.10.34:390][  0]LogConfig: Setting CVar [[r.LightMaxDrawDistanceScale:1]]
[2020.01.22-20.10.34:390][  0]LogConfig: Setting CVar [[r.CapsuleShadows:1]]
[2020.01.22-20.10.34:390][  0]LogConfig: Applying CVar settings from Section [PostProcessQuality@3] File [B:/Unreal Engine Projects/miquelx2-practiques-ue/miquelx2_ue/Saved/Config/Windows/Scalability.ini]
[2020.01.22-20.10.34:390][  0]LogConfig: Setting CVar [[r.MotionBlurQuality:4]]
[2020.01.22-20.10.34:390][  0]LogConfig: Setting CVar [[r.AmbientOcclusionMipLevelFactor:0.4]]
[2020.01.22-20.10.34:390][  0]LogConfig: Setting CVar [[r.AmbientOcclusionMaxQuality:100]]
[2020.01.22-20.10.34:390][  0]LogConfig: Setting CVar [[r.AmbientOcclusionLevels:-1]]
[2020.01.22-20.10.34:390][  0]LogConfig: Setting CVar [[r.AmbientOcclusionRadiusScale:1.0]]
[2020.01.22-20.10.34:390][  0]LogConfig: Setting CVar [[r.DepthOfFieldQuality:2]]
[2020.01.22-20.10.34:390][  0]LogConfig: Setting CVar [[r.RenderTargetPoolMin:400]]
[2020.01.22-20.10.34:390][  0]LogConfig: Setting CVar [[r.LensFlareQuality:2]]
[2020.01.22-20.10.34:390][  0]LogConfig: Setting CVar [[r.SceneColorFringeQuality:1]]
[2020.01.22-20.10.34:390][  0]LogConfig: Setting CVar [[r.EyeAdaptationQuality:2]]
[2020.01.22-20.10.34:390][  0]LogConfig: Setting CVar [[r.BloomQuality:5]]
[2020.01.22-20.10.34:390][  0]LogConfig: Setting CVar [[r.FastBlurThreshold:100]]
[2020.01.22-20.10.34:390][  0]LogConfig: Setting CVar [[r.Upscale.Quality:3]]
[2020.01.22-20.10.34:390][  0]LogConfig: Setting CVar [[r.Tonemapper.GrainQuantization:1]]
[2020.01.22-20.10.34:390][  0]LogConfig: Setting CVar [[r.LightShaftQuality:1]]
[2020.01.22-20.10.34:390][  0]LogConfig: Setting CVar [[r.Filter.SizeScale:1]]
[2020.01.22-20.10.34:390][  0]LogConfig: Setting CVar [[r.Tonemapper.Quality:5]]
[2020.01.22-20.10.34:390][  0]LogConfig: Setting CVar [[r.DOF.Gather.AccumulatorQuality:1        ; higher gathering accumulator quality]]
[2020.01.22-20.10.34:390][  0]LogConfig: Setting CVar [[r.DOF.Gather.PostfilterMethod:1          ; Median3x3 postfilering method]]
[2020.01.22-20.10.34:390][  0]LogConfig: Setting CVar [[r.DOF.Gather.EnableBokehSettings:0       ; no bokeh simulation when gathering]]
[2020.01.22-20.10.34:390][  0]LogConfig: Setting CVar [[r.DOF.Gather.RingCount:4                 ; medium number of samples when gathering]]
[2020.01.22-20.10.34:390][  0]LogConfig: Setting CVar [[r.DOF.Scatter.ForegroundCompositing:1    ; additive foreground scattering]]
[2020.01.22-20.10.34:390][  0]LogConfig: Setting CVar [[r.DOF.Scatter.BackgroundCompositing:2    ; additive background scattering]]
[2020.01.22-20.10.34:390][  0]LogConfig: Setting CVar [[r.DOF.Scatter.EnableBokehSettings:1      ; bokeh simulation when scattering]]
[2020.01.22-20.10.34:390][  0]LogConfig: Setting CVar [[r.DOF.Scatter.MaxSpriteRatio:0.1         ; only a maximum of 10% of scattered bokeh]]
[2020.01.22-20.10.34:390][  0]LogConfig: Setting CVar [[r.DOF.Recombine.Quality:1                ; cheap slight out of focus]]
[2020.01.22-20.10.34:390][  0]LogConfig: Setting CVar [[r.DOF.Recombine.EnableBokehSettings:0    ; no bokeh simulation on slight out of focus]]
[2020.01.22-20.10.34:390][  0]LogConfig: Setting CVar [[r.DOF.TemporalAAQuality:1                ; more stable temporal accumulation]]
[2020.01.22-20.10.34:390][  0]LogConfig: Setting CVar [[r.DOF.Kernel.MaxForegroundRadius:0.025]]
[2020.01.22-20.10.34:390][  0]LogConfig: Setting CVar [[r.DOF.Kernel.MaxBackgroundRadius:0.025]]
[2020.01.22-20.10.34:390][  0]LogConfig: Applying CVar settings from Section [TextureQuality@3] File [B:/Unreal Engine Projects/miquelx2-practiques-ue/miquelx2_ue/Saved/Config/Windows/Scalability.ini]
[2020.01.22-20.10.34:390][  0]LogConfig: Setting CVar [[r.Streaming.MipBias:0]]
[2020.01.22-20.10.34:390][  0]LogConfig: Setting CVar [[r.Streaming.AmortizeCPUToGPUCopy:0]]
[2020.01.22-20.10.34:390][  0]LogConfig: Setting CVar [[r.Streaming.MaxNumTexturesToStreamPerFrame:0]]
[2020.01.22-20.10.34:390][  0]LogConfig: Setting CVar [[r.Streaming.Boost:1]]
[2020.01.22-20.10.34:390][  0]LogConfig: Setting CVar [[r.MaxAnisotropy:8]]
[2020.01.22-20.10.34:390][  0]LogConfig: Setting CVar [[r.VT.MaxAnisotropy:8]]
[2020.01.22-20.10.34:390][  0]LogConfig: Setting CVar [[r.Streaming.LimitPoolSizeToVRAM:0]]
[2020.01.22-20.10.34:390][  0]LogConfig: Setting CVar [[r.Streaming.PoolSize:1000]]
[2020.01.22-20.10.34:390][  0]LogConfig: Setting CVar [[r.Streaming.MaxEffectiveScreenSize:0]]
[2020.01.22-20.10.34:390][  0]LogConfig: Applying CVar settings from Section [EffectsQuality@3] File [B:/Unreal Engine Projects/miquelx2-practiques-ue/miquelx2_ue/Saved/Config/Windows/Scalability.ini]
[2020.01.22-20.10.34:391][  0]LogConfig: Setting CVar [[r.TranslucencyLightingVolumeDim:64]]
[2020.01.22-20.10.34:391][  0]LogConfig: Setting CVar [[r.RefractionQuality:2]]
[2020.01.22-20.10.34:391][  0]LogConfig: Setting CVar [[r.SSR.Quality:3]]
[2020.01.22-20.10.34:391][  0]LogConfig: Setting CVar [[r.SSR.HalfResSceneColor:0]]
[2020.01.22-20.10.34:391][  0]LogConfig: Setting CVar [[r.SceneColorFormat:4]]
[2020.01.22-20.10.34:391][  0]LogConfig: Setting CVar [[r.DetailMode:2]]
[2020.01.22-20.10.34:391][  0]LogConfig: Setting CVar [[r.TranslucencyVolumeBlur:1]]
[2020.01.22-20.10.34:391][  0]LogConfig: Setting CVar [[r.MaterialQualityLevel:1 ; High quality]]
[2020.01.22-20.10.34:391][  0]LogConfig: Setting CVar [[r.SSS.Scale:1]]
[2020.01.22-20.10.34:391][  0]LogConfig: Setting CVar [[r.SSS.SampleSet:2]]
[2020.01.22-20.10.34:391][  0]LogConfig: Setting CVar [[r.SSS.Quality:1]]
[2020.01.22-20.10.34:391][  0]LogConfig: Setting CVar [[r.SSS.HalfRes:1]]
[2020.01.22-20.10.34:391][  0]LogConfig: Setting CVar [[r.SSGI.Quality:3]]
[2020.01.22-20.10.34:391][  0]LogConfig: Setting CVar [[r.EmitterSpawnRateScale:1.0]]
[2020.01.22-20.10.34:391][  0]LogConfig: Setting CVar [[r.ParticleLightQuality:2]]
[2020.01.22-20.10.34:391][  0]LogConfig: Setting CVar [[r.SkyAtmosphere.AerialPerspectiveLUT.FastApplyOnOpaque:1 ; Always have FastSkyLUT 1 in this case to avoid wrong sky]]
[2020.01.22-20.10.34:391][  0]LogConfig: Setting CVar [[r.SkyAtmosphere.AerialPerspectiveLUT.SampleCountPerSlice:1]]
[2020.01.22-20.10.34:391][  0]LogConfig: Setting CVar [[r.SkyAtmosphere.AerialPerspectiveLUT.DepthResolution:16.0]]
[2020.01.22-20.10.34:391][  0]LogConfig: Setting CVar [[r.SkyAtmosphere.FastSkyLUT:1]]
[2020.01.22-20.10.34:391][  0]LogConfig: Setting CVar [[r.SkyAtmosphere.FastSkyLUT.SampleCountMin:4.0]]
[2020.01.22-20.10.34:391][  0]LogConfig: Setting CVar [[r.SkyAtmosphere.FastSkyLUT.SampleCountMax:32.0]]
[2020.01.22-20.10.34:391][  0]LogConfig: Setting CVar [[r.SkyAtmosphere.SampleCountMin:4.0]]
[2020.01.22-20.10.34:391][  0]LogConfig: Setting CVar [[r.SkyAtmosphere.SampleCountMax:32.0]]
[2020.01.22-20.10.34:391][  0]LogConfig: Setting CVar [[r.SkyAtmosphere.TransmittanceLUT.UseSmallFormat:0]]
[2020.01.22-20.10.34:391][  0]LogConfig: Setting CVar [[r.SkyAtmosphere.TransmittanceLUT.SampleCount:10.0]]
[2020.01.22-20.10.34:391][  0]LogConfig: Setting CVar [[r.SkyAtmosphere.MultiScatteringLUT.SampleCount:15.0]]
[2020.01.22-20.10.34:391][  0]LogConfig: Applying CVar settings from Section [FoliageQuality@3] File [B:/Unreal Engine Projects/miquelx2-practiques-ue/miquelx2_ue/Saved/Config/Windows/Scalability.ini]
[2020.01.22-20.10.34:391][  0]LogConfig: Setting CVar [[foliage.DensityScale:1.0]]
[2020.01.22-20.10.34:391][  0]LogConfig: Setting CVar [[grass.DensityScale:1.0]]
[2020.01.22-20.10.34:391][  0]LogConfig: Applying CVar settings from Section [ShadingQuality@3] File [B:/Unreal Engine Projects/miquelx2-practiques-ue/miquelx2_ue/Saved/Config/Windows/Scalability.ini]
[2020.01.22-20.10.34:391][  0]LogConfig: Setting CVar [[r.HairStrands.SkyLighting.SampleCount:16]]
[2020.01.22-20.10.34:391][  0]LogConfig: Setting CVar [[r.HairStrands.SkyLighting.JitterIntegration:0]]
[2020.01.22-20.10.34:391][  0]LogConfig: Setting CVar [[r.HairStrands.SkyAO.SampleCount:16]]
[2020.01.22-20.10.34:391][  0]LogInit: Selected Device Profile: [Windows]
[2020.01.22-20.10.34:391][  0]LogInit: Applying CVar settings loaded from the selected device profile: [Windows]
[2020.01.22-20.10.34:399][  0]LogHAL: Display: Platform has ~ 16 GB [17092689920 / 17179869184 / 16], which maps to Larger [LargestMinGB=32, LargerMinGB=12, DefaultMinGB=8, SmallerMinGB=6, SmallestMinGB=0)
[2020.01.22-20.10.34:399][  0]LogInit: Going up to parent DeviceProfile []
[2020.01.22-20.10.34:399][  0]LogConfig: Applying CVar settings from Section [ViewDistanceQuality@3] File [B:/Unreal Engine Projects/miquelx2-practiques-ue/miquelx2_ue/Saved/Config/Windows/Scalability.ini]
[2020.01.22-20.10.34:399][  0]LogConfig: Setting CVar [[r.SkeletalMeshLODBias:0]]
[2020.01.22-20.10.34:399][  0]LogConfig: Setting CVar [[r.ViewDistanceScale:1.0]]
[2020.01.22-20.10.34:399][  0]LogConfig: Applying CVar settings from Section [AntiAliasingQuality@3] File [B:/Unreal Engine Projects/miquelx2-practiques-ue/miquelx2_ue/Saved/Config/Windows/Scalability.ini]
[2020.01.22-20.10.34:399][  0]LogConfig: Setting CVar [[r.PostProcessAAQuality:4]]
[2020.01.22-20.10.34:399][  0]LogConfig: Applying CVar settings from Section [ShadowQuality@3] File [B:/Unreal Engine Projects/miquelx2-practiques-ue/miquelx2_ue/Saved/Config/Windows/Scalability.ini]
[2020.01.22-20.10.34:399][  0]LogConfig: Setting CVar [[r.LightFunctionQuality:1]]
[2020.01.22-20.10.34:399][  0]LogConfig: Setting CVar [[r.ShadowQuality:5]]
[2020.01.22-20.10.34:399][  0]LogConfig: Setting CVar [[r.Shadow.CSM.MaxCascades:10]]
[2020.01.22-20.10.34:399][  0]LogConfig: Setting CVar [[r.Shadow.MaxResolution:2048]]
[2020.01.22-20.10.34:399][  0]LogConfig: Setting CVar [[r.Shadow.MaxCSMResolution:2048]]
[2020.01.22-20.10.34:399][  0]LogConfig: Setting CVar [[r.Shadow.RadiusThreshold:0.01]]
[2020.01.22-20.10.34:399][  0]LogConfig: Setting CVar [[r.Shadow.DistanceScale:1.0]]
[2020.01.22-20.10.34:399][  0]LogConfig: Setting CVar [[r.Shadow.CSM.TransitionScale:1.0]]
[2020.01.22-20.10.34:399][  0]LogConfig: Setting CVar [[r.Shadow.PreShadowResolutionFactor:1.0]]
[2020.01.22-20.10.34:399][  0]LogConfig: Setting CVar [[r.DistanceFieldShadowing:1]]
[2020.01.22-20.10.34:399][  0]LogConfig: Setting CVar [[r.DistanceFieldAO:1]]
[2020.01.22-20.10.34:399][  0]LogConfig: Setting CVar [[r.AOQuality:2]]
[2020.01.22-20.10.34:399][  0]LogConfig: Setting CVar [[r.VolumetricFog:1]]
[2020.01.22-20.10.34:399][  0]LogConfig: Setting CVar [[r.VolumetricFog.GridPixelSize:8]]
[2020.01.22-20.10.34:399][  0]LogConfig: Setting CVar [[r.VolumetricFog.GridSizeZ:128]]
[2020.01.22-20.10.34:399][  0]LogConfig: Setting CVar [[r.VolumetricFog.HistoryMissSupersampleCount:4]]
[2020.01.22-20.10.34:399][  0]LogConfig: Setting CVar [[r.LightMaxDrawDistanceScale:1]]
[2020.01.22-20.10.34:399][  0]LogConfig: Setting CVar [[r.CapsuleShadows:1]]
[2020.01.22-20.10.34:399][  0]LogConfig: Applying CVar settings from Section [PostProcessQuality@3] File [B:/Unreal Engine Projects/miquelx2-practiques-ue/miquelx2_ue/Saved/Config/Windows/Scalability.ini]
[2020.01.22-20.10.34:399][  0]LogConfig: Setting CVar [[r.MotionBlurQuality:4]]
[2020.01.22-20.10.34:399][  0]LogConfig: Setting CVar [[r.AmbientOcclusionMipLevelFactor:0.4]]
[2020.01.22-20.10.34:399][  0]LogConfig: Setting CVar [[r.AmbientOcclusionMaxQuality:100]]
[2020.01.22-20.10.34:399][  0]LogConfig: Setting CVar [[r.AmbientOcclusionLevels:-1]]
[2020.01.22-20.10.34:399][  0]LogConfig: Setting CVar [[r.AmbientOcclusionRadiusScale:1.0]]
[2020.01.22-20.10.34:399][  0]LogConfig: Setting CVar [[r.DepthOfFieldQuality:2]]
[2020.01.22-20.10.34:399][  0]LogConfig: Setting CVar [[r.RenderTargetPoolMin:400]]
[2020.01.22-20.10.34:399][  0]LogConfig: Setting CVar [[r.LensFlareQuality:2]]
[2020.01.22-20.10.34:399][  0]LogConfig: Setting CVar [[r.SceneColorFringeQuality:1]]
[2020.01.22-20.10.34:399][  0]LogConfig: Setting CVar [[r.EyeAdaptationQuality:2]]
[2020.01.22-20.10.34:399][  0]LogConfig: Setting CVar [[r.BloomQuality:5]]
[2020.01.22-20.10.34:399][  0]LogConfig: Setting CVar [[r.FastBlurThreshold:100]]
[2020.01.22-20.10.34:399][  0]LogConfig: Setting CVar [[r.Upscale.Quality:3]]
[2020.01.22-20.10.34:399][  0]LogConfig: Setting CVar [[r.Tonemapper.GrainQuantization:1]]
[2020.01.22-20.10.34:399][  0]LogConfig: Setting CVar [[r.LightShaftQuality:1]]
[2020.01.22-20.10.34:400][  0]LogConfig: Setting CVar [[r.Filter.SizeScale:1]]
[2020.01.22-20.10.34:400][  0]LogConfig: Setting CVar [[r.Tonemapper.Quality:5]]
[2020.01.22-20.10.34:400][  0]LogConfig: Setting CVar [[r.DOF.Gather.AccumulatorQuality:1        ; higher gathering accumulator quality]]
[2020.01.22-20.10.34:400][  0]LogConfig: Setting CVar [[r.DOF.Gather.PostfilterMethod:1          ; Median3x3 postfilering method]]
[2020.01.22-20.10.34:400][  0]LogConfig: Setting CVar [[r.DOF.Gather.EnableBokehSettings:0       ; no bokeh simulation when gathering]]
[2020.01.22-20.10.34:400][  0]LogConfig: Setting CVar [[r.DOF.Gather.RingCount:4                 ; medium number of samples when gathering]]
[2020.01.22-20.10.34:400][  0]LogConfig: Setting CVar [[r.DOF.Scatter.ForegroundCompositing:1    ; additive foreground scattering]]
[2020.01.22-20.10.34:400][  0]LogConfig: Setting CVar [[r.DOF.Scatter.BackgroundCompositing:2    ; additive background scattering]]
[2020.01.22-20.10.34:400][  0]LogConfig: Setting CVar [[r.DOF.Scatter.EnableBokehSettings:1      ; bokeh simulation when scattering]]
[2020.01.22-20.10.34:400][  0]LogConfig: Setting CVar [[r.DOF.Scatter.MaxSpriteRatio:0.1         ; only a maximum of 10% of scattered bokeh]]
[2020.01.22-20.10.34:400][  0]LogConfig: Setting CVar [[r.DOF.Recombine.Quality:1                ; cheap slight out of focus]]
[2020.01.22-20.10.34:400][  0]LogConfig: Setting CVar [[r.DOF.Recombine.EnableBokehSettings:0    ; no bokeh simulation on slight out of focus]]
[2020.01.22-20.10.34:400][  0]LogConfig: Setting CVar [[r.DOF.TemporalAAQuality:1                ; more stable temporal accumulation]]
[2020.01.22-20.10.34:400][  0]LogConfig: Setting CVar [[r.DOF.Kernel.MaxForegroundRadius:0.025]]
[2020.01.22-20.10.34:400][  0]LogConfig: Setting CVar [[r.DOF.Kernel.MaxBackgroundRadius:0.025]]
[2020.01.22-20.10.34:400][  0]LogConfig: Applying CVar settings from Section [TextureQuality@3] File [B:/Unreal Engine Projects/miquelx2-practiques-ue/miquelx2_ue/Saved/Config/Windows/Scalability.ini]
[2020.01.22-20.10.34:400][  0]LogConfig: Setting CVar [[r.Streaming.MipBias:0]]
[2020.01.22-20.10.34:400][  0]LogConfig: Setting CVar [[r.Streaming.AmortizeCPUToGPUCopy:0]]
[2020.01.22-20.10.34:400][  0]LogConfig: Setting CVar [[r.Streaming.MaxNumTexturesToStreamPerFrame:0]]
[2020.01.22-20.10.34:400][  0]LogConfig: Setting CVar [[r.Streaming.Boost:1]]
[2020.01.22-20.10.34:400][  0]LogConfig: Setting CVar [[r.MaxAnisotropy:8]]
[2020.01.22-20.10.34:400][  0]LogConfig: Setting CVar [[r.VT.MaxAnisotropy:8]]
[2020.01.22-20.10.34:400][  0]LogConfig: Setting CVar [[r.Streaming.LimitPoolSizeToVRAM:0]]
[2020.01.22-20.10.34:400][  0]LogConfig: Setting CVar [[r.Streaming.PoolSize:1000]]
[2020.01.22-20.10.34:400][  0]LogConfig: Setting CVar [[r.Streaming.MaxEffectiveScreenSize:0]]
[2020.01.22-20.10.34:400][  0]LogConfig: Applying CVar settings from Section [EffectsQuality@3] File [B:/Unreal Engine Projects/miquelx2-practiques-ue/miquelx2_ue/Saved/Config/Windows/Scalability.ini]
[2020.01.22-20.10.34:400][  0]LogConfig: Setting CVar [[r.TranslucencyLightingVolumeDim:64]]
[2020.01.22-20.10.34:400][  0]LogConfig: Setting CVar [[r.RefractionQuality:2]]
[2020.01.22-20.10.34:400][  0]LogConfig: Setting CVar [[r.SSR.Quality:3]]
[2020.01.22-20.10.34:400][  0]LogConfig: Setting CVar [[r.SSR.HalfResSceneColor:0]]
[2020.01.22-20.10.34:400][  0]LogConfig: Setting CVar [[r.SceneColorFormat:4]]
[2020.01.22-20.10.34:400][  0]LogConfig: Setting CVar [[r.DetailMode:2]]
[2020.01.22-20.10.34:400][  0]LogConfig: Setting CVar [[r.TranslucencyVolumeBlur:1]]
[2020.01.22-20.10.34:400][  0]LogConfig: Setting CVar [[r.MaterialQualityLevel:1 ; High quality]]
[2020.01.22-20.10.34:400][  0]LogConfig: Setting CVar [[r.SSS.Scale:1]]
[2020.01.22-20.10.34:400][  0]LogConfig: Setting CVar [[r.SSS.SampleSet:2]]
[2020.01.22-20.10.34:400][  0]LogConfig: Setting CVar [[r.SSS.Quality:1]]
[2020.01.22-20.10.34:400][  0]LogConfig: Setting CVar [[r.SSS.HalfRes:1]]
[2020.01.22-20.10.34:400][  0]LogConfig: Setting CVar [[r.SSGI.Quality:3]]
[2020.01.22-20.10.34:400][  0]LogConfig: Setting CVar [[r.EmitterSpawnRateScale:1.0]]
[2020.01.22-20.10.34:400][  0]LogConfig: Setting CVar [[r.ParticleLightQuality:2]]
[2020.01.22-20.10.34:400][  0]LogConfig: Setting CVar [[r.SkyAtmosphere.AerialPerspectiveLUT.FastApplyOnOpaque:1 ; Always have FastSkyLUT 1 in this case to avoid wrong sky]]
[2020.01.22-20.10.34:400][  0]LogConfig: Setting CVar [[r.SkyAtmosphere.AerialPerspectiveLUT.SampleCountPerSlice:1]]
[2020.01.22-20.10.34:400][  0]LogConfig: Setting CVar [[r.SkyAtmosphere.AerialPerspectiveLUT.DepthResolution:16.0]]
[2020.01.22-20.10.34:400][  0]LogConfig: Setting CVar [[r.SkyAtmosphere.FastSkyLUT:1]]
[2020.01.22-20.10.34:400][  0]LogConfig: Setting CVar [[r.SkyAtmosphere.FastSkyLUT.SampleCountMin:4.0]]
[2020.01.22-20.10.34:400][  0]LogConfig: Setting CVar [[r.SkyAtmosphere.FastSkyLUT.SampleCountMax:32.0]]
[2020.01.22-20.10.34:400][  0]LogConfig: Setting CVar [[r.SkyAtmosphere.SampleCountMin:4.0]]
[2020.01.22-20.10.34:400][  0]LogConfig: Setting CVar [[r.SkyAtmosphere.SampleCountMax:32.0]]
[2020.01.22-20.10.34:400][  0]LogConfig: Setting CVar [[r.SkyAtmosphere.TransmittanceLUT.UseSmallFormat:0]]
[2020.01.22-20.10.34:400][  0]LogConfig: Setting CVar [[r.SkyAtmosphere.TransmittanceLUT.SampleCount:10.0]]
[2020.01.22-20.10.34:400][  0]LogConfig: Setting CVar [[r.SkyAtmosphere.MultiScatteringLUT.SampleCount:15.0]]
[2020.01.22-20.10.34:400][  0]LogConfig: Applying CVar settings from Section [FoliageQuality@3] File [B:/Unreal Engine Projects/miquelx2-practiques-ue/miquelx2_ue/Saved/Config/Windows/Scalability.ini]
[2020.01.22-20.10.34:400][  0]LogConfig: Setting CVar [[foliage.DensityScale:1.0]]
[2020.01.22-20.10.34:400][  0]LogConfig: Setting CVar [[grass.DensityScale:1.0]]
[2020.01.22-20.10.34:400][  0]LogConfig: Applying CVar settings from Section [ShadingQuality@3] File [B:/Unreal Engine Projects/miquelx2-practiques-ue/miquelx2_ue/Saved/Config/Windows/Scalability.ini]
[2020.01.22-20.10.34:400][  0]LogConfig: Setting CVar [[r.HairStrands.SkyLighting.SampleCount:16]]
[2020.01.22-20.10.34:400][  0]LogConfig: Setting CVar [[r.HairStrands.SkyLighting.JitterIntegration:0]]
[2020.01.22-20.10.34:400][  0]LogConfig: Setting CVar [[r.HairStrands.SkyAO.SampleCount:16]]
[2020.01.22-20.10.34:400][  0]LogConfig: Applying CVar settings from Section [Startup] File [../../../Engine/Config/ConsoleVariables.ini]
[2020.01.22-20.10.34:406][  0]LogConfig: Setting CVar [[net.UseAdaptiveNetUpdateFrequency:0]]
[2020.01.22-20.10.34:406][  0]LogConfig: Setting CVar [[p.chaos.AllowCreatePhysxBodies:1]]
[2020.01.22-20.10.34:406][  0]LogConfig: Applying CVar settings from Section [ConsoleVariables] File [B:/Unreal Engine Projects/miquelx2-practiques-ue/miquelx2_ue/Saved/Config/Windows/Engine.ini]
[2020.01.22-20.10.34:406][  0]LogInit: Computer: GUSPYRO-PC
[2020.01.22-20.10.34:406][  0]LogInit: User: Guspyro
[2020.01.22-20.10.34:406][  0]LogInit: CPU Page size=4096, Cores=4
[2020.01.22-20.10.34:406][  0]LogInit: High frequency timer resolution =10.000000 MHz
[2020.01.22-20.10.34:406][  0]LogMemory: Memory total: Physical=15.9GB (16GB approx)
[2020.01.22-20.10.34:406][  0]LogMemory: Platform Memory Stats for Windows
[2020.01.22-20.10.34:406][  0]LogMemory: Process Physical Memory: 104.97 MB used, 104.97 MB peak
[2020.01.22-20.10.34:406][  0]LogMemory: Process Virtual Memory: 100.38 MB used, 100.38 MB peak
[2020.01.22-20.10.34:406][  0]LogMemory: Physical Memory: 9294.36 MB used,  7006.50 MB free, 16300.86 MB total
[2020.01.22-20.10.34:406][  0]LogMemory: Virtual Memory: 5151.94 MB used,  134212576.00 MB free, 134217728.00 MB total
[2020.01.22-20.10.34:409][  0]LogWindows: WindowsPlatformFeatures enabled
[2020.01.22-20.10.37:695][  0]LogInit: Overriding language with editor language configuration option (en).
[2020.01.22-20.10.37:695][  0]LogInit: Overriding locale with editor culture configuration option ().
[2020.01.22-20.10.37:695][  0]LogInit: Using OS detected locale (es-ES).
[2020.01.22-20.10.37:899][  0]LogInit: Setting process to per monitor DPI aware
[2020.01.22-20.10.38:062][  0]LogSlate: New Slate User Created.  User Index 0, Is Virtual User: 0
[2020.01.22-20.10.38:062][  0]LogSlate: Slate User Registered.  User Index 0, Is Virtual User: 0
[2020.01.22-20.10.40:624][  0]LogHMD: Failed to initialize OpenVR with code 110
[2020.01.22-20.10.40:624][  0]LogD3D11RHI: D3D11 min allowed feature level: 11_0
[2020.01.22-20.10.40:625][  0]LogD3D11RHI: D3D11 max allowed feature level: 11_0
[2020.01.22-20.10.40:625][  0]LogD3D11RHI: D3D11 adapters:
[2020.01.22-20.10.40:696][  0]LogD3D11RHI:    0. 'NVIDIA GeForce GTX 970' (Feature Level 11_0)
[2020.01.22-20.10.40:696][  0]LogD3D11RHI:       4043/0/8150 MB DedicatedVideo/DedicatedSystem/SharedSystem, Outputs:1, VendorId:0x10de
[2020.01.22-20.10.40:702][  0]LogD3D11RHI:    1. 'Intel(R) HD Graphics 4600' (Feature Level 11_0)
[2020.01.22-20.10.40:702][  0]LogD3D11RHI:       112/0/2048 MB DedicatedVideo/DedicatedSystem/SharedSystem, Outputs:0, VendorId:0x8086
[2020.01.22-20.10.40:704][  0]LogD3D11RHI:    2. 'Microsoft Basic Render Driver' (Feature Level 11_0)
[2020.01.22-20.10.40:704][  0]LogD3D11RHI:       0/0/8150 MB DedicatedVideo/DedicatedSystem/SharedSystem, Outputs:0, VendorId:0x1414
[2020.01.22-20.10.40:704][  0]LogD3D11RHI: Chosen D3D11 Adapter: 0
[2020.01.22-20.10.40:713][  0]LogD3D11RHI: Creating new Direct3DDevice
[2020.01.22-20.10.40:713][  0]LogD3D11RHI:     GPU DeviceId: 0x13c2 (for the marketing name, search the web for "GPU Device Id")
[2020.01.22-20.10.40:713][  0]LogWindows: EnumDisplayDevices:
[2020.01.22-20.10.40:713][  0]LogWindows:    0. 'NVIDIA GeForce GTX 970' (P:1 D:1)
[2020.01.22-20.10.40:714][  0]LogWindows:    1. 'NVIDIA GeForce GTX 970' (P:0 D:0)
[2020.01.22-20.10.40:714][  0]LogWindows:    2. 'NVIDIA GeForce GTX 970' (P:0 D:0)
[2020.01.22-20.10.40:714][  0]LogWindows:    3. 'NVIDIA GeForce GTX 970' (P:0 D:0)
[2020.01.22-20.10.40:715][  0]LogWindows:    4. 'Intel(R) HD Graphics 4600' (P:0 D:0)
[2020.01.22-20.10.40:715][  0]LogWindows:    5. 'Intel(R) HD Graphics 4600' (P:0 D:0)
[2020.01.22-20.10.40:715][  0]LogWindows:    6. 'Intel(R) HD Graphics 4600' (P:0 D:0)
[2020.01.22-20.10.40:715][  0]LogWindows: DebugString: PrimaryIsNotTheChoosenAdapter PrimaryIsNotTheChoosenAdapter PrimaryIsNotTheChoosenAdapter FoundDriverCount:4 
[2020.01.22-20.10.40:715][  0]LogD3D11RHI:     Adapter Name: NVIDIA GeForce GTX 970
[2020.01.22-20.10.40:715][  0]LogD3D11RHI:   Driver Version: 441.87 (internal:26.21.14.4187, unified:441.87)
[2020.01.22-20.10.40:715][  0]LogD3D11RHI:      Driver Date: 12-24-2019
[2020.01.22-20.10.40:716][  0]LogRHI: Texture pool is 2830 MB (70% of 4043 MB)
[2020.01.22-20.10.40:767][  0]LogD3D11RHI: RHI has support for 64 bit atomics
[2020.01.22-20.10.40:767][  0]LogD3D11RHI: Async texture creation enabled
[2020.01.22-20.10.40:803][  0]LogD3D11RHI: GPU Timing Frequency: 1000.000000 (Debug: 2 1)
[2020.01.22-20.10.41:217][  0]LogTargetPlatformManager: Display: Loaded TargetPlatform 'AllDesktop'
[2020.01.22-20.10.41:580][  0]LogTargetPlatformManager: Display: Loaded TargetPlatform 'Android'
[2020.01.22-20.10.41:580][  0]LogTargetPlatformManager: Display: Loaded TargetPlatform 'Android_ASTC'
[2020.01.22-20.10.41:580][  0]LogTargetPlatformManager: Display: Loaded TargetPlatform 'Android_ATC'
[2020.01.22-20.10.41:580][  0]LogTargetPlatformManager: Display: Loaded TargetPlatform 'Android_DXT'
[2020.01.22-20.10.41:580][  0]LogTargetPlatformManager: Display: Loaded TargetPlatform 'Android_ETC1'
[2020.01.22-20.10.41:580][  0]LogTargetPlatformManager: Display: Loaded TargetPlatform 'Android_ETC1a'
[2020.01.22-20.10.41:580][  0]LogTargetPlatformManager: Display: Loaded TargetPlatform 'Android_ETC2'
[2020.01.22-20.10.41:580][  0]LogTargetPlatformManager: Display: Loaded TargetPlatform 'Android_PVRTC'
[2020.01.22-20.10.41:580][  0]LogTargetPlatformManager: Display: Loaded TargetPlatform 'AndroidClient'
[2020.01.22-20.10.41:580][  0]LogTargetPlatformManager: Display: Loaded TargetPlatform 'Android_ASTCClient'
[2020.01.22-20.10.41:580][  0]LogTargetPlatformManager: Display: Loaded TargetPlatform 'Android_ATCClient'
[2020.01.22-20.10.41:580][  0]LogTargetPlatformManager: Display: Loaded TargetPlatform 'Android_DXTClient'
[2020.01.22-20.10.41:580][  0]LogTargetPlatformManager: Display: Loaded TargetPlatform 'Android_ETC1Client'
[2020.01.22-20.10.41:580][  0]LogTargetPlatformManager: Display: Loaded TargetPlatform 'Android_ETC1aClient'
[2020.01.22-20.10.41:580][  0]LogTargetPlatformManager: Display: Loaded TargetPlatform 'Android_ETC2Client'
[2020.01.22-20.10.41:580][  0]LogTargetPlatformManager: Display: Loaded TargetPlatform 'Android_PVRTCClient'
[2020.01.22-20.10.41:580][  0]LogTargetPlatformManager: Display: Loaded TargetPlatform 'Android_Multi'
[2020.01.22-20.10.41:580][  0]LogTargetPlatformManager: Display: Loaded TargetPlatform 'Android_MultiClient'
[2020.01.22-20.10.41:969][  0]LogTargetPlatformManager: Display: Loaded TargetPlatform 'IOSClient'
[2020.01.22-20.10.41:969][  0]LogTargetPlatformManager: Display: Loaded TargetPlatform 'IOS'
[2020.01.22-20.10.42:103][  0]LogTargetPlatformManager: Display: Loaded TargetPlatform 'LinuxNoEditor'
[2020.01.22-20.10.42:239][  0]LogTargetPlatformManager: Display: Loaded TargetPlatform 'LinuxClient'
[2020.01.22-20.10.42:296][  0]LogTargetPlatformManager: Display: Loaded TargetPlatform 'LinuxServer'
[2020.01.22-20.10.42:453][  0]LogTargetPlatformManager: Display: Loaded TargetPlatform 'LinuxAArch64NoEditor'
[2020.01.22-20.10.42:578][  0]LogTargetPlatformManager: Display: Loaded TargetPlatform 'LinuxAArch64Client'
[2020.01.22-20.10.42:629][  0]LogTargetPlatformManager: Display: Loaded TargetPlatform 'LinuxAArch64Server'
[2020.01.22-20.10.42:752][  0]LogTargetPlatformManager: Display: Loaded TargetPlatform 'Lumin'
[2020.01.22-20.10.42:752][  0]LogTargetPlatformManager: Display: Loaded TargetPlatform 'LuminClient'
[2020.01.22-20.10.42:951][  0]LogTargetPlatformManager: Display: Loaded TargetPlatform 'TVOSClient'
[2020.01.22-20.10.42:951][  0]LogTargetPlatformManager: Display: Loaded TargetPlatform 'TVOS'
[2020.01.22-20.10.43:016][  0]LogTargetPlatformManager: Display: Loaded TargetPlatform 'WindowsNoEditor'
[2020.01.22-20.10.43:069][  0]LogTargetPlatformManager: Display: Loaded TargetPlatform 'Windows'
[2020.01.22-20.10.43:251][  0]LogTargetPlatformManager: Display: Loaded TargetPlatform 'WindowsClient'
[2020.01.22-20.10.43:346][  0]LogTargetPlatformManager: Display: Loaded TargetPlatform 'WindowsServer'
[2020.01.22-20.10.43:346][  0]LogTargetPlatformManager: Display: Building Assets For Windows
[2020.01.22-20.10.43:999][  0]LogAudioDebug: Display: Lib vorbis DLL was dynamically loaded.
[2020.01.22-20.10.48:466][  0]LogShaderCompilers: Guid format shader working directory is -24 characters bigger than the processId version (../../../../../Unreal Engine Projects/miquelx2-practiques-ue/miquelx2_ue/Intermediate/Shaders/WorkingDirectory/2432/).
[2020.01.22-20.10.48:466][  0]LogShaderCompilers: Cleaned the shader compiler working directory 'C:/Users/Guspyro/AppData/Local/Temp/UnrealShaderWorkingDir/78DEE22E468059E24E895B8621FF2C5A/'.
[2020.01.22-20.10.48:466][  0]LogXGEController: Cannot use XGE Controller as Incredibuild is not installed on this machine.
[2020.01.22-20.10.48:466][  0]LogShaderCompilers: Cannot use XGE Shader Compiler as Incredibuild is not installed on this machine.
[2020.01.22-20.10.48:466][  0]LogShaderCompilers: Display: Using Local Shader Compiler.
[2020.01.22-20.10.51:233][  0]LogDerivedDataCache: Display: Max Cache Size: 512 MB
[2020.01.22-20.10.51:285][  0]LogDerivedDataCache: Loaded boot cache 0.05s 78MB C:/Users/Guspyro/AppData/Local/UnrealEngine/4.24/DerivedDataCache/Boot.ddc.
[2020.01.22-20.10.51:285][  0]LogDerivedDataCache: Display: Loaded Boot cache: C:/Users/Guspyro/AppData/Local/UnrealEngine/4.24/DerivedDataCache/Boot.ddc
[2020.01.22-20.10.51:285][  0]LogDerivedDataCache: FDerivedDataBackendGraph:  Pak pak cache file ../../../../../Unreal Engine Projects/miquelx2-practiques-ue/miquelx2_ue/DerivedDataCache/DDC.ddp not found, will not use a pak cache.
[2020.01.22-20.10.51:285][  0]LogDerivedDataCache: Unable to find inner node Pak for hierarchical cache Hierarchy.
[2020.01.22-20.10.51:285][  0]LogDerivedDataCache: FDerivedDataBackendGraph:  CompressedPak pak cache file ../../../../../Unreal Engine Projects/miquelx2-practiques-ue/miquelx2_ue/DerivedDataCache/Compressed.ddp not found, will not use a pak cache.
[2020.01.22-20.10.51:285][  0]LogDerivedDataCache: Unable to find inner node CompressedPak for hierarchical cache Hierarchy.
[2020.01.22-20.10.51:325][  0]LogDerivedDataCache: Display: Pak cache opened for reading ../../../Engine/DerivedDataCache/Compressed.ddp.
[2020.01.22-20.10.51:325][  0]LogDerivedDataCache: FDerivedDataBackendGraph:  EnterprisePak pak cache file ../../../Enterprise/DerivedDataCache/Compressed.ddp not found, will not use a pak cache.
[2020.01.22-20.10.51:325][  0]LogDerivedDataCache: Unable to find inner node EnterprisePak for hierarchical cache Hierarchy.
[2020.01.22-20.10.51:326][  0]LogDerivedDataCache: Using Local data cache path C:/Users/Guspyro/AppData/Local/UnrealEngine/Common/DerivedDataCache: Writable
[2020.01.22-20.10.51:326][  0]LogDerivedDataCache: Shared data cache path not found in *engine.ini, will not use an Shared cache.
[2020.01.22-20.10.51:326][  0]LogDerivedDataCache: Unable to find inner node Shared for hierarchical cache Hierarchy.
[2020.01.22-20.10.51:350][  0]LogMaterial: Verifying Global Shaders for PCD3D_SM5
[2020.01.22-20.10.51:352][  0]LogSlate: Using FreeType 2.10.0
[2020.01.22-20.10.51:362][  0]LogSlate: SlateFontServices - WITH_FREETYPE: 1, WITH_HARFBUZZ: 1
[2020.01.22-20.10.51:645][  0]LogAssetRegistry: FAssetRegistry took 0.0029 seconds to start up
[2020.01.22-20.10.52:079][  0]LogInit: Selected Device Profile: [Windows]
[2020.01.22-20.10.58:591][  0]LogMeshReduction: Using QuadricMeshReduction for automatic static mesh reduction
[2020.01.22-20.10.58:591][  0]LogMeshReduction: Using SimplygonMeshReduction for automatic skeletal mesh reduction
[2020.01.22-20.10.58:591][  0]LogMeshReduction: Using ProxyLODMeshReduction for automatic mesh merging
[2020.01.22-20.10.58:591][  0]LogMeshReduction: No distributed automatic mesh merging module available
[2020.01.22-20.10.58:591][  0]LogMeshMerging: No distributed automatic mesh merging module available
[2020.01.22-20.10.59:164][  0]LogNetVersion: miquelx2_ue 1.0.0, NetCL: 10570792, EngineNetVer: 13, GameNetVer: 0 (Checksum: 4246343925)
[2020.01.22-20.11.05:424][  0]LogPackageLocalizationCache: Processed 10 localized package path(s) for 1 prioritized culture(s) in 0.042748 seconds
[2020.01.22-20.11.05:430][  0]LogUObjectArray: 46750 objects as part of root set at end of initial load.
[2020.01.22-20.11.05:430][  0]LogUObjectAllocator: 8137160 out of 0 bytes used by permanent object pool.
[2020.01.22-20.11.05:430][  0]LogUObjectArray: CloseDisregardForGC: 0/0 objects in disregard for GC pool
[2020.01.22-20.11.05:777][  0]LogTcpMessaging: Initializing TcpMessaging bridge
[2020.01.22-20.11.05:779][  0]LogUdpMessaging: Initializing bridge on interface 0.0.0.0:0 to multicast group 230.0.0.1:6666.
[2020.01.22-20.11.05:817][  0]SourceControl: Source control is disabled
[2020.01.22-20.11.05:817][  0]SourceControl: Source control is disabled
[2020.01.22-20.11.05:818][  0]SourceControl: Source control is disabled
[2020.01.22-20.11.05:818][  0]SourceControl: Source control is disabled
[2020.01.22-20.11.05:819][  0]SourceControl: Source control is disabled
[2020.01.22-20.11.05:824][  0]LogVSAccessor: Display: Unable to create Visual Studio setup instance: 80040154
[2020.01.22-20.11.05:824][  0]LogVSAccessor: Display: Unable to create Visual Studio setup instance: 80040154
[2020.01.22-20.11.05:880][  0]LogAndroidPermission: UAndroidPermissionCallbackProxy::GetInstance
[2020.01.22-20.11.05:887][  0]LogAudioCaptureCore: Display: No Audio Capture implementations found. Audio input will be silent.
[2020.01.22-20.11.05:887][  0]LogAudioCaptureCore: Display: No Audio Capture implementations found. Audio input will be silent.
[2020.01.22-20.11.05:961][  0]LogOcInput: OculusInput pre-init called
[2020.01.22-20.11.05:966][  0]LogWindows: Failed to load 'OVRPlugin.dll' (GetLastError=126)
[2020.01.22-20.11.05:966][  0]LogWindows: File 'OVRPlugin.dll' does not exist
[2020.01.22-20.11.06:027][  0]LogEngine: Initializing Engine...
[2020.01.22-20.11.06:028][  0]LogHMD: Failed to initialize OpenVR with code 110
[2020.01.22-20.11.06:028][  0]LogStats: UGameplayTagsManager::InitializeManager -  0.000 s
[2020.01.22-20.11.06:346][  0]LogInit: Initializing FReadOnlyCVARCache
[2020.01.22-20.11.06:351][  0]LogAIModule: Creating AISystem for world Untitled
[2020.01.22-20.11.06:368][  0]LogAudioMixer: Display: Audio Mixer Platform Settings:
[2020.01.22-20.11.06:368][  0]LogAudioMixer: Display: 	Sample Rate:						  48000
[2020.01.22-20.11.06:368][  0]LogAudioMixer: Display: 	Callback Buffer Frame Size Requested: 1024
[2020.01.22-20.11.06:368][  0]LogAudioMixer: Display: 	Callback Buffer Frame Size To Use:	  1024
[2020.01.22-20.11.06:368][  0]LogAudioMixer: Display: 	Number of buffers to queue:			  2
[2020.01.22-20.11.06:368][  0]LogAudioMixer: Display: 	Max Channels (voices):				  32
[2020.01.22-20.11.06:368][  0]LogAudioMixer: Display: 	Number of Async Source Workers:		  0
[2020.01.22-20.11.06:368][  0]LogAudio: Display: AudioDevice MaxSources: 32
[2020.01.22-20.11.06:368][  0]LogAudio: Display: Using built-in audio occlusion.
[2020.01.22-20.11.06:368][  0]LogAudioMixer: Display: Initializing audio mixer.
[2020.01.22-20.11.06:387][  0]LogAudioMixer: Display: Audio Device Output Speaker Info:
[2020.01.22-20.11.06:387][  0]LogAudioMixer: Display: Name: VG248 (NVIDIA High Definition Audio)
[2020.01.22-20.11.06:387][  0]LogAudioMixer: Display: Is Default: Yes
[2020.01.22-20.11.06:387][  0]LogAudioMixer: Display: Sample Rate: 48000
[2020.01.22-20.11.06:387][  0]LogAudioMixer: Display: Channel Count Used: 2
[2020.01.22-20.11.06:387][  0]LogAudioMixer: Display: Device Channel Count: 2
[2020.01.22-20.11.06:387][  0]LogAudioMixer: Display: Channel Order:
[2020.01.22-20.11.06:387][  0]LogAudioMixer: Display: 0: FrontLeft
[2020.01.22-20.11.06:387][  0]LogAudioMixer: Display: 1: FrontRight
[2020.01.22-20.11.06:401][  0]LogAudioMixer: Display: Using Audio Device VG248 (NVIDIA High Definition Audio)
[2020.01.22-20.11.06:406][  0]LogInit: FAudioDevice initialized.
[2020.01.22-20.11.06:406][  0]LogNetVersion: Set ProjectVersion to 1.0.0.0. Version Checksum will be recalculated on next use.
[2020.01.22-20.11.06:476][  0]LogDerivedDataCache: Saved boot cache 0.07s 78MB C:/Users/Guspyro/AppData/Local/UnrealEngine/4.24/DerivedDataCache/Boot.ddc.
[2020.01.22-20.11.06:481][  0]LogInit: Texture streaming: Enabled
[2020.01.22-20.11.06:490][  0]LogEngineSessionManager: EngineSessionManager initialized
[2020.01.22-20.11.06:490][  0]LogEditorSessionSummary: Verbose: Initializing EditorSessionSummaryWriter for editor session tracking
[2020.01.22-20.11.06:492][  0]LogEditorSessionSummary: EditorSessionSummaryWriter initialized
[2020.01.22-20.11.06:571][  0]LogInit: Transaction tracking system initialized
[2020.01.22-20.11.06:578][  0]BlueprintLog: New page: Editor Load
[2020.01.22-20.11.06:598][  0]LocalizationService: Localization service is disabled
[2020.01.22-20.11.06:636][  0]LogVSAccessor: Display: Unable to create Visual Studio setup instance: 80040154
[2020.01.22-20.11.06:636][  0]LogVSAccessor: Display: Unable to create Visual Studio setup instance: 80040154
[2020.01.22-20.11.07:460][  0]LogFileCache: Scanning file cache for directory 'B:/Unreal Engine Projects/miquelx2-practiques-ue/miquelx2_ue/Content/' took 0.02s
[2020.01.22-20.11.07:460][  0]LogCook: Display: Max memory allowance for cook 16384mb min free memory 0mb
[2020.01.22-20.11.07:460][  0]LogCook: Display: Mobile HDR setting 1
[2020.01.22-20.11.07:996][  0]SourceControl: Source control is disabled
[2020.01.22-20.11.07:996][  0]Cmd: MAP LOAD FILE="../../../../../Unreal Engine Projects/miquelx2-practiques-ue/miquelx2_ue/Content/ThirdPersonBP/Maps/ThirdPersonExampleMap.umap" TEMPLATE=0 SHOWPROGRESS=1 FEATURELEVEL=3
[2020.01.22-20.11.08:001][  0]LightingResults: New page: Lighting Build
[2020.01.22-20.11.08:001][  0]LogWorld: UWorld::CleanupWorld for Untitled, bSessionEnded=true, bCleanupResources=true
[2020.01.22-20.11.08:002][  0]LogSlate: InvalidateAllWidgets triggered.  All widgets were invalidated
[2020.01.22-20.11.08:002][  0]MapCheck: New page: Map Check
[2020.01.22-20.11.08:002][  0]LightingResults: New page: Lighting Build
[2020.01.22-20.11.08:027][  0]LogUObjectHash: Compacting FUObjectHashTables data took   1.66ms
[2020.01.22-20.11.30:139][  0]LogAIModule: Creating AISystem for world ThirdPersonExampleMap
[2020.01.22-20.11.31:951][  0]LogEditorServer: Finished looking for orphan Actors (0.000 secs)
[2020.01.22-20.11.32:911][  0]LogUObjectHash: Compacting FUObjectHashTables data took   2.21ms
[2020.01.22-20.11.32:912][  0]Cmd: MAP CHECKDEP NOCLEARLOG
[2020.01.22-20.11.32:913][  0]MapCheck: Map check complete: 0 Error(s), 0 Warning(s), took 0,109ms to complete.
[2020.01.22-20.11.32:913][  0]LogFileHelpers: Loading map 'ThirdPersonExampleMap' took 24.916
[2020.01.22-20.11.40:322][  0]LogSlate: Updating window title bar state: overlay mode, drag disabled, window buttons hidden, title bar hidden
[2020.01.22-20.11.40:479][  0]LogSlate: Updating window title bar state: overlay mode, drag disabled, window buttons hidden, title bar hidden
[2020.01.22-20.11.40:486][  0]LogSlate: Updating window title bar state: overlay mode, drag disabled, window buttons hidden, title bar hidden
[2020.01.22-20.11.40:492][  0]LogSlate: Updating window title bar state: overlay mode, drag disabled, window buttons hidden, title bar hidden
[2020.01.22-20.11.40:986][  0]LogCollectionManager: Loaded 0 collections in 0.001890 seconds
[2020.01.22-20.11.42:552][  0]LogFileCache: Scanning file cache for directory 'B:/Unreal Engine Projects/miquelx2-practiques-ue/miquelx2_ue/Saved/Collections/' took 0.00s
[2020.01.22-20.11.42:552][  0]LogFileCache: Scanning file cache for directory 'B:/Unreal Engine Projects/miquelx2-practiques-ue/miquelx2_ue/Content/Developers/Guspyro/Collections/' took 0.00s
[2020.01.22-20.11.42:552][  0]LogFileCache: Scanning file cache for directory 'B:/Unreal Engine Projects/miquelx2-practiques-ue/miquelx2_ue/Content/Collections/' took 0.00s
[2020.01.22-20.11.42:552][  0]LogContentBrowser: Native class hierarchy populated in 0.0076 seconds. Added 3015 classes and 717 folders.
[2020.01.22-20.11.44:363][  0]LogContentBrowser: Native class hierarchy updated for 'WidgetCarousel' in 0.0003 seconds. Added 0 classes and 0 folders.
[2020.01.22-20.11.54:575][  0]LogContentBrowser: Native class hierarchy updated for 'AddContentDialog' in 0.0002 seconds. Added 0 classes and 0 folders.
[2020.01.22-20.11.55:450][  0]LogContentBrowser: Native class hierarchy updated for 'SceneOutliner' in 0.0002 seconds. Added 2 classes and 3 folders.
[2020.01.22-20.12.06:197][  0]LogSlate: Took 0.000310 seconds to synchronously load lazily loaded font '../../../Engine/Content/Slate/Fonts/Roboto-Regular.ttf' (155K)
[2020.01.22-20.12.06:348][  0]LogSlate: Took 0.000142 seconds to synchronously load lazily loaded font '../../../Engine/Content/Slate/Fonts/Roboto-Bold.ttf' (160K)
[2020.01.22-20.12.07:639][  0]LogSlate: Took 0.032572 seconds to synchronously load lazily loaded font '../../../Engine/Content/Editor/Slate/Fonts/FontAwesome.ttf' (139K)
[2020.01.22-20.12.12:403][  0]LogRenderer: Reallocating scene render targets to support 1208x672 Format 10 NumSamples 1 (Frame:1).
[2020.01.22-20.12.18:323][  0]LogContentBrowser: Native class hierarchy updated for 'HierarchicalLODOutliner' in 0.0002 seconds. Added 0 classes and 0 folders.
[2020.01.22-20.12.18:323][  0]LogLoad: (Engine Initialization) Total time: 117.90 seconds
[2020.01.22-20.12.18:323][  0]LogLoad: (Engine Initialization) Total Blueprint compile time: 0.00 seconds
[2020.01.22-20.12.19:389][  0]LogContentStreaming: Texture pool size now 1000 MB
[2020.01.22-20.12.20:995][  0]LogSlate: Took 0.075701 seconds to synchronously load lazily loaded font '../../../Engine/Content/Slate/Fonts/Roboto-Light.ttf' (167K)
[2020.01.22-20.12.24:976][ 11]LogAssetRegistry: Asset discovery search completed in 93.3322 seconds
[2020.01.22-20.12.24:979][ 11]LogCollectionManager: Fixed up redirectors for 0 collections in 0.000006 seconds (updated 0 objects)
[2020.01.22-20.14.12:967][697]LogEditorViewport: Clicking on Actor (LMB): ConfusionTrigger_C (ConfusionTrigger)
[2020.01.22-20.14.17:256][872]LogSlate: Took 0.000136 seconds to synchronously load lazily loaded font '../../../Engine/Content/Slate/Fonts/Roboto-Light.ttf' (167K)
[2020.01.22-20.14.17:272][872]LogAssetEditorSubsystem: Opening Asset editor for Blueprint /Game/Blueprints/MyCharacter.MyCharacter
[2020.01.22-20.14.19:548][872]LogContentBrowser: Native class hierarchy updated for 'BlueprintGraph' in 0.0005 seconds. Added 121 classes and 0 folders.
[2020.01.22-20.14.25:470][872]LogSlate: Took 0.000108 seconds to synchronously load lazily loaded font '../../../Engine/Content/Slate/Fonts/Roboto-BoldCondensed.ttf' (158K)
[2020.01.22-20.14.44:709][332]LogSlate: Window 'MyCharacter' being destroyed
[2020.01.22-20.14.47:957][633]LogSlate: Took 0.020679 seconds to synchronously load lazily loaded font '../../../Engine/Content/Slate/Fonts/Roboto-Italic.ttf' (157K)
[2020.01.22-20.14.54:374][294]LogAssetEditorSubsystem: Opening Asset editor for Blueprint /Game/Blueprints/MyCharacter2.MyCharacter
[2020.01.22-20.15.03:669][ 52]LogWorld: UWorld::CleanupWorld for World_5, bSessionEnded=true, bCleanupResources=true
[2020.01.22-20.15.03:669][ 52]LogSlate: InvalidateAllWidgets triggered.  All widgets were invalidated
[2020.01.22-20.15.11:109][604]LogAssetEditorSubsystem: Opening Asset editor for Blueprint /Game/Blueprints/MyCharacter2.MyCharacter
[2020.01.22-20.15.19:112][373]LogBlueprint: Warning: [Compiler ] Pasted node  CustomEvent   conflicted with  Event BeginPlay  and was replaced as a Custom Event!
[2020.01.22-20.15.36:683][157]BlueprintLog: New page: Compile MyCharacter
[2020.01.22-20.15.36:798][157]LogBlueprint: Warning: [Compiler MyCharacter] Could not find a variable named "confused" in 'MyCharacter_C'.
Make sure 'MyCharacter_C' has been compiled for  Get confused
[2020.01.22-20.15.36:798][157]LogBlueprint: Warning: [Compiler MyCharacter] Could not find a variable named "confused" in 'MyCharacter_C'.
Make sure 'MyCharacter_C' has been compiled for  Get confused
[2020.01.22-20.15.36:798][157]LogBlueprint: Warning: [Compiler MyCharacter] Could not find a variable named "confused" in 'MyCharacter_C'.
Make sure 'MyCharacter_C' has been compiled for  Get confused
[2020.01.22-20.15.36:798][157]LogBlueprint: Warning: [Compiler MyCharacter] Could not find a variable named "confusionDuration" in 'MyCharacter_C'.
Make sure 'MyCharacter_C' has been compiled for  Get confusionDuration
[2020.01.22-20.15.36:798][157]LogBlueprint: Warning: [Compiler MyCharacter] Could not find a variable named "confused" in 'MyCharacter_C'.
Make sure 'MyCharacter_C' has been compiled for  Set confused
[2020.01.22-20.15.36:798][157]LogBlueprint: Warning: [Compiler MyCharacter] Could not find a variable named "confused" in 'MyCharacter_C'.
Make sure 'MyCharacter_C' has been compiled for  Set confused
[2020.01.22-20.15.36:801][157]LogBlueprint: Error: [Compiler MyCharacter] The property associated with  Confused  could not be found in '/Game/Blueprints/MyCharacter.MyCharacter_C'
[2020.01.22-20.15.36:802][157]LogBlueprint: Error: [Compiler MyCharacter] The property associated with  Confused  could not be found in '/Game/Blueprints/MyCharacter.MyCharacter_C'
[2020.01.22-20.15.36:802][157]LogBlueprint: Error: [Compiler MyCharacter] The property associated with  Confused  could not be found in '/Game/Blueprints/MyCharacter.MyCharacter_C'
[2020.01.22-20.15.36:802][157]LogBlueprint: Error: [Compiler MyCharacter] The property associated with  Confusion Duration  could not be found in '/Game/Blueprints/MyCharacter.MyCharacter_C'
[2020.01.22-20.15.36:802][157]LogBlueprint: Error: [Compiler MyCharacter] The property associated with  Confused  could not be found in '/Game/Blueprints/MyCharacter.MyCharacter_C'
[2020.01.22-20.15.36:802][157]LogBlueprint: Error: [Compiler MyCharacter] The property associated with  Confused  could not be found in '/Game/Blueprints/MyCharacter.MyCharacter_C'
[2020.01.22-20.15.38:769][157]LogUObjectHash: Compacting FUObjectHashTables data took   3.93ms
[2020.01.22-20.15.54:719][843]LogSlate: Took 0.040747 seconds to synchronously load lazily loaded font '../../../Engine/Content/Slate/Fonts/Roboto-BoldCondensedItalic.ttf' (160K)
[2020.01.22-20.15.57:393][989]LogSlate: Window 'Change Variable Type' being destroyed
[2020.01.22-20.15.58:193][  5]BlueprintLog: New page: Compile MyCharacter
[2020.01.22-20.15.58:598][  5]LogUObjectHash: Compacting FUObjectHashTables data took   3.74ms
[2020.01.22-20.16.00:610][223]LogSlate: Window 'Find in Blueprints' being destroyed
[2020.01.22-20.16.00:613][223]LogSlate: Window 'Find in Blueprints' being destroyed
[2020.01.22-20.16.03:610][550]BlueprintLog: New page: Compile MyCharacter
[2020.01.22-20.16.03:837][550]LogUObjectHash: Compacting FUObjectHashTables data took   3.70ms
[2020.01.22-20.16.09:610][ 94]LogAssetEditorSubsystem: Opening Asset editor for Blueprint /Game/Blueprints/ConfusionTrigger.ConfusionTrigger
[2020.01.22-20.16.17:175][874]BlueprintLog: New page: Compile ConfusionTrigger
[2020.01.22-20.16.17:436][874]LogUObjectHash: Compacting FUObjectHashTables data took   3.75ms
[2020.01.22-20.16.19:242][ 87]LogWorld: UWorld::CleanupWorld for World_6, bSessionEnded=true, bCleanupResources=true
[2020.01.22-20.16.19:242][ 87]LogSlate: InvalidateAllWidgets triggered.  All widgets were invalidated
[2020.01.22-20.16.23:320][481]LogUObjectHash: Compacting FUObjectHashTables data took   3.23ms
[2020.01.22-20.16.25:782][481]LogSlate: Window 'Delete Assets' being destroyed
[2020.01.22-20.16.31:199][481]LogUObjectGlobals: Force Deleting 1 Package(s):
	Asset Name: /Game/Blueprints/MyCharacter2.MyCharacter
[2020.01.22-20.16.46:868][481]LogUObjectHash: Compacting FUObjectHashTables data took   2.04ms
[2020.01.22-20.16.46:903][481]LogUObjectHash: Compacting FUObjectHashTables data took   2.52ms
[2020.01.22-20.16.46:929][481]LogUObjectHash: Compacting FUObjectHashTables data took   0.75ms
[2020.01.22-20.17.07:510][188]LogTemp: Repeating last play command: New Editor Window (PIE)
[2020.01.22-20.17.07:639][188]LogBlueprintUserMessages: Early PlayInEditor Detection: Level '/Game/ThirdPersonBP/Maps/ThirdPersonExampleMap.ThirdPersonExampleMap:PersistentLevel' has LevelScriptBlueprint '/Game/ThirdPersonBP/Maps/ThirdPersonExampleMap.ThirdPersonExampleMap:PersistentLevel.ThirdPersonExampleMap' with GeneratedClass '/Game/ThirdPersonBP/Maps/ThirdPersonExampleMap.ThirdPersonExampleMap_C' with ClassGeneratedBy '/Game/ThirdPersonBP/Maps/ThirdPersonExampleMap.ThirdPersonExampleMap:PersistentLevel.ThirdPersonExampleMap'
[2020.01.22-20.17.08:182][188]LogPlayLevel: PlayLevel: No blueprints needed recompiling
[2020.01.22-20.17.08:484][188]PIE: New page: PIE session: ThirdPersonExampleMap (22 ene. 2020 22:17:08)
[2020.01.22-20.17.08:689][188]LogOnline: OSS: Creating online subsystem instance for: NULL
[2020.01.22-20.17.08:690][188]LogOnline: OSS: TryLoadSubsystemAndSetDefault: Loaded subsystem for module [NULL]
[2020.01.22-20.17.08:729][188]LogPlayLevel: Creating play world package: /Game/ThirdPersonBP/Maps/UEDPIE_0_ThirdPersonExampleMap
[2020.01.22-20.17.08:879][188]LogPlayLevel: PIE: StaticDuplicateObject took: (0.149909s)
[2020.01.22-20.17.08:969][188]LogAIModule: Creating AISystem for world ThirdPersonExampleMap
[2020.01.22-20.17.09:002][188]LogPlayLevel: PIE: World Init took: (0.123586s)
[2020.01.22-20.17.09:037][188]LogPlayLevel: PIE: Created PIE world by copying editor world from /Game/ThirdPersonBP/Maps/ThirdPersonExampleMap.ThirdPersonExampleMap to /Game/ThirdPersonBP/Maps/UEDPIE_0_ThirdPersonExampleMap.ThirdPersonExampleMap (0.308693s)
[2020.01.22-20.17.09:070][188]LogUObjectHash: Compacting FUObjectHashTables data took   2.41ms
[2020.01.22-20.17.09:118][188]LogAudioMixer: Display: Audio Mixer Platform Settings:
[2020.01.22-20.17.09:118][188]LogAudioMixer: Display: 	Sample Rate:						  48000
[2020.01.22-20.17.09:118][188]LogAudioMixer: Display: 	Callback Buffer Frame Size Requested: 1024
[2020.01.22-20.17.09:118][188]LogAudioMixer: Display: 	Callback Buffer Frame Size To Use:	  1024
[2020.01.22-20.17.09:118][188]LogAudioMixer: Display: 	Number of buffers to queue:			  2
[2020.01.22-20.17.09:118][188]LogAudioMixer: Display: 	Max Channels (voices):				  32
[2020.01.22-20.17.09:118][188]LogAudioMixer: Display: 	Number of Async Source Workers:		  0
[2020.01.22-20.17.09:118][188]LogAudio: Display: AudioDevice MaxSources: 32
[2020.01.22-20.17.09:118][188]LogAudio: Display: Using built-in audio occlusion.
[2020.01.22-20.17.09:118][188]LogAudioMixer: Display: Initializing audio mixer.
[2020.01.22-20.17.09:129][188]LogAudioMixer: Display: Audio Device Output Speaker Info:
[2020.01.22-20.17.09:129][188]LogAudioMixer: Display: Name: VG248 (NVIDIA High Definition Audio)
[2020.01.22-20.17.09:129][188]LogAudioMixer: Display: Is Default: Yes
[2020.01.22-20.17.09:129][188]LogAudioMixer: Display: Sample Rate: 48000
[2020.01.22-20.17.09:129][188]LogAudioMixer: Display: Channel Count Used: 2
[2020.01.22-20.17.09:129][188]LogAudioMixer: Display: Device Channel Count: 2
[2020.01.22-20.17.09:129][188]LogAudioMixer: Display: Channel Order:
[2020.01.22-20.17.09:129][188]LogAudioMixer: Display: 0: FrontLeft
[2020.01.22-20.17.09:129][188]LogAudioMixer: Display: 1: FrontRight
[2020.01.22-20.17.09:133][188]LogAudioMixer: Display: Using Audio Device VG248 (NVIDIA High Definition Audio)
[2020.01.22-20.17.09:156][188]LogInit: FAudioDevice initialized.
[2020.01.22-20.17.09:303][188]LogSlate: Updating window title bar state: overlay mode, drag disabled, window buttons hidden, title bar hidden
[2020.01.22-20.17.09:702][188]LogLoad: Game class is 'ThirdPersonGameMode_C'
[2020.01.22-20.17.10:149][188]LogWorld: Bringing World /Game/ThirdPersonBP/Maps/UEDPIE_0_ThirdPersonExampleMap.ThirdPersonExampleMap up for play (max tick rate 0) at 2020.01.22-21.17.10
[2020.01.22-20.17.10:234][188]LogWorld: Bringing up level for play took: 0.086046
[2020.01.22-20.17.10:332][188]LogOnline: OSS: Creating online subsystem instance for: :Context_9
[2020.01.22-20.17.11:478][188]LogContentBrowser: Native class hierarchy updated for 'MovieSceneCapture' in 0.0003 seconds. Added 20 classes and 0 folders.
[2020.01.22-20.17.12:617][188]PIE: Play in editor start time for /Game/ThirdPersonBP/Maps/UEDPIE_0_ThirdPersonExampleMap 4,324
[2020.01.22-20.17.12:617][188]LogBlueprintUserMessages: Late PlayInEditor Detection: Level '/Game/ThirdPersonBP/Maps/ThirdPersonExampleMap.ThirdPersonExampleMap:PersistentLevel' has LevelScriptBlueprint '/Game/ThirdPersonBP/Maps/ThirdPersonExampleMap.ThirdPersonExampleMap:PersistentLevel.ThirdPersonExampleMap' with GeneratedClass '/Game/ThirdPersonBP/Maps/ThirdPersonExampleMap.ThirdPersonExampleMap_C' with ClassGeneratedBy '/Game/ThirdPersonBP/Maps/ThirdPersonExampleMap.ThirdPersonExampleMap:PersistentLevel.ThirdPersonExampleMap'
[2020.01.22-20.17.13:652][189]LogRenderer: Reallocating scene render targets to support 1280x720 Format 10 NumSamples 1 (Frame:1).
[2020.01.22-20.18.35:631][966]LogAudioMixer: Display: No commands were queued while flushing the source manager.
[2020.01.22-20.18.35:631][966]LogAudioMixer: Display: No commands were queued while flushing the source manager.
[2020.01.22-20.18.35:682][966]LogBlueprintUserMessages: Early EndPlayMap Detection: Level '/Game/ThirdPersonBP/Maps/ThirdPersonExampleMap.ThirdPersonExampleMap:PersistentLevel' has LevelScriptBlueprint '/Game/ThirdPersonBP/Maps/ThirdPersonExampleMap.ThirdPersonExampleMap:PersistentLevel.ThirdPersonExampleMap' with GeneratedClass '/Game/ThirdPersonBP/Maps/ThirdPersonExampleMap.ThirdPersonExampleMap_C' with ClassGeneratedBy '/Game/ThirdPersonBP/Maps/ThirdPersonExampleMap.ThirdPersonExampleMap:PersistentLevel.ThirdPersonExampleMap'
[2020.01.22-20.18.35:931][966]LogSlate: Updating window title bar state: overlay mode, drag disabled, window buttons hidden, title bar hidden
[2020.01.22-20.18.35:931][966]LogWorld: BeginTearingDown for /Game/ThirdPersonBP/Maps/UEDPIE_0_ThirdPersonExampleMap
[2020.01.22-20.18.36:009][966]LogSlate: Window 'miquelx2_ue Game Preview Standalone (64-bit/PCD3D_SM5)' being destroyed
[2020.01.22-20.18.36:014][966]LogAudioMixer: Display: No commands were queued while flushing the source manager.
[2020.01.22-20.18.36:055][966]LogWorld: UWorld::CleanupWorld for ThirdPersonExampleMap, bSessionEnded=true, bCleanupResources=true
[2020.01.22-20.18.36:055][966]LogSlate: InvalidateAllWidgets triggered.  All widgets were invalidated
[2020.01.22-20.18.36:093][966]LogPlayLevel: Display: Shutting down PIE online subsystems
[2020.01.22-20.18.36:094][966]LogBlueprintUserMessages: Late EndPlayMap Detection: Level '/Game/ThirdPersonBP/Maps/ThirdPersonExampleMap.ThirdPersonExampleMap:PersistentLevel' has LevelScriptBlueprint '/Game/ThirdPersonBP/Maps/ThirdPersonExampleMap.ThirdPersonExampleMap:PersistentLevel.ThirdPersonExampleMap' with GeneratedClass '/Game/ThirdPersonBP/Maps/ThirdPersonExampleMap.ThirdPersonExampleMap_C' with ClassGeneratedBy '/Game/ThirdPersonBP/Maps/ThirdPersonExampleMap.ThirdPersonExampleMap:PersistentLevel.ThirdPersonExampleMap'
[2020.01.22-20.18.36:168][966]LogSlate: InvalidateAllWidgets triggered.  All widgets were invalidated
[2020.01.22-20.18.36:254][966]LogAudioMixer: Display: No commands were queued while flushing the source manager.
[2020.01.22-20.18.38:894][966]LogUObjectHash: Compacting FUObjectHashTables data took   5.22ms
[2020.01.22-20.18.38:988][967]LogPlayLevel: Display: Destroying online subsystem :Context_9
[2020.01.22-20.18.40:847][180]LogUObjectHash: Compacting FUObjectHashTables data took   0.86ms
[2020.01.22-20.18.41:280][180]LogUObjectHash: Compacting FUObjectHashTables data took   0.86ms
[2020.01.22-20.18.41:943][180]LogSavePackage: Moving '../../../../../Unreal Engine Projects/miquelx2-practiques-ue/miquelx2_ue/Saved/ThirdPersonExampleMapDBCE17E5451D999B3454E5A98CAC8F73.tmp' to '../../../../../Unreal Engine Projects/miquelx2-practiques-ue/miquelx2_ue/Content/ThirdPersonBP/Maps/ThirdPersonExampleMap.umap'
[2020.01.22-20.18.42:013][180]LogFileHelpers: Saving map 'ThirdPersonExampleMap' took 1.006
[2020.01.22-20.18.42:181][180]Cmd: OBJ SAVEPACKAGE PACKAGE="/Game/Blueprints/MyCharacter" FILE="../../../../../Unreal Engine Projects/miquelx2-practiques-ue/miquelx2_ue/Content/Blueprints/MyCharacter.uasset" SILENT=true
[2020.01.22-20.18.42:449][180]LogSavePackage: Moving '../../../../../Unreal Engine Projects/miquelx2-practiques-ue/miquelx2_ue/Saved/MyCharacter559A25054851A8F7361B61968FBDEAB4.tmp' to '../../../../../Unreal Engine Projects/miquelx2-practiques-ue/miquelx2_ue/Content/Blueprints/MyCharacter.uasset'
[2020.01.22-20.18.42:450][180]Cmd: OBJ SAVEPACKAGE PACKAGE="/Game/Blueprints/ConfusionTrigger" FILE="../../../../../Unreal Engine Projects/miquelx2-practiques-ue/miquelx2_ue/Content/Blueprints/ConfusionTrigger.uasset" SILENT=true
[2020.01.22-20.18.42:509][180]LogSavePackage: Moving '../../../../../Unreal Engine Projects/miquelx2-practiques-ue/miquelx2_ue/Saved/ConfusionTrigger32D4783E4E09070E66A319B3B0E3DD46.tmp' to '../../../../../Unreal Engine Projects/miquelx2-practiques-ue/miquelx2_ue/Content/Blueprints/ConfusionTrigger.uasset'
[2020.01.22-20.18.42:528][180]AssetCheck: New page: Asset Save: multiple assets
[2020.01.22-20.18.42:528][180]LogContentValidation: Display: Validating World /Game/ThirdPersonBP/Maps/ThirdPersonExampleMap.ThirdPersonExampleMap
[2020.01.22-20.18.42:528][180]LogContentValidation: Display: Validating Blueprint /Game/Blueprints/MyCharacter.MyCharacter
[2020.01.22-20.18.42:528][180]LogContentValidation: Display: Validating Blueprint /Game/Blueprints/ConfusionTrigger.ConfusionTrigger
[2020.01.22-20.19.12:988][755]MapCheck: New page: Map Check
[2020.01.22-20.19.13:274][755]LightingResults: New page: Lighting Build - 22 ene. 2020 22:19:13
[2020.01.22-20.19.13:692][755]LogSwarmInterface: [OpenConnection] Registering TCP channel ...
[2020.01.22-20.19.14:011][755]LogSwarmInterface: [OpenConnection] Connecting to agent ...
[2020.01.22-20.19.14:028][755]LogSwarmInterface: [TryOpenConnection] Testing the Agent
[2020.01.22-20.19.14:547][755]LogSwarmInterface: [TryOpenConnection] Opening Connection to Agent
[2020.01.22-20.19.14:547][755]LogSwarmInterface: [TryOpenConnection] Local Process ID is 2432
[2020.01.22-20.19.19:779][755]LogStaticLightingSystem: Running Lightmass w/ ImmediateImport mode ENABLED
[2020.01.22-20.19.19:779][755]LogStaticLightingSystem: Running Lightmass w/ ImmediateProcess mode ENABLED
[2020.01.22-20.19.19:779][755]LogStaticLightingSystem: Running Lightmass w/ Sorting mode ENABLED
[2020.01.22-20.19.19:780][755]LogStaticLightingSystem: Running Lightmass w/ Mapping paddings ENABLED
[2020.01.22-20.19.19:780][755]LogStaticLightingSystem: Running Lightmass w/ Mapping debug paddings DISABLED
[2020.01.22-20.19.20:164][755]LogEditorBuildUtils: Build time 0:07
[2020.01.22-20.19.20:921][760]LogUObjectHash: Compacting FUObjectHashTables data took   3.81ms
[2020.01.22-20.19.25:170][772]Job is a success!
[2020.01.22-20.19.25:829][773]LogVolumetricLightmapImport: Imported Volumetric Lightmap in 0.162s
[2020.01.22-20.19.25:829][773]LogVolumetricLightmapImport:      Indirection Texture 16x16x16 = 0.0Mb
[2020.01.22-20.19.25:829][773]LogVolumetricLightmapImport:      BrickData (all levels) 0.2Mb (trimmed 0.0Mb due to 0.010000 MinBrickError)
[2020.01.22-20.19.25:829][773]LogVolumetricLightmapImport:      Bricks at depth
[2020.01.22-20.19.25:829][773]LogVolumetricLightmapImport:          0: 2.2% covering 100.0% of volume
[2020.01.22-20.19.25:829][773]LogVolumetricLightmapImport:          1: 8.9% covering 6.3% of volume
[2020.01.22-20.19.25:829][773]LogVolumetricLightmapImport:          2: 88.9% covering 1.0% of volume
[2020.01.22-20.19.25:829][773]LogVolumetricLightmapImport:      Bricks in each level
[2020.01.22-20.19.25:829][773]LogVolumetricLightmapImport:          ThirdPersonExampleMap 			 45 bricks 	 100.0% (Persistent Level)
[2020.01.22-20.19.26:822][773]LogTexture: Display: Building textures: LQ_Lightmap_0_2 (DXT1, 512X512)
[2020.01.22-20.19.26:822][773]LogTexture: Display: Building textures: HQ_Lightmap0_1 (AutoDXT, 1024X1024)
[2020.01.22-20.19.26:822][773]LogTexture: Display: Building textures: SkyOcclusion0_1 (AutoDXT, 1024X512)
[2020.01.22-20.19.26:822][773]LogTexture: Display: Building textures: LQ_Lightmap_0_1 (DXT1, 1024X1024)
[2020.01.22-20.19.26:822][773]LogTexture: Display: Building textures: SkyOcclusion0_2 (AutoDXT, 512X256)
[2020.01.22-20.19.26:823][773]LogTexture: Display: Building textures: HQ_Lightmap0_2 (AutoDXT, 512X512)
[2020.01.22-20.19.26:823][773]LogTexture: Display: Building textures: SkyOcclusion0_3 (AutoDXT, 64X32)
[2020.01.22-20.19.26:823][773]LogTexture: Display: Building textures: HQ_Lightmap0_3 (AutoDXT, 64X64)
[2020.01.22-20.19.26:823][773]LogTexture: Display: Building textures: LQ_Lightmap_0_3 (DXT1, 64X64)
[2020.01.22-20.19.27:023][773]LogTexture: Display: Building textures: ShadowMapTexture2D_1 (G8, 32X32)
[2020.01.22-20.19.27:219][773]LogTexture: Display: Building textures: ShadowMapTexture2D_0 (G8, 1024X1024)
[2020.01.22-20.19.27:219][773]Lightmass on GUSPYRO-PC: 5.54 sec total, 188 ms importing, 30 ms setup, 706 ms photons, 4.57 sec processing, 0 ms extra exporting [12/12 mappings]. Threads: 32.0 sec total, 6.10 sec processing.
[2020.01.22-20.19.27:219][773]LogStaticLightingSystem: ThirdPersonExampleMap_BuiltData storing lightmap data for 12 meshes in 3 LightmapResourceClusters (4.0 Meshes per cluster).
[2020.01.22-20.19.27:269][773]LogUObjectHash: Compacting FUObjectHashTables data took   1.06ms
[2020.01.22-20.19.27:307][773]LogStaticLightingSystem: Illumination: 13.7 sec (747 ms encoding lightmaps, 305 ms encoding shadowmaps)
[2020.01.22-20.19.27:353][773]LogStaticLightingSystem: Lightmap texture memory:  3.3 MB (3.3 MB streaming, 0.0 MB non-streaming), 6 textures
[2020.01.22-20.19.27:353][773]LogStaticLightingSystem: Shadowmap texture memory: 1.3 MB (1.3 MB streaming, 0.0 MB non-streaming), 2 textures
[2020.01.22-20.19.27:710][773]DumpUnbuiltLightIteractions
[2020.01.22-20.19.27:710][773]Lights with unbuilt interactions: 0
[2020.01.22-20.19.27:710][773]
[2020.01.22-20.19.27:710][773]Primitives with unbuilt interactions: 0
[2020.01.22-20.19.27:883][774]Cmd: MAP CHECK NOTIFYRESULTS
[2020.01.22-20.19.27:883][774]MapCheck: New page: ThirdPersonExampleMap - 22 ene. 2020 22:19:27
[2020.01.22-20.19.28:140][774]MapCheck: Map check complete: 0 Error(s), 0 Warning(s), took 256,121ms to complete.
[2020.01.22-20.23.08:559][841]LogTemp: Repeating last play command: New Editor Window (PIE)
[2020.01.22-20.23.10:396][841]LogBlueprintUserMessages: Early PlayInEditor Detection: Level '/Game/ThirdPersonBP/Maps/ThirdPersonExampleMap.ThirdPersonExampleMap:PersistentLevel' has LevelScriptBlueprint '/Game/ThirdPersonBP/Maps/ThirdPersonExampleMap.ThirdPersonExampleMap:PersistentLevel.ThirdPersonExampleMap' with GeneratedClass '/Game/ThirdPersonBP/Maps/ThirdPersonExampleMap.ThirdPersonExampleMap_C' with ClassGeneratedBy '/Game/ThirdPersonBP/Maps/ThirdPersonExampleMap.ThirdPersonExampleMap:PersistentLevel.ThirdPersonExampleMap'
[2020.01.22-20.23.10:396][841]LogPlayLevel: PlayLevel: No blueprints needed recompiling
[2020.01.22-20.23.10:396][841]PIE: New page: PIE session: ThirdPersonExampleMap (22 ene. 2020 22:23:10)
[2020.01.22-20.23.10:396][841]LogPlayLevel: Creating play world package: /Game/ThirdPersonBP/Maps/UEDPIE_0_ThirdPersonExampleMap
[2020.01.22-20.23.10:412][841]LogPlayLevel: PIE: StaticDuplicateObject took: (0.015586s)
[2020.01.22-20.23.10:415][841]LogAIModule: Creating AISystem for world ThirdPersonExampleMap
[2020.01.22-20.23.10:415][841]LogPlayLevel: PIE: World Init took: (0.003019s)
[2020.01.22-20.23.10:415][841]LogPlayLevel: PIE: Created PIE world by copying editor world from /Game/ThirdPersonBP/Maps/ThirdPersonExampleMap.ThirdPersonExampleMap to /Game/ThirdPersonBP/Maps/UEDPIE_0_ThirdPersonExampleMap.ThirdPersonExampleMap (0.019014s)
[2020.01.22-20.23.10:477][841]LogUObjectHash: Compacting FUObjectHashTables data took   4.65ms
[2020.01.22-20.23.10:481][841]LogAudioMixer: Display: Audio Mixer Platform Settings:
[2020.01.22-20.23.10:481][841]LogAudioMixer: Display: 	Sample Rate:						  48000
[2020.01.22-20.23.10:481][841]LogAudioMixer: Display: 	Callback Buffer Frame Size Requested: 1024
[2020.01.22-20.23.10:481][841]LogAudioMixer: Display: 	Callback Buffer Frame Size To Use:	  1024
[2020.01.22-20.23.10:481][841]LogAudioMixer: Display: 	Number of buffers to queue:			  2
[2020.01.22-20.23.10:481][841]LogAudioMixer: Display: 	Max Channels (voices):				  32
[2020.01.22-20.23.10:481][841]LogAudioMixer: Display: 	Number of Async Source Workers:		  0
[2020.01.22-20.23.10:481][841]LogAudio: Display: AudioDevice MaxSources: 32
[2020.01.22-20.23.10:482][841]LogAudio: Display: Using built-in audio occlusion.
[2020.01.22-20.23.10:482][841]LogAudioMixer: Display: Initializing audio mixer.
[2020.01.22-20.23.10:494][841]LogAudioMixer: Display: Audio Device Output Speaker Info:
[2020.01.22-20.23.10:494][841]LogAudioMixer: Display: Name: VG248 (NVIDIA High Definition Audio)
[2020.01.22-20.23.10:494][841]LogAudioMixer: Display: Is Default: Yes
[2020.01.22-20.23.10:494][841]LogAudioMixer: Display: Sample Rate: 48000
[2020.01.22-20.23.10:494][841]LogAudioMixer: Display: Channel Count Used: 2
[2020.01.22-20.23.10:494][841]LogAudioMixer: Display: Device Channel Count: 2
[2020.01.22-20.23.10:494][841]LogAudioMixer: Display: Channel Order:
[2020.01.22-20.23.10:494][841]LogAudioMixer: Display: 0: FrontLeft
[2020.01.22-20.23.10:494][841]LogAudioMixer: Display: 1: FrontRight
[2020.01.22-20.23.10:499][841]LogAudioMixer: Display: Using Audio Device VG248 (NVIDIA High Definition Audio)
[2020.01.22-20.23.10:501][841]LogInit: FAudioDevice initialized.
[2020.01.22-20.23.10:521][841]LogSlate: Updating window title bar state: overlay mode, drag disabled, window buttons hidden, title bar hidden
[2020.01.22-20.23.10:521][841]LogLoad: Game class is 'ThirdPersonGameMode_C'
[2020.01.22-20.23.10:523][841]LogWorld: Bringing World /Game/ThirdPersonBP/Maps/UEDPIE_0_ThirdPersonExampleMap.ThirdPersonExampleMap up for play (max tick rate 0) at 2020.01.22-21.23.10
[2020.01.22-20.23.10:524][841]LogWorld: Bringing up level for play took: 0.001716
[2020.01.22-20.23.10:524][841]LogOnline: OSS: Creating online subsystem instance for: :Context_10
[2020.01.22-20.23.10:531][841]PIE: Play in editor start time for /Game/ThirdPersonBP/Maps/UEDPIE_0_ThirdPersonExampleMap 0,239
[2020.01.22-20.23.10:531][841]LogBlueprintUserMessages: Late PlayInEditor Detection: Level '/Game/ThirdPersonBP/Maps/ThirdPersonExampleMap.ThirdPersonExampleMap:PersistentLevel' has LevelScriptBlueprint '/Game/ThirdPersonBP/Maps/ThirdPersonExampleMap.ThirdPersonExampleMap:PersistentLevel.ThirdPersonExampleMap' with GeneratedClass '/Game/ThirdPersonBP/Maps/ThirdPersonExampleMap.ThirdPersonExampleMap_C' with ClassGeneratedBy '/Game/ThirdPersonBP/Maps/ThirdPersonExampleMap.ThirdPersonExampleMap:PersistentLevel.ThirdPersonExampleMap'
[2020.01.22-20.23.20:778][ 22]LogAudioMixer: Display: No commands were queued while flushing the source manager.
[2020.01.22-20.23.20:779][ 22]LogAudioMixer: Display: No commands were queued while flushing the source manager.
[2020.01.22-20.23.20:779][ 22]LogBlueprintUserMessages: Early EndPlayMap Detection: Level '/Game/ThirdPersonBP/Maps/ThirdPersonExampleMap.ThirdPersonExampleMap:PersistentLevel' has LevelScriptBlueprint '/Game/ThirdPersonBP/Maps/ThirdPersonExampleMap.ThirdPersonExampleMap:PersistentLevel.ThirdPersonExampleMap' with GeneratedClass '/Game/ThirdPersonBP/Maps/ThirdPersonExampleMap.ThirdPersonExampleMap_C' with ClassGeneratedBy '/Game/ThirdPersonBP/Maps/ThirdPersonExampleMap.ThirdPersonExampleMap:PersistentLevel.ThirdPersonExampleMap'
[2020.01.22-20.23.20:779][ 22]LogSlate: Updating window title bar state: overlay mode, drag disabled, window buttons hidden, title bar hidden
[2020.01.22-20.23.20:779][ 22]LogWorld: BeginTearingDown for /Game/ThirdPersonBP/Maps/UEDPIE_0_ThirdPersonExampleMap
[2020.01.22-20.23.20:796][ 22]LogSlate: Window 'miquelx2_ue Game Preview Standalone (64-bit/PCD3D_SM5)' being destroyed
[2020.01.22-20.23.20:799][ 22]LogAudioMixer: Display: No commands were queued while flushing the source manager.
[2020.01.22-20.23.20:799][ 22]LogWorld: UWorld::CleanupWorld for ThirdPersonExampleMap, bSessionEnded=true, bCleanupResources=true
[2020.01.22-20.23.20:800][ 22]LogSlate: InvalidateAllWidgets triggered.  All widgets were invalidated
[2020.01.22-20.23.20:806][ 22]LogPlayLevel: Display: Shutting down PIE online subsystems
[2020.01.22-20.23.20:806][ 22]LogBlueprintUserMessages: Late EndPlayMap Detection: Level '/Game/ThirdPersonBP/Maps/ThirdPersonExampleMap.ThirdPersonExampleMap:PersistentLevel' has LevelScriptBlueprint '/Game/ThirdPersonBP/Maps/ThirdPersonExampleMap.ThirdPersonExampleMap:PersistentLevel.ThirdPersonExampleMap' with GeneratedClass '/Game/ThirdPersonBP/Maps/ThirdPersonExampleMap.ThirdPersonExampleMap_C' with ClassGeneratedBy '/Game/ThirdPersonBP/Maps/ThirdPersonExampleMap.ThirdPersonExampleMap:PersistentLevel.ThirdPersonExampleMap'
[2020.01.22-20.23.20:813][ 22]LogSlate: InvalidateAllWidgets triggered.  All widgets were invalidated
[2020.01.22-20.23.20:844][ 22]LogAudioMixer: Display: No commands were queued while flushing the source manager.
[2020.01.22-20.23.20:851][ 22]LogUObjectHash: Compacting FUObjectHashTables data took   3.15ms
[2020.01.22-20.23.20:896][ 24]LogPlayLevel: Display: Destroying online subsystem :Context_10
[2020.01.22-20.23.23:197][267]LogUObjectHash: Compacting FUObjectHashTables data took   0.87ms
[2020.01.22-20.23.23:503][267]LogUObjectHash: Compacting FUObjectHashTables data took   1.28ms
[2020.01.22-20.23.23:843][267]LogSavePackage: Moving '../../../../../Unreal Engine Projects/miquelx2-practiques-ue/miquelx2_ue/Saved/ThirdPersonExampleMapEE7DB1C94256D380DAF40CABD33AF2E8.tmp' to '../../../../../Unreal Engine Projects/miquelx2-practiques-ue/miquelx2_ue/Content/ThirdPersonBP/Maps/ThirdPersonExampleMap.umap'
[2020.01.22-20.23.23:878][267]LogFileHelpers: Saving map 'ThirdPersonExampleMap' took 0.420
[2020.01.22-20.23.24:497][267]LogSavePackage: Moving '../../../../../Unreal Engine Projects/miquelx2-practiques-ue/miquelx2_ue/Saved/ThirdPersonExampleMap_BuiltData1FAF0E274BD2B2FE4CAC9B949F416AD4.tmp' to '../../../../../Unreal Engine Projects/miquelx2-practiques-ue/miquelx2_ue/Content/ThirdPersonBP/Maps/ThirdPersonExampleMap_BuiltData.uasset'
[2020.01.22-20.23.24:600][267]AssetCheck: New page: Asset Save: multiple assets
[2020.01.22-20.23.24:600][267]LogContentValidation: Display: Validating World /Game/ThirdPersonBP/Maps/ThirdPersonExampleMap.ThirdPersonExampleMap
[2020.01.22-20.23.24:600][267]LogContentValidation: Display: Validating MapBuildDataRegistry /Game/ThirdPersonBP/Maps/ThirdPersonExampleMap_BuiltData.ThirdPersonExampleMap_BuiltData
