Log file open, 02/03/20 18:30:17
LogWindows: Failed to load 'aqProf.dll' (GetLastError=126)
LogWindows: File 'aqProf.dll' does not exist
LogWindows: Failed to load 'VtuneApi.dll' (GetLastError=126)
LogWindows: File 'VtuneApi.dll' does not exist
LogWindows: Failed to load 'VtuneApi32e.dll' (GetLastError=126)
LogWindows: File 'VtuneApi32e.dll' does not exist
LogConsoleResponse: Display: Failed to find resolution value strings in scalability ini. Falling back to default.
LogInit: Display: Running engine for game: miquelx2_ue
LogPlatformFile: Not using cached read wrapper
LogTaskGraph: Started task graph with 5 named threads and 23 total threads with 3 sets of task threads.
LogStats: Stats thread started at 0.084703
LogD3D11RHI: Loaded GFSDK_Aftermath_Lib.x64.dll
LogICUInternationalization: ICU TimeZone Detection - Raw Offset: +1:00, Platform Override: ''
LogPluginManager: Mounting plugin Paper2D
LogPluginManager: Mounting plugin AISupport
LogPluginManager: Mounting plugin LightPropagationVolume
LogPluginManager: Mounting plugin ActorLayerUtilities
LogPluginManager: Mounting plugin AnimationSharing
LogPluginManager: Mounting plugin CLionSourceCodeAccess
LogPluginManager: Mounting plugin CodeLiteSourceCodeAccess
LogPluginManager: Mounting plugin GitSourceControl
LogPluginManager: Mounting plugin KDevelopSourceCodeAccess
LogPluginManager: Mounting plugin NullSourceCodeAccess
LogPluginManager: Mounting plugin PerforceSourceControl
LogPluginManager: Mounting plugin PlasticSourceControl
LogPluginManager: Mounting plugin SubversionSourceControl
LogPluginManager: Mounting plugin UObjectPlugin
LogPluginManager: Mounting plugin VisualStudioCodeSourceCodeAccess
LogPluginManager: Mounting plugin VisualStudioSourceCodeAccess
LogPluginManager: Mounting plugin XCodeSourceCodeAccess
LogPluginManager: Mounting plugin AssetManagerEditor
LogPluginManager: Mounting plugin CryptoKeys
LogPluginManager: Mounting plugin CurveEditorTools
LogPluginManager: Mounting plugin DataValidation
LogPluginManager: Mounting plugin FacialAnimation
LogPluginManager: Mounting plugin GameplayTagsEditor
LogPluginManager: Mounting plugin MacGraphicsSwitching
LogPluginManager: Mounting plugin MaterialAnalyzer
LogPluginManager: Mounting plugin MobileLauncherProfileWizard
LogPluginManager: Mounting plugin PluginBrowser
LogPluginManager: Mounting plugin SpeedTreeImporter
LogPluginManager: Mounting plugin DatasmithContent
LogPluginManager: Mounting plugin VariantManagerContent
LogPluginManager: Mounting plugin AlembicImporter
LogPluginManager: Mounting plugin AutomationUtils
LogPluginManager: Mounting plugin BackChannel
LogPluginManager: Mounting plugin CharacterAI
LogPluginManager: Mounting plugin GeometryCache
LogPluginManager: Mounting plugin PlatformCrypto
LogPluginManager: Mounting plugin ProxyLODPlugin
LogPluginManager: Mounting plugin SkeletalReduction
LogPluginManager: Mounting plugin MagicLeap
LogPluginManager: Mounting plugin MagicLeapMedia
LogPluginManager: Mounting plugin MLSDK
LogPluginManager: Mounting plugin AndroidMedia
LogPluginManager: Mounting plugin AvfMedia
LogPluginManager: Mounting plugin ImgMedia
LogPluginManager: Mounting plugin MediaCompositing
LogPluginManager: Mounting plugin MediaPlayerEditor
LogPluginManager: Mounting plugin WebMMedia
LogPluginManager: Mounting plugin WmfMedia
LogPluginManager: Mounting plugin TcpMessaging
LogPluginManager: Mounting plugin UdpMessaging
LogPluginManager: Mounting plugin ActorSequence
LogPluginManager: Mounting plugin LevelSequenceEditor
LogPluginManager: Mounting plugin MatineeToLevelSequence
LogPluginManager: Mounting plugin NetcodeUnitTest
LogPluginManager: Mounting plugin NUTUnrealEngine4
LogPluginManager: Mounting plugin OnlineSubsystemGooglePlay
LogPluginManager: Mounting plugin OnlineSubsystemIOS
LogPluginManager: Mounting plugin OnlineSubsystem
LogPluginManager: Mounting plugin OnlineSubsystemNull
LogPluginManager: Mounting plugin OnlineSubsystemUtils
LogPluginManager: Mounting plugin LauncherChunkInstaller
LogPluginManager: Mounting plugin AndroidDeviceProfileSelector
LogPluginManager: Mounting plugin AndroidMoviePlayer
LogPluginManager: Mounting plugin AndroidPermission
LogPluginManager: Mounting plugin AppleImageUtils
LogPluginManager: Mounting plugin AppleMoviePlayer
LogPluginManager: Mounting plugin ArchVisCharacter
LogPluginManager: Mounting plugin AssetTags
LogPluginManager: Mounting plugin AudioCapture
LogPluginManager: Mounting plugin CableComponent
LogPluginManager: Mounting plugin CustomMeshComponent
LogPluginManager: Mounting plugin EditableMesh
LogPluginManager: Mounting plugin ExampleDeviceProfileSelector
LogPluginManager: Mounting plugin GoogleCloudMessaging
LogPluginManager: Mounting plugin IOSDeviceProfileSelector
LogPluginManager: Mounting plugin LinuxDeviceProfileSelector
LogPluginManager: Mounting plugin LocationServicesBPLibrary
LogPluginManager: Mounting plugin MobilePatchingUtils
LogPluginManager: Mounting plugin OculusVR
LogPluginManager: Mounting plugin PhysXVehicles
LogPluginManager: Mounting plugin PostSplashScreen
LogPluginManager: Mounting plugin ProceduralMeshComponent
LogPluginManager: Mounting plugin RuntimePhysXCooking
LogPluginManager: Mounting plugin SignificanceManager
LogPluginManager: Mounting plugin SteamVR
LogPluginManager: Mounting plugin WebMMoviePlayer
LogPluginManager: Mounting plugin WindowsMoviePlayer
LogPluginManager: Mounting plugin ScreenshotTools
LogInit: Using libcurl 7.55.1-DEV
LogInit:  - built for x86_64-pc-win32
LogInit:  - supports SSL with OpenSSL/1.1.1
LogInit:  - supports HTTP deflate (compression) using libz 1.2.8
LogInit:  - other features:
LogInit:      CURL_VERSION_SSL
LogInit:      CURL_VERSION_LIBZ
LogInit:      CURL_VERSION_IPV6
LogInit:      CURL_VERSION_ASYNCHDNS
LogInit:      CURL_VERSION_LARGEFILE
LogInit:      CURL_VERSION_IDN
LogInit:  CurlRequestOptions (configurable via config and command line):
LogInit:  - bVerifyPeer = true  - Libcurl will verify peer certificate
LogInit:  - bUseHttpProxy = false  - Libcurl will NOT use HTTP proxy
LogInit:  - bDontReuseConnections = false  - Libcurl will reuse connections
LogInit:  - MaxHostConnections = 16  - Libcurl will limit the number of connections to a host
LogInit:  - LocalHostAddr = Default
LogInit:  - BufferSize = 65536
LogOnline: OSS: Creating online subsystem instance for: NULL
LogInit: WinSock: version 1.1 (2.2), MaxSocks=32767, MaxUdp=65467
LogOnline: OSS: TryLoadSubsystemAndSetDefault: Loaded subsystem for module [NULL]
LogInit: Build: ++UE4+Release-4.24-CL-10757647
LogInit: Engine Version: 4.24.1-10757647+++UE4+Release-4.24
LogInit: Compatible Engine Version: 4.24.0-10570792+++UE4+Release-4.24
LogInit: Net CL: 10570792
LogInit: OS: Windows 10 (Release 1903) (), CPU: Intel(R) Core(TM) i7-7700HQ CPU @ 2.80GHz, GPU: NVIDIA GeForce GTX 1070
LogInit: Compiled (64-bit): Dec 17 2019 02:08:03
LogInit: Compiled with Visual C++: 19.16.27032.01
LogInit: Build Configuration: Development
LogInit: Branch Name: ++UE4+Release-4.24
LogInit: Command Line: 
LogInit: Base Directory: B:/Unreal Engine/UE_4.24/Engine/Binaries/Win64/
LogInit: Installed Engine Build: 1
LogDevObjectVersion: Number of dev versions registered: 25
LogDevObjectVersion:   Dev-Blueprints (B0D832E4-1F89-4F0D-ACCF-7EB736FD4AA2): 10
LogDevObjectVersion:   Dev-Build (E1C64328-A22C-4D53-A36C-8E866417BD8C): 0
LogDevObjectVersion:   Dev-Core (375EC13C-06E4-48FB-B500-84F0262A717E): 3
LogDevObjectVersion:   Dev-Editor (E4B068ED-F494-42E9-A231-DA0B2E46BB41): 37
LogDevObjectVersion:   Dev-Framework (CFFC743F-43B0-4480-9391-14DF171D2073): 36
LogDevObjectVersion:   Dev-Mobile (B02B49B5-BB20-44E9-A304-32B752E40360): 2
LogDevObjectVersion:   Dev-Networking (A4E4105C-59A1-49B5-A7C5-40C4547EDFEE): 0
LogDevObjectVersion:   Dev-Online (39C831C9-5AE6-47DC-9A44-9C173E1C8E7C): 0
LogDevObjectVersion:   Dev-Physics (78F01B33-EBEA-4F98-B9B4-84EACCB95AA2): 2
LogDevObjectVersion:   Dev-Platform (6631380F-2D4D-43E0-8009-CF276956A95A): 0
LogDevObjectVersion:   Dev-Rendering (12F88B9F-8875-4AFC-A67C-D90C383ABD29): 36
LogDevObjectVersion:   Dev-Sequencer (7B5AE74C-D270-4C10-A958-57980B212A5A): 11
LogDevObjectVersion:   Dev-VR (D7296918-1DD6-4BDD-9DE2-64A83CC13884): 2
LogDevObjectVersion:   Dev-LoadTimes (C2A15278-BFE7-4AFE-6C17-90FF531DF755): 1
LogDevObjectVersion:   Private-Geometry (6EACA3D4-40EC-4CC1-B786-8BED09428FC5): 3
LogDevObjectVersion:   Dev-AnimPhys (29E575DD-E0A3-4627-9D10-D276232CDCEA): 17
LogDevObjectVersion:   Dev-Anim (AF43A65D-7FD3-4947-9873-3E8ED9C1BB05): 2
LogDevObjectVersion:   Dev-ReflectionCapture (6B266CEC-1EC7-4B8F-A30B-E4D90942FC07): 1
LogDevObjectVersion:   Dev-Automation (0DF73D61-A23F-47EA-B727-89E90C41499A): 1
LogDevObjectVersion:   FortniteMain (601D1886-AC64-4F84-AA16-D3DE0DEAC7D6): 31
LogDevObjectVersion:   Dev-Enterprise (9DFFBCD6-494F-0158-E221-12823C92A888): 8
LogDevObjectVersion:   Dev-Niagara (F2AED0AC-9AFE-416F-8664-AA7FFA26D6FC): 1
LogDevObjectVersion:   Dev-Destruction (174F1F0B-B4C6-45A5-B13F-2EE8D0FB917D): 9
LogDevObjectVersion:   Dev-Physics-Ext (35F94A83-E258-406C-A318-09F59610247C): 8
LogDevObjectVersion:   Dev-CineCamera (B2E18506-4273-CFC2-A54E-F4BB758BBA07): 1
LogInit: Presizing for max 25165824 objects, including 0 objects not considered by GC, pre-allocating 0 bytes for permanent pool.
LogInit: Object subsystem initialized
LogConfig: Setting CVar [[con.DebugEarlyDefault:1]]
LogConfig: Setting CVar [[r.setres:1280x720]]
[2020.02.03-17.30.17:313][  0]LogConfig: Setting CVar [[r.VSync:0]]
[2020.02.03-17.30.17:313][  0]LogConfig: Setting CVar [[r.RHICmdBypass:0]]
[2020.02.03-17.30.17:313][  0]LogConfig: Applying CVar settings from Section [/Script/Engine.RendererSettings] File [B:/Unreal Engine Projects/miquelx2-ue/miquelx2_ue/Saved/Config/Windows/Engine.ini]
[2020.02.03-17.30.17:313][  0]LogConfig: Setting CVar [[r.GPUCrashDebugging:0]]
[2020.02.03-17.30.17:313][  0]LogConfig: Applying CVar settings from Section [/Script/Engine.RendererOverrideSettings] File [B:/Unreal Engine Projects/miquelx2-ue/miquelx2_ue/Saved/Config/Windows/Engine.ini]
[2020.02.03-17.30.17:313][  0]LogConfig: Applying CVar settings from Section [/Script/Engine.StreamingSettings] File [B:/Unreal Engine Projects/miquelx2-ue/miquelx2_ue/Saved/Config/Windows/Engine.ini]
[2020.02.03-17.30.17:313][  0]LogConfig: Setting CVar [[s.MinBulkDataSizeForAsyncLoading:131072]]
[2020.02.03-17.30.17:313][  0]LogConfig: Setting CVar [[s.AsyncLoadingThreadEnabled:0]]
[2020.02.03-17.30.17:313][  0]LogConfig: Setting CVar [[s.EventDrivenLoaderEnabled:1]]
[2020.02.03-17.30.17:313][  0]LogConfig: Setting CVar [[s.WarnIfTimeLimitExceeded:0]]
[2020.02.03-17.30.17:313][  0]LogConfig: Setting CVar [[s.TimeLimitExceededMultiplier:1.5]]
[2020.02.03-17.30.17:313][  0]LogConfig: Setting CVar [[s.TimeLimitExceededMinTime:0.005]]
[2020.02.03-17.30.17:313][  0]LogConfig: Setting CVar [[s.UseBackgroundLevelStreaming:1]]
[2020.02.03-17.30.17:313][  0]LogConfig: Setting CVar [[s.PriorityAsyncLoadingExtraTime:15.0]]
[2020.02.03-17.30.17:313][  0]LogConfig: Setting CVar [[s.LevelStreamingActorsUpdateTimeLimit:5.0]]
[2020.02.03-17.30.17:313][  0]LogConfig: Setting CVar [[s.PriorityLevelStreamingActorsUpdateExtraTime:5.0]]
[2020.02.03-17.30.17:313][  0]LogConfig: Setting CVar [[s.LevelStreamingComponentsRegistrationGranularity:10]]
[2020.02.03-17.30.17:313][  0]LogConfig: Setting CVar [[s.UnregisterComponentsTimeLimit:1.0]]
[2020.02.03-17.30.17:313][  0]LogConfig: Setting CVar [[s.LevelStreamingComponentsUnregistrationGranularity:5]]
[2020.02.03-17.30.17:313][  0]LogConfig: Setting CVar [[s.FlushStreamingOnExit:1]]
[2020.02.03-17.30.17:313][  0]LogConfig: Applying CVar settings from Section [/Script/Engine.GarbageCollectionSettings] File [B:/Unreal Engine Projects/miquelx2-ue/miquelx2_ue/Saved/Config/Windows/Engine.ini]
[2020.02.03-17.30.17:313][  0]LogConfig: Setting CVar [[gc.MaxObjectsNotConsideredByGC:1]]
[2020.02.03-17.30.17:313][  0]LogConfig: Setting CVar [[gc.SizeOfPermanentObjectPool:0]]
[2020.02.03-17.30.17:313][  0]LogConfig: Setting CVar [[gc.FlushStreamingOnGC:0]]
[2020.02.03-17.30.17:313][  0]LogConfig: Setting CVar [[gc.NumRetriesBeforeForcingGC:10]]
[2020.02.03-17.30.17:313][  0]LogConfig: Setting CVar [[gc.AllowParallelGC:1]]
[2020.02.03-17.30.17:313][  0]LogConfig: Setting CVar [[gc.TimeBetweenPurgingPendingKillObjects:61.1]]
[2020.02.03-17.30.17:313][  0]LogConfig: Setting CVar [[gc.MaxObjectsInEditor:25165824]]
[2020.02.03-17.30.17:313][  0]LogConfig: Setting CVar [[gc.IncrementalBeginDestroyEnabled:1]]
[2020.02.03-17.30.17:313][  0]LogConfig: Setting CVar [[gc.CreateGCClusters:1]]
[2020.02.03-17.30.17:313][  0]LogConfig: Setting CVar [[gc.MinGCClusterSize:5]]
[2020.02.03-17.30.17:313][  0]LogConfig: Setting CVar [[gc.ActorClusteringEnabled:0]]
[2020.02.03-17.30.17:313][  0]LogConfig: Setting CVar [[gc.BlueprintClusteringEnabled:0]]
[2020.02.03-17.30.17:313][  0]LogConfig: Setting CVar [[gc.UseDisregardForGCOnDedicatedServers:0]]
[2020.02.03-17.30.17:313][  0]LogConfig: Applying CVar settings from Section [/Script/Engine.NetworkSettings] File [B:/Unreal Engine Projects/miquelx2-ue/miquelx2_ue/Saved/Config/Windows/Engine.ini]
[2020.02.03-17.30.17:313][  0]LogConfig: Applying CVar settings from Section [/Script/UnrealEd.CookerSettings] File [B:/Unreal Engine Projects/miquelx2-ue/miquelx2_ue/Saved/Config/Windows/Engine.ini]
[2020.02.03-17.30.17:315][  0]LogConfig: Applying CVar settings from Section [ViewDistanceQuality@3] File [B:/Unreal Engine Projects/miquelx2-ue/miquelx2_ue/Saved/Config/Windows/Scalability.ini]
[2020.02.03-17.30.17:315][  0]LogConfig: Setting CVar [[r.SkeletalMeshLODBias:0]]
[2020.02.03-17.30.17:315][  0]LogConfig: Setting CVar [[r.ViewDistanceScale:1.0]]
[2020.02.03-17.30.17:315][  0]LogConfig: Applying CVar settings from Section [AntiAliasingQuality@3] File [B:/Unreal Engine Projects/miquelx2-ue/miquelx2_ue/Saved/Config/Windows/Scalability.ini]
[2020.02.03-17.30.17:315][  0]LogConfig: Setting CVar [[r.PostProcessAAQuality:4]]
[2020.02.03-17.30.17:315][  0]LogConfig: Applying CVar settings from Section [ShadowQuality@3] File [B:/Unreal Engine Projects/miquelx2-ue/miquelx2_ue/Saved/Config/Windows/Scalability.ini]
[2020.02.03-17.30.17:315][  0]LogConfig: Setting CVar [[r.LightFunctionQuality:1]]
[2020.02.03-17.30.17:315][  0]LogConfig: Setting CVar [[r.ShadowQuality:5]]
[2020.02.03-17.30.17:315][  0]LogConfig: Setting CVar [[r.Shadow.CSM.MaxCascades:10]]
[2020.02.03-17.30.17:315][  0]LogConfig: Setting CVar [[r.Shadow.MaxResolution:2048]]
[2020.02.03-17.30.17:315][  0]LogConfig: Setting CVar [[r.Shadow.MaxCSMResolution:2048]]
[2020.02.03-17.30.17:315][  0]LogConfig: Setting CVar [[r.Shadow.RadiusThreshold:0.01]]
[2020.02.03-17.30.17:315][  0]LogConfig: Setting CVar [[r.Shadow.DistanceScale:1.0]]
[2020.02.03-17.30.17:315][  0]LogConfig: Setting CVar [[r.Shadow.CSM.TransitionScale:1.0]]
[2020.02.03-17.30.17:315][  0]LogConfig: Setting CVar [[r.Shadow.PreShadowResolutionFactor:1.0]]
[2020.02.03-17.30.17:315][  0]LogConfig: Setting CVar [[r.DistanceFieldShadowing:1]]
[2020.02.03-17.30.17:315][  0]LogConfig: Setting CVar [[r.DistanceFieldAO:1]]
[2020.02.03-17.30.17:315][  0]LogConfig: Setting CVar [[r.AOQuality:2]]
[2020.02.03-17.30.17:315][  0]LogConfig: Setting CVar [[r.VolumetricFog:1]]
[2020.02.03-17.30.17:315][  0]LogConfig: Setting CVar [[r.VolumetricFog.GridPixelSize:8]]
[2020.02.03-17.30.17:315][  0]LogConfig: Setting CVar [[r.VolumetricFog.GridSizeZ:128]]
[2020.02.03-17.30.17:315][  0]LogConfig: Setting CVar [[r.VolumetricFog.HistoryMissSupersampleCount:4]]
[2020.02.03-17.30.17:315][  0]LogConfig: Setting CVar [[r.LightMaxDrawDistanceScale:1]]
[2020.02.03-17.30.17:315][  0]LogConfig: Setting CVar [[r.CapsuleShadows:1]]
[2020.02.03-17.30.17:315][  0]LogConfig: Applying CVar settings from Section [PostProcessQuality@3] File [B:/Unreal Engine Projects/miquelx2-ue/miquelx2_ue/Saved/Config/Windows/Scalability.ini]
[2020.02.03-17.30.17:315][  0]LogConfig: Setting CVar [[r.MotionBlurQuality:4]]
[2020.02.03-17.30.17:315][  0]LogConfig: Setting CVar [[r.AmbientOcclusionMipLevelFactor:0.4]]
[2020.02.03-17.30.17:315][  0]LogConfig: Setting CVar [[r.AmbientOcclusionMaxQuality:100]]
[2020.02.03-17.30.17:316][  0]LogConfig: Setting CVar [[r.AmbientOcclusionLevels:-1]]
[2020.02.03-17.30.17:316][  0]LogConfig: Setting CVar [[r.AmbientOcclusionRadiusScale:1.0]]
[2020.02.03-17.30.17:316][  0]LogConfig: Setting CVar [[r.DepthOfFieldQuality:2]]
[2020.02.03-17.30.17:316][  0]LogConfig: Setting CVar [[r.RenderTargetPoolMin:400]]
[2020.02.03-17.30.17:316][  0]LogConfig: Setting CVar [[r.LensFlareQuality:2]]
[2020.02.03-17.30.17:316][  0]LogConfig: Setting CVar [[r.SceneColorFringeQuality:1]]
[2020.02.03-17.30.17:316][  0]LogConfig: Setting CVar [[r.EyeAdaptationQuality:2]]
[2020.02.03-17.30.17:316][  0]LogConfig: Setting CVar [[r.BloomQuality:5]]
[2020.02.03-17.30.17:316][  0]LogConfig: Setting CVar [[r.FastBlurThreshold:100]]
[2020.02.03-17.30.17:316][  0]LogConfig: Setting CVar [[r.Upscale.Quality:3]]
[2020.02.03-17.30.17:316][  0]LogConfig: Setting CVar [[r.Tonemapper.GrainQuantization:1]]
[2020.02.03-17.30.17:316][  0]LogConfig: Setting CVar [[r.LightShaftQuality:1]]
[2020.02.03-17.30.17:316][  0]LogConfig: Setting CVar [[r.Filter.SizeScale:1]]
[2020.02.03-17.30.17:316][  0]LogConfig: Setting CVar [[r.Tonemapper.Quality:5]]
[2020.02.03-17.30.17:316][  0]LogConfig: Setting CVar [[r.DOF.Gather.AccumulatorQuality:1        ; higher gathering accumulator quality]]
[2020.02.03-17.30.17:316][  0]LogConfig: Setting CVar [[r.DOF.Gather.PostfilterMethod:1          ; Median3x3 postfilering method]]
[2020.02.03-17.30.17:316][  0]LogConfig: Setting CVar [[r.DOF.Gather.EnableBokehSettings:0       ; no bokeh simulation when gathering]]
[2020.02.03-17.30.17:316][  0]LogConfig: Setting CVar [[r.DOF.Gather.RingCount:4                 ; medium number of samples when gathering]]
[2020.02.03-17.30.17:316][  0]LogConfig: Setting CVar [[r.DOF.Scatter.ForegroundCompositing:1    ; additive foreground scattering]]
[2020.02.03-17.30.17:316][  0]LogConfig: Setting CVar [[r.DOF.Scatter.BackgroundCompositing:2    ; additive background scattering]]
[2020.02.03-17.30.17:316][  0]LogConfig: Setting CVar [[r.DOF.Scatter.EnableBokehSettings:1      ; bokeh simulation when scattering]]
[2020.02.03-17.30.17:316][  0]LogConfig: Setting CVar [[r.DOF.Scatter.MaxSpriteRatio:0.1         ; only a maximum of 10% of scattered bokeh]]
[2020.02.03-17.30.17:316][  0]LogConfig: Setting CVar [[r.DOF.Recombine.Quality:1                ; cheap slight out of focus]]
[2020.02.03-17.30.17:316][  0]LogConfig: Setting CVar [[r.DOF.Recombine.EnableBokehSettings:0    ; no bokeh simulation on slight out of focus]]
[2020.02.03-17.30.17:316][  0]LogConfig: Setting CVar [[r.DOF.TemporalAAQuality:1                ; more stable temporal accumulation]]
[2020.02.03-17.30.17:316][  0]LogConfig: Setting CVar [[r.DOF.Kernel.MaxForegroundRadius:0.025]]
[2020.02.03-17.30.17:316][  0]LogConfig: Setting CVar [[r.DOF.Kernel.MaxBackgroundRadius:0.025]]
[2020.02.03-17.30.17:316][  0]LogConfig: Applying CVar settings from Section [TextureQuality@3] File [B:/Unreal Engine Projects/miquelx2-ue/miquelx2_ue/Saved/Config/Windows/Scalability.ini]
[2020.02.03-17.30.17:316][  0]LogConfig: Setting CVar [[r.Streaming.MipBias:0]]
[2020.02.03-17.30.17:316][  0]LogConfig: Setting CVar [[r.Streaming.AmortizeCPUToGPUCopy:0]]
[2020.02.03-17.30.17:316][  0]LogConfig: Setting CVar [[r.Streaming.MaxNumTexturesToStreamPerFrame:0]]
[2020.02.03-17.30.17:316][  0]LogConfig: Setting CVar [[r.Streaming.Boost:1]]
[2020.02.03-17.30.17:316][  0]LogConfig: Setting CVar [[r.MaxAnisotropy:8]]
[2020.02.03-17.30.17:316][  0]LogConfig: Setting CVar [[r.VT.MaxAnisotropy:8]]
[2020.02.03-17.30.17:316][  0]LogConfig: Setting CVar [[r.Streaming.LimitPoolSizeToVRAM:0]]
[2020.02.03-17.30.17:316][  0]LogConfig: Setting CVar [[r.Streaming.PoolSize:1000]]
[2020.02.03-17.30.17:316][  0]LogConfig: Setting CVar [[r.Streaming.MaxEffectiveScreenSize:0]]
[2020.02.03-17.30.17:316][  0]LogConfig: Applying CVar settings from Section [EffectsQuality@3] File [B:/Unreal Engine Projects/miquelx2-ue/miquelx2_ue/Saved/Config/Windows/Scalability.ini]
[2020.02.03-17.30.17:316][  0]LogConfig: Setting CVar [[r.TranslucencyLightingVolumeDim:64]]
[2020.02.03-17.30.17:316][  0]LogConfig: Setting CVar [[r.RefractionQuality:2]]
[2020.02.03-17.30.17:316][  0]LogConfig: Setting CVar [[r.SSR.Quality:3]]
[2020.02.03-17.30.17:316][  0]LogConfig: Setting CVar [[r.SSR.HalfResSceneColor:0]]
[2020.02.03-17.30.17:316][  0]LogConfig: Setting CVar [[r.SceneColorFormat:4]]
[2020.02.03-17.30.17:316][  0]LogConfig: Setting CVar [[r.DetailMode:2]]
[2020.02.03-17.30.17:316][  0]LogConfig: Setting CVar [[r.TranslucencyVolumeBlur:1]]
[2020.02.03-17.30.17:316][  0]LogConfig: Setting CVar [[r.MaterialQualityLevel:1 ; High quality]]
[2020.02.03-17.30.17:316][  0]LogConfig: Setting CVar [[r.SSS.Scale:1]]
[2020.02.03-17.30.17:316][  0]LogConfig: Setting CVar [[r.SSS.SampleSet:2]]
[2020.02.03-17.30.17:316][  0]LogConfig: Setting CVar [[r.SSS.Quality:1]]
[2020.02.03-17.30.17:316][  0]LogConfig: Setting CVar [[r.SSS.HalfRes:1]]
[2020.02.03-17.30.17:316][  0]LogConfig: Setting CVar [[r.SSGI.Quality:3]]
[2020.02.03-17.30.17:316][  0]LogConfig: Setting CVar [[r.EmitterSpawnRateScale:1.0]]
[2020.02.03-17.30.17:316][  0]LogConfig: Setting CVar [[r.ParticleLightQuality:2]]
[2020.02.03-17.30.17:316][  0]LogConfig: Setting CVar [[r.SkyAtmosphere.AerialPerspectiveLUT.FastApplyOnOpaque:1 ; Always have FastSkyLUT 1 in this case to avoid wrong sky]]
[2020.02.03-17.30.17:316][  0]LogConfig: Setting CVar [[r.SkyAtmosphere.AerialPerspectiveLUT.SampleCountPerSlice:1]]
[2020.02.03-17.30.17:316][  0]LogConfig: Setting CVar [[r.SkyAtmosphere.AerialPerspectiveLUT.DepthResolution:16.0]]
[2020.02.03-17.30.17:316][  0]LogConfig: Setting CVar [[r.SkyAtmosphere.FastSkyLUT:1]]
[2020.02.03-17.30.17:316][  0]LogConfig: Setting CVar [[r.SkyAtmosphere.FastSkyLUT.SampleCountMin:4.0]]
[2020.02.03-17.30.17:316][  0]LogConfig: Setting CVar [[r.SkyAtmosphere.FastSkyLUT.SampleCountMax:32.0]]
[2020.02.03-17.30.17:316][  0]LogConfig: Setting CVar [[r.SkyAtmosphere.SampleCountMin:4.0]]
[2020.02.03-17.30.17:316][  0]LogConfig: Setting CVar [[r.SkyAtmosphere.SampleCountMax:32.0]]
[2020.02.03-17.30.17:316][  0]LogConfig: Setting CVar [[r.SkyAtmosphere.TransmittanceLUT.UseSmallFormat:0]]
[2020.02.03-17.30.17:316][  0]LogConfig: Setting CVar [[r.SkyAtmosphere.TransmittanceLUT.SampleCount:10.0]]
[2020.02.03-17.30.17:316][  0]LogConfig: Setting CVar [[r.SkyAtmosphere.MultiScatteringLUT.SampleCount:15.0]]
[2020.02.03-17.30.17:316][  0]LogConfig: Applying CVar settings from Section [FoliageQuality@3] File [B:/Unreal Engine Projects/miquelx2-ue/miquelx2_ue/Saved/Config/Windows/Scalability.ini]
[2020.02.03-17.30.17:316][  0]LogConfig: Setting CVar [[foliage.DensityScale:1.0]]
[2020.02.03-17.30.17:317][  0]LogConfig: Setting CVar [[grass.DensityScale:1.0]]
[2020.02.03-17.30.17:317][  0]LogConfig: Applying CVar settings from Section [ShadingQuality@3] File [B:/Unreal Engine Projects/miquelx2-ue/miquelx2_ue/Saved/Config/Windows/Scalability.ini]
[2020.02.03-17.30.17:317][  0]LogConfig: Setting CVar [[r.HairStrands.SkyLighting.SampleCount:16]]
[2020.02.03-17.30.17:317][  0]LogConfig: Setting CVar [[r.HairStrands.SkyLighting.JitterIntegration:0]]
[2020.02.03-17.30.17:317][  0]LogConfig: Setting CVar [[r.HairStrands.SkyAO.SampleCount:16]]
[2020.02.03-17.30.17:317][  0]LogInit: Selected Device Profile: [Windows]
[2020.02.03-17.30.17:317][  0]LogInit: Applying CVar settings loaded from the selected device profile: [Windows]
[2020.02.03-17.30.17:319][  0]LogHAL: Display: Platform has ~ 16 GB [17133035520 / 17179869184 / 16], which maps to Larger [LargestMinGB=32, LargerMinGB=12, DefaultMinGB=8, SmallerMinGB=6, SmallestMinGB=0)
[2020.02.03-17.30.17:319][  0]LogInit: Going up to parent DeviceProfile []
[2020.02.03-17.30.17:319][  0]LogConfig: Applying CVar settings from Section [ViewDistanceQuality@3] File [B:/Unreal Engine Projects/miquelx2-ue/miquelx2_ue/Saved/Config/Windows/Scalability.ini]
[2020.02.03-17.30.17:319][  0]LogConfig: Setting CVar [[r.SkeletalMeshLODBias:0]]
[2020.02.03-17.30.17:319][  0]LogConfig: Setting CVar [[r.ViewDistanceScale:1.0]]
[2020.02.03-17.30.17:319][  0]LogConfig: Applying CVar settings from Section [AntiAliasingQuality@3] File [B:/Unreal Engine Projects/miquelx2-ue/miquelx2_ue/Saved/Config/Windows/Scalability.ini]
[2020.02.03-17.30.17:319][  0]LogConfig: Setting CVar [[r.PostProcessAAQuality:4]]
[2020.02.03-17.30.17:319][  0]LogConfig: Applying CVar settings from Section [ShadowQuality@3] File [B:/Unreal Engine Projects/miquelx2-ue/miquelx2_ue/Saved/Config/Windows/Scalability.ini]
[2020.02.03-17.30.17:319][  0]LogConfig: Setting CVar [[r.LightFunctionQuality:1]]
[2020.02.03-17.30.17:319][  0]LogConfig: Setting CVar [[r.ShadowQuality:5]]
[2020.02.03-17.30.17:319][  0]LogConfig: Setting CVar [[r.Shadow.CSM.MaxCascades:10]]
[2020.02.03-17.30.17:319][  0]LogConfig: Setting CVar [[r.Shadow.MaxResolution:2048]]
[2020.02.03-17.30.17:319][  0]LogConfig: Setting CVar [[r.Shadow.MaxCSMResolution:2048]]
[2020.02.03-17.30.17:319][  0]LogConfig: Setting CVar [[r.Shadow.RadiusThreshold:0.01]]
[2020.02.03-17.30.17:319][  0]LogConfig: Setting CVar [[r.Shadow.DistanceScale:1.0]]
[2020.02.03-17.30.17:319][  0]LogConfig: Setting CVar [[r.Shadow.CSM.TransitionScale:1.0]]
[2020.02.03-17.30.17:319][  0]LogConfig: Setting CVar [[r.Shadow.PreShadowResolutionFactor:1.0]]
[2020.02.03-17.30.17:319][  0]LogConfig: Setting CVar [[r.DistanceFieldShadowing:1]]
[2020.02.03-17.30.17:319][  0]LogConfig: Setting CVar [[r.DistanceFieldAO:1]]
[2020.02.03-17.30.17:319][  0]LogConfig: Setting CVar [[r.AOQuality:2]]
[2020.02.03-17.30.17:319][  0]LogConfig: Setting CVar [[r.VolumetricFog:1]]
[2020.02.03-17.30.17:319][  0]LogConfig: Setting CVar [[r.VolumetricFog.GridPixelSize:8]]
[2020.02.03-17.30.17:320][  0]LogConfig: Setting CVar [[r.VolumetricFog.GridSizeZ:128]]
[2020.02.03-17.30.17:320][  0]LogConfig: Setting CVar [[r.VolumetricFog.HistoryMissSupersampleCount:4]]
[2020.02.03-17.30.17:320][  0]LogConfig: Setting CVar [[r.LightMaxDrawDistanceScale:1]]
[2020.02.03-17.30.17:320][  0]LogConfig: Setting CVar [[r.CapsuleShadows:1]]
[2020.02.03-17.30.17:320][  0]LogConfig: Applying CVar settings from Section [PostProcessQuality@3] File [B:/Unreal Engine Projects/miquelx2-ue/miquelx2_ue/Saved/Config/Windows/Scalability.ini]
[2020.02.03-17.30.17:320][  0]LogConfig: Setting CVar [[r.MotionBlurQuality:4]]
[2020.02.03-17.30.17:320][  0]LogConfig: Setting CVar [[r.AmbientOcclusionMipLevelFactor:0.4]]
[2020.02.03-17.30.17:320][  0]LogConfig: Setting CVar [[r.AmbientOcclusionMaxQuality:100]]
[2020.02.03-17.30.17:320][  0]LogConfig: Setting CVar [[r.AmbientOcclusionLevels:-1]]
[2020.02.03-17.30.17:320][  0]LogConfig: Setting CVar [[r.AmbientOcclusionRadiusScale:1.0]]
[2020.02.03-17.30.17:320][  0]LogConfig: Setting CVar [[r.DepthOfFieldQuality:2]]
[2020.02.03-17.30.17:320][  0]LogConfig: Setting CVar [[r.RenderTargetPoolMin:400]]
[2020.02.03-17.30.17:320][  0]LogConfig: Setting CVar [[r.LensFlareQuality:2]]
[2020.02.03-17.30.17:320][  0]LogConfig: Setting CVar [[r.SceneColorFringeQuality:1]]
[2020.02.03-17.30.17:320][  0]LogConfig: Setting CVar [[r.EyeAdaptationQuality:2]]
[2020.02.03-17.30.17:320][  0]LogConfig: Setting CVar [[r.BloomQuality:5]]
[2020.02.03-17.30.17:320][  0]LogConfig: Setting CVar [[r.FastBlurThreshold:100]]
[2020.02.03-17.30.17:320][  0]LogConfig: Setting CVar [[r.Upscale.Quality:3]]
[2020.02.03-17.30.17:320][  0]LogConfig: Setting CVar [[r.Tonemapper.GrainQuantization:1]]
[2020.02.03-17.30.17:320][  0]LogConfig: Setting CVar [[r.LightShaftQuality:1]]
[2020.02.03-17.30.17:320][  0]LogConfig: Setting CVar [[r.Filter.SizeScale:1]]
[2020.02.03-17.30.17:320][  0]LogConfig: Setting CVar [[r.Tonemapper.Quality:5]]
[2020.02.03-17.30.17:320][  0]LogConfig: Setting CVar [[r.DOF.Gather.AccumulatorQuality:1        ; higher gathering accumulator quality]]
[2020.02.03-17.30.17:320][  0]LogConfig: Setting CVar [[r.DOF.Gather.PostfilterMethod:1          ; Median3x3 postfilering method]]
[2020.02.03-17.30.17:320][  0]LogConfig: Setting CVar [[r.DOF.Gather.EnableBokehSettings:0       ; no bokeh simulation when gathering]]
[2020.02.03-17.30.17:320][  0]LogConfig: Setting CVar [[r.DOF.Gather.RingCount:4                 ; medium number of samples when gathering]]
[2020.02.03-17.30.17:320][  0]LogConfig: Setting CVar [[r.DOF.Scatter.ForegroundCompositing:1    ; additive foreground scattering]]
[2020.02.03-17.30.17:320][  0]LogConfig: Setting CVar [[r.DOF.Scatter.BackgroundCompositing:2    ; additive background scattering]]
[2020.02.03-17.30.17:320][  0]LogConfig: Setting CVar [[r.DOF.Scatter.EnableBokehSettings:1      ; bokeh simulation when scattering]]
[2020.02.03-17.30.17:320][  0]LogConfig: Setting CVar [[r.DOF.Scatter.MaxSpriteRatio:0.1         ; only a maximum of 10% of scattered bokeh]]
[2020.02.03-17.30.17:320][  0]LogConfig: Setting CVar [[r.DOF.Recombine.Quality:1                ; cheap slight out of focus]]
[2020.02.03-17.30.17:320][  0]LogConfig: Setting CVar [[r.DOF.Recombine.EnableBokehSettings:0    ; no bokeh simulation on slight out of focus]]
[2020.02.03-17.30.17:320][  0]LogConfig: Setting CVar [[r.DOF.TemporalAAQuality:1                ; more stable temporal accumulation]]
[2020.02.03-17.30.17:320][  0]LogConfig: Setting CVar [[r.DOF.Kernel.MaxForegroundRadius:0.025]]
[2020.02.03-17.30.17:320][  0]LogConfig: Setting CVar [[r.DOF.Kernel.MaxBackgroundRadius:0.025]]
[2020.02.03-17.30.17:320][  0]LogConfig: Applying CVar settings from Section [TextureQuality@3] File [B:/Unreal Engine Projects/miquelx2-ue/miquelx2_ue/Saved/Config/Windows/Scalability.ini]
[2020.02.03-17.30.17:320][  0]LogConfig: Setting CVar [[r.Streaming.MipBias:0]]
[2020.02.03-17.30.17:320][  0]LogConfig: Setting CVar [[r.Streaming.AmortizeCPUToGPUCopy:0]]
[2020.02.03-17.30.17:320][  0]LogConfig: Setting CVar [[r.Streaming.MaxNumTexturesToStreamPerFrame:0]]
[2020.02.03-17.30.17:320][  0]LogConfig: Setting CVar [[r.Streaming.Boost:1]]
[2020.02.03-17.30.17:320][  0]LogConfig: Setting CVar [[r.MaxAnisotropy:8]]
[2020.02.03-17.30.17:320][  0]LogConfig: Setting CVar [[r.VT.MaxAnisotropy:8]]
[2020.02.03-17.30.17:320][  0]LogConfig: Setting CVar [[r.Streaming.LimitPoolSizeToVRAM:0]]
[2020.02.03-17.30.17:320][  0]LogConfig: Setting CVar [[r.Streaming.PoolSize:1000]]
[2020.02.03-17.30.17:320][  0]LogConfig: Setting CVar [[r.Streaming.MaxEffectiveScreenSize:0]]
[2020.02.03-17.30.17:320][  0]LogConfig: Applying CVar settings from Section [EffectsQuality@3] File [B:/Unreal Engine Projects/miquelx2-ue/miquelx2_ue/Saved/Config/Windows/Scalability.ini]
[2020.02.03-17.30.17:320][  0]LogConfig: Setting CVar [[r.TranslucencyLightingVolumeDim:64]]
[2020.02.03-17.30.17:320][  0]LogConfig: Setting CVar [[r.RefractionQuality:2]]
[2020.02.03-17.30.17:320][  0]LogConfig: Setting CVar [[r.SSR.Quality:3]]
[2020.02.03-17.30.17:320][  0]LogConfig: Setting CVar [[r.SSR.HalfResSceneColor:0]]
[2020.02.03-17.30.17:320][  0]LogConfig: Setting CVar [[r.SceneColorFormat:4]]
[2020.02.03-17.30.17:320][  0]LogConfig: Setting CVar [[r.DetailMode:2]]
[2020.02.03-17.30.17:320][  0]LogConfig: Setting CVar [[r.TranslucencyVolumeBlur:1]]
[2020.02.03-17.30.17:320][  0]LogConfig: Setting CVar [[r.MaterialQualityLevel:1 ; High quality]]
[2020.02.03-17.30.17:320][  0]LogConfig: Setting CVar [[r.SSS.Scale:1]]
[2020.02.03-17.30.17:320][  0]LogConfig: Setting CVar [[r.SSS.SampleSet:2]]
[2020.02.03-17.30.17:320][  0]LogConfig: Setting CVar [[r.SSS.Quality:1]]
[2020.02.03-17.30.17:320][  0]LogConfig: Setting CVar [[r.SSS.HalfRes:1]]
[2020.02.03-17.30.17:320][  0]LogConfig: Setting CVar [[r.SSGI.Quality:3]]
[2020.02.03-17.30.17:320][  0]LogConfig: Setting CVar [[r.EmitterSpawnRateScale:1.0]]
[2020.02.03-17.30.17:320][  0]LogConfig: Setting CVar [[r.ParticleLightQuality:2]]
[2020.02.03-17.30.17:320][  0]LogConfig: Setting CVar [[r.SkyAtmosphere.AerialPerspectiveLUT.FastApplyOnOpaque:1 ; Always have FastSkyLUT 1 in this case to avoid wrong sky]]
[2020.02.03-17.30.17:320][  0]LogConfig: Setting CVar [[r.SkyAtmosphere.AerialPerspectiveLUT.SampleCountPerSlice:1]]
[2020.02.03-17.30.17:320][  0]LogConfig: Setting CVar [[r.SkyAtmosphere.AerialPerspectiveLUT.DepthResolution:16.0]]
[2020.02.03-17.30.17:320][  0]LogConfig: Setting CVar [[r.SkyAtmosphere.FastSkyLUT:1]]
[2020.02.03-17.30.17:320][  0]LogConfig: Setting CVar [[r.SkyAtmosphere.FastSkyLUT.SampleCountMin:4.0]]
[2020.02.03-17.30.17:320][  0]LogConfig: Setting CVar [[r.SkyAtmosphere.FastSkyLUT.SampleCountMax:32.0]]
[2020.02.03-17.30.17:320][  0]LogConfig: Setting CVar [[r.SkyAtmosphere.SampleCountMin:4.0]]
[2020.02.03-17.30.17:320][  0]LogConfig: Setting CVar [[r.SkyAtmosphere.SampleCountMax:32.0]]
[2020.02.03-17.30.17:320][  0]LogConfig: Setting CVar [[r.SkyAtmosphere.TransmittanceLUT.UseSmallFormat:0]]
[2020.02.03-17.30.17:320][  0]LogConfig: Setting CVar [[r.SkyAtmosphere.TransmittanceLUT.SampleCount:10.0]]
[2020.02.03-17.30.17:320][  0]LogConfig: Setting CVar [[r.SkyAtmosphere.MultiScatteringLUT.SampleCount:15.0]]
[2020.02.03-17.30.17:320][  0]LogConfig: Applying CVar settings from Section [FoliageQuality@3] File [B:/Unreal Engine Projects/miquelx2-ue/miquelx2_ue/Saved/Config/Windows/Scalability.ini]
[2020.02.03-17.30.17:320][  0]LogConfig: Setting CVar [[foliage.DensityScale:1.0]]
[2020.02.03-17.30.17:321][  0]LogConfig: Setting CVar [[grass.DensityScale:1.0]]
[2020.02.03-17.30.17:321][  0]LogConfig: Applying CVar settings from Section [ShadingQuality@3] File [B:/Unreal Engine Projects/miquelx2-ue/miquelx2_ue/Saved/Config/Windows/Scalability.ini]
[2020.02.03-17.30.17:321][  0]LogConfig: Setting CVar [[r.HairStrands.SkyLighting.SampleCount:16]]
[2020.02.03-17.30.17:321][  0]LogConfig: Setting CVar [[r.HairStrands.SkyLighting.JitterIntegration:0]]
[2020.02.03-17.30.17:321][  0]LogConfig: Setting CVar [[r.HairStrands.SkyAO.SampleCount:16]]
[2020.02.03-17.30.17:321][  0]LogConfig: Applying CVar settings from Section [Startup] File [../../../Engine/Config/ConsoleVariables.ini]
[2020.02.03-17.30.17:321][  0]LogConfig: Setting CVar [[net.UseAdaptiveNetUpdateFrequency:0]]
[2020.02.03-17.30.17:321][  0]LogConfig: Setting CVar [[p.chaos.AllowCreatePhysxBodies:1]]
[2020.02.03-17.30.17:321][  0]LogConfig: Applying CVar settings from Section [ConsoleVariables] File [B:/Unreal Engine Projects/miquelx2-ue/miquelx2_ue/Saved/Config/Windows/Engine.ini]
[2020.02.03-17.30.17:321][  0]LogInit: Computer: GUSPYRO-PC
[2020.02.03-17.30.17:321][  0]LogInit: User: Guspyro
[2020.02.03-17.30.17:321][  0]LogInit: CPU Page size=4096, Cores=4
[2020.02.03-17.30.17:321][  0]LogInit: High frequency timer resolution =10.000000 MHz
[2020.02.03-17.30.17:321][  0]LogMemory: Memory total: Physical=16.0GB (16GB approx)
[2020.02.03-17.30.17:321][  0]LogMemory: Platform Memory Stats for Windows
[2020.02.03-17.30.17:321][  0]LogMemory: Process Physical Memory: 105.67 MB used, 105.68 MB peak
[2020.02.03-17.30.17:321][  0]LogMemory: Process Virtual Memory: 100.94 MB used, 100.94 MB peak
[2020.02.03-17.30.17:321][  0]LogMemory: Physical Memory: 11932.90 MB used,  4406.44 MB free, 16339.34 MB total
[2020.02.03-17.30.17:321][  0]LogMemory: Virtual Memory: 5137.45 MB used,  134212592.00 MB free, 134217728.00 MB total
[2020.02.03-17.30.17:324][  0]LogWindows: WindowsPlatformFeatures enabled
[2020.02.03-17.30.17:342][  0]LogInit: Overriding language with editor language configuration option (en).
[2020.02.03-17.30.17:342][  0]LogInit: Overriding locale with editor culture configuration option ().
[2020.02.03-17.30.17:342][  0]LogInit: Using OS detected locale (es-ES).
[2020.02.03-17.30.17:564][  0]LogInit: Setting process to per monitor DPI aware
[2020.02.03-17.30.17:602][  0]LogSlate: New Slate User Created.  User Index 0, Is Virtual User: 0
[2020.02.03-17.30.17:602][  0]LogSlate: Slate User Registered.  User Index 0, Is Virtual User: 0
[2020.02.03-17.30.17:883][  0]LogHMD: Failed to initialize OpenVR with code 110
[2020.02.03-17.30.17:883][  0]LogD3D11RHI: D3D11 min allowed feature level: 11_0
[2020.02.03-17.30.17:883][  0]LogD3D11RHI: D3D11 max allowed feature level: 11_0
[2020.02.03-17.30.17:883][  0]LogD3D11RHI: D3D11 adapters:
[2020.02.03-17.30.17:974][  0]LogD3D11RHI:    0. 'NVIDIA GeForce GTX 1070' (Feature Level 11_0)
[2020.02.03-17.30.17:974][  0]LogD3D11RHI:       8081/0/8169 MB DedicatedVideo/DedicatedSystem/SharedSystem, Outputs:1, VendorId:0x10de
[2020.02.03-17.30.17:977][  0]LogD3D11RHI:    1. 'Microsoft Basic Render Driver' (Feature Level 11_0)
[2020.02.03-17.30.17:977][  0]LogD3D11RHI:       0/0/8169 MB DedicatedVideo/DedicatedSystem/SharedSystem, Outputs:0, VendorId:0x1414
[2020.02.03-17.30.17:977][  0]LogD3D11RHI: Chosen D3D11 Adapter: 0
[2020.02.03-17.30.17:989][  0]LogD3D11RHI: Creating new Direct3DDevice
[2020.02.03-17.30.17:989][  0]LogD3D11RHI:     GPU DeviceId: 0x1be1 (for the marketing name, search the web for "GPU Device Id")
[2020.02.03-17.30.17:989][  0]LogWindows: EnumDisplayDevices:
[2020.02.03-17.30.17:989][  0]LogWindows:    0. 'NVIDIA GeForce GTX 1070' (P:1 D:1)
[2020.02.03-17.30.17:990][  0]LogWindows:    1. 'NVIDIA GeForce GTX 1070' (P:0 D:0)
[2020.02.03-17.30.17:990][  0]LogWindows:    2. 'NVIDIA GeForce GTX 1070' (P:0 D:0)
[2020.02.03-17.30.17:991][  0]LogWindows:    3. 'NVIDIA GeForce GTX 1070' (P:0 D:0)
[2020.02.03-17.30.17:991][  0]LogWindows: DebugString: FoundDriverCount:4 
[2020.02.03-17.30.17:991][  0]LogD3D11RHI:     Adapter Name: NVIDIA GeForce GTX 1070
[2020.02.03-17.30.17:991][  0]LogD3D11RHI:   Driver Version: 419.35 (internal:25.21.14.1935, unified:419.35)
[2020.02.03-17.30.17:991][  0]LogD3D11RHI:      Driver Date: 3-1-2019
[2020.02.03-17.30.17:991][  0]LogRHI: Texture pool is 5656 MB (70% of 8081 MB)
[2020.02.03-17.30.18:055][  0]LogD3D11RHI: RHI has support for 64 bit atomics
[2020.02.03-17.30.18:056][  0]LogD3D11RHI: Async texture creation enabled
[2020.02.03-17.30.18:079][  0]LogD3D11RHI: GPU Timing Frequency: 1000.000000 (Debug: 2 1)
[2020.02.03-17.30.18:560][  0]LogTargetPlatformManager: Display: Loaded TargetPlatform 'AllDesktop'
[2020.02.03-17.30.18:596][  0]LogTargetPlatformManager: Display: Loaded TargetPlatform 'Android'
[2020.02.03-17.30.18:596][  0]LogTargetPlatformManager: Display: Loaded TargetPlatform 'Android_ASTC'
[2020.02.03-17.30.18:596][  0]LogTargetPlatformManager: Display: Loaded TargetPlatform 'Android_ATC'
[2020.02.03-17.30.18:596][  0]LogTargetPlatformManager: Display: Loaded TargetPlatform 'Android_DXT'
[2020.02.03-17.30.18:596][  0]LogTargetPlatformManager: Display: Loaded TargetPlatform 'Android_ETC1'
[2020.02.03-17.30.18:596][  0]LogTargetPlatformManager: Display: Loaded TargetPlatform 'Android_ETC1a'
[2020.02.03-17.30.18:596][  0]LogTargetPlatformManager: Display: Loaded TargetPlatform 'Android_ETC2'
[2020.02.03-17.30.18:596][  0]LogTargetPlatformManager: Display: Loaded TargetPlatform 'Android_PVRTC'
[2020.02.03-17.30.18:596][  0]LogTargetPlatformManager: Display: Loaded TargetPlatform 'AndroidClient'
[2020.02.03-17.30.18:596][  0]LogTargetPlatformManager: Display: Loaded TargetPlatform 'Android_ASTCClient'
[2020.02.03-17.30.18:596][  0]LogTargetPlatformManager: Display: Loaded TargetPlatform 'Android_ATCClient'
[2020.02.03-17.30.18:596][  0]LogTargetPlatformManager: Display: Loaded TargetPlatform 'Android_DXTClient'
[2020.02.03-17.30.18:596][  0]LogTargetPlatformManager: Display: Loaded TargetPlatform 'Android_ETC1Client'
[2020.02.03-17.30.18:596][  0]LogTargetPlatformManager: Display: Loaded TargetPlatform 'Android_ETC1aClient'
[2020.02.03-17.30.18:596][  0]LogTargetPlatformManager: Display: Loaded TargetPlatform 'Android_ETC2Client'
[2020.02.03-17.30.18:596][  0]LogTargetPlatformManager: Display: Loaded TargetPlatform 'Android_PVRTCClient'
[2020.02.03-17.30.18:596][  0]LogTargetPlatformManager: Display: Loaded TargetPlatform 'Android_Multi'
[2020.02.03-17.30.18:596][  0]LogTargetPlatformManager: Display: Loaded TargetPlatform 'Android_MultiClient'
[2020.02.03-17.30.18:619][  0]LogTargetPlatformManager: Display: Loaded TargetPlatform 'IOSClient'
[2020.02.03-17.30.18:619][  0]LogTargetPlatformManager: Display: Loaded TargetPlatform 'IOS'
[2020.02.03-17.30.18:627][  0]LogTargetPlatformManager: Display: Loaded TargetPlatform 'LinuxNoEditor'
[2020.02.03-17.30.18:636][  0]LogTargetPlatformManager: Display: Loaded TargetPlatform 'LinuxClient'
[2020.02.03-17.30.18:643][  0]LogTargetPlatformManager: Display: Loaded TargetPlatform 'LinuxServer'
[2020.02.03-17.30.18:653][  0]LogTargetPlatformManager: Display: Loaded TargetPlatform 'LinuxAArch64NoEditor'
[2020.02.03-17.30.18:661][  0]LogTargetPlatformManager: Display: Loaded TargetPlatform 'LinuxAArch64Client'
[2020.02.03-17.30.18:672][  0]LogTargetPlatformManager: Display: Loaded TargetPlatform 'LinuxAArch64Server'
[2020.02.03-17.30.18:696][  0]LogTargetPlatformManager: Display: Loaded TargetPlatform 'Lumin'
[2020.02.03-17.30.18:696][  0]LogTargetPlatformManager: Display: Loaded TargetPlatform 'LuminClient'
[2020.02.03-17.30.18:714][  0]LogTargetPlatformManager: Display: Loaded TargetPlatform 'TVOSClient'
[2020.02.03-17.30.18:714][  0]LogTargetPlatformManager: Display: Loaded TargetPlatform 'TVOS'
[2020.02.03-17.30.18:721][  0]LogTargetPlatformManager: Display: Loaded TargetPlatform 'WindowsNoEditor'
[2020.02.03-17.30.18:728][  0]LogTargetPlatformManager: Display: Loaded TargetPlatform 'Windows'
[2020.02.03-17.30.18:735][  0]LogTargetPlatformManager: Display: Loaded TargetPlatform 'WindowsClient'
[2020.02.03-17.30.18:744][  0]LogTargetPlatformManager: Display: Loaded TargetPlatform 'WindowsServer'
[2020.02.03-17.30.18:744][  0]LogTargetPlatformManager: Display: Building Assets For Windows
[2020.02.03-17.30.18:746][  0]LogAudioDebug: Display: Lib vorbis DLL was dynamically loaded.
[2020.02.03-17.30.18:766][  0]LogShaderCompilers: Guid format shader working directory is -16 characters bigger than the processId version (../../../../../Unreal Engine Projects/miquelx2-ue/miquelx2_ue/Intermediate/Shaders/WorkingDirectory/12980/).
[2020.02.03-17.30.18:766][  0]LogShaderCompilers: Cleaned the shader compiler working directory 'C:/Users/px535/AppData/Local/Temp/UnrealShaderWorkingDir/938639784EB2EB2D5F1B28977EB29F12/'.
[2020.02.03-17.30.18:767][  0]LogXGEController: Cannot use XGE Controller as Incredibuild is not installed on this machine.
[2020.02.03-17.30.18:767][  0]LogShaderCompilers: Cannot use XGE Shader Compiler as Incredibuild is not installed on this machine.
[2020.02.03-17.30.18:767][  0]LogShaderCompilers: Display: Using Local Shader Compiler.
[2020.02.03-17.30.19:693][  0]LogDerivedDataCache: Display: Max Cache Size: 512 MB
[2020.02.03-17.30.19:759][  0]LogDerivedDataCache: Loaded boot cache 0.07s 78MB C:/Users/px535/AppData/Local/UnrealEngine/4.24/DerivedDataCache/Boot.ddc.
[2020.02.03-17.30.19:759][  0]LogDerivedDataCache: Display: Loaded Boot cache: C:/Users/px535/AppData/Local/UnrealEngine/4.24/DerivedDataCache/Boot.ddc
[2020.02.03-17.30.19:759][  0]LogDerivedDataCache: FDerivedDataBackendGraph:  Pak pak cache file ../../../../../Unreal Engine Projects/miquelx2-ue/miquelx2_ue/DerivedDataCache/DDC.ddp not found, will not use a pak cache.
[2020.02.03-17.30.19:759][  0]LogDerivedDataCache: Unable to find inner node Pak for hierarchical cache Hierarchy.
[2020.02.03-17.30.19:759][  0]LogDerivedDataCache: FDerivedDataBackendGraph:  CompressedPak pak cache file ../../../../../Unreal Engine Projects/miquelx2-ue/miquelx2_ue/DerivedDataCache/Compressed.ddp not found, will not use a pak cache.
[2020.02.03-17.30.19:759][  0]LogDerivedDataCache: Unable to find inner node CompressedPak for hierarchical cache Hierarchy.
[2020.02.03-17.30.19:772][  0]LogDerivedDataCache: Display: Pak cache opened for reading ../../../Engine/DerivedDataCache/Compressed.ddp.
[2020.02.03-17.30.19:772][  0]LogDerivedDataCache: FDerivedDataBackendGraph:  EnterprisePak pak cache file ../../../Enterprise/DerivedDataCache/Compressed.ddp not found, will not use a pak cache.
[2020.02.03-17.30.19:772][  0]LogDerivedDataCache: Unable to find inner node EnterprisePak for hierarchical cache Hierarchy.
[2020.02.03-17.30.19:773][  0]LogDerivedDataCache: Using Local data cache path C:/Users/px535/AppData/Local/UnrealEngine/Common/DerivedDataCache: Writable
[2020.02.03-17.30.19:773][  0]LogDerivedDataCache: Shared data cache path not found in *engine.ini, will not use an Shared cache.
[2020.02.03-17.30.19:773][  0]LogDerivedDataCache: Unable to find inner node Shared for hierarchical cache Hierarchy.
[2020.02.03-17.30.19:807][  0]LogMaterial: Verifying Global Shaders for PCD3D_SM5
[2020.02.03-17.30.19:809][  0]LogSlate: Using FreeType 2.10.0
[2020.02.03-17.30.19:810][  0]LogSlate: SlateFontServices - WITH_FREETYPE: 1, WITH_HARFBUZZ: 1
[2020.02.03-17.30.19:883][  0]LogAssetRegistry: FAssetRegistry took 0.0028 seconds to start up
[2020.02.03-17.30.20:274][  0]LogInit: Selected Device Profile: [Windows]
[2020.02.03-17.30.20:466][  0]LogMeshReduction: Using QuadricMeshReduction for automatic static mesh reduction
[2020.02.03-17.30.20:466][  0]LogMeshReduction: Using SimplygonMeshReduction for automatic skeletal mesh reduction
[2020.02.03-17.30.20:466][  0]LogMeshReduction: Using ProxyLODMeshReduction for automatic mesh merging
[2020.02.03-17.30.20:466][  0]LogMeshReduction: No distributed automatic mesh merging module available
[2020.02.03-17.30.20:466][  0]LogMeshMerging: No distributed automatic mesh merging module available
[2020.02.03-17.30.20:480][  0]LogNetVersion: miquelx2_ue 1.0.0, NetCL: 10570792, EngineNetVer: 13, GameNetVer: 0 (Checksum: 4246343925)
[2020.02.03-17.30.21:811][  0]LogPackageLocalizationCache: Processed 10 localized package path(s) for 1 prioritized culture(s) in 0.034525 seconds
[2020.02.03-17.30.21:821][  0]LogUObjectArray: 46750 objects as part of root set at end of initial load.
[2020.02.03-17.30.21:821][  0]LogUObjectAllocator: 8137160 out of 0 bytes used by permanent object pool.
[2020.02.03-17.30.21:821][  0]LogUObjectArray: CloseDisregardForGC: 0/0 objects in disregard for GC pool
[2020.02.03-17.30.22:286][  0]LogTcpMessaging: Initializing TcpMessaging bridge
[2020.02.03-17.30.22:289][  0]LogUdpMessaging: Initializing bridge on interface 0.0.0.0:0 to multicast group 230.0.0.1:6666.
[2020.02.03-17.30.22:343][  0]SourceControl: Source control is disabled
[2020.02.03-17.30.22:343][  0]SourceControl: Source control is disabled
[2020.02.03-17.30.22:344][  0]SourceControl: Source control is disabled
[2020.02.03-17.30.22:345][  0]SourceControl: Source control is disabled
[2020.02.03-17.30.22:345][  0]SourceControl: Source control is disabled
[2020.02.03-17.30.22:432][  0]LogAndroidPermission: UAndroidPermissionCallbackProxy::GetInstance
[2020.02.03-17.30.22:445][  0]LogAudioCaptureCore: Display: No Audio Capture implementations found. Audio input will be silent.
[2020.02.03-17.30.22:445][  0]LogAudioCaptureCore: Display: No Audio Capture implementations found. Audio input will be silent.
[2020.02.03-17.30.22:542][  0]LogOcInput: OculusInput pre-init called
[2020.02.03-17.30.22:549][  0]LogWindows: Failed to load 'OVRPlugin.dll' (GetLastError=126)
[2020.02.03-17.30.22:549][  0]LogWindows: File 'OVRPlugin.dll' does not exist
[2020.02.03-17.30.22:627][  0]LogEngine: Initializing Engine...
[2020.02.03-17.30.22:629][  0]LogHMD: Failed to initialize OpenVR with code 110
[2020.02.03-17.30.22:630][  0]LogStats: UGameplayTagsManager::InitializeManager -  0.000 s
[2020.02.03-17.30.23:075][  0]LogInit: Initializing FReadOnlyCVARCache
[2020.02.03-17.30.23:082][  0]LogAIModule: Creating AISystem for world Untitled
[2020.02.03-17.30.23:173][  0]LogAudioMixer: Display: Audio Mixer Platform Settings:
[2020.02.03-17.30.23:173][  0]LogAudioMixer: Display: 	Sample Rate:						  48000
[2020.02.03-17.30.23:173][  0]LogAudioMixer: Display: 	Callback Buffer Frame Size Requested: 1024
[2020.02.03-17.30.23:173][  0]LogAudioMixer: Display: 	Callback Buffer Frame Size To Use:	  1024
[2020.02.03-17.30.23:173][  0]LogAudioMixer: Display: 	Number of buffers to queue:			  2
[2020.02.03-17.30.23:173][  0]LogAudioMixer: Display: 	Max Channels (voices):				  32
[2020.02.03-17.30.23:173][  0]LogAudioMixer: Display: 	Number of Async Source Workers:		  0
[2020.02.03-17.30.23:173][  0]LogAudio: Display: AudioDevice MaxSources: 32
[2020.02.03-17.30.23:174][  0]LogAudio: Display: Using built-in audio occlusion.
[2020.02.03-17.30.23:174][  0]LogAudioMixer: Display: Initializing audio mixer.
[2020.02.03-17.30.23:188][  0]LogAudioMixer: Display: Audio Device Output Speaker Info:
[2020.02.03-17.30.23:188][  0]LogAudioMixer: Display: Name: Altavoces (Realtek High Definition Audio)
[2020.02.03-17.30.23:188][  0]LogAudioMixer: Display: Is Default: Yes
[2020.02.03-17.30.23:188][  0]LogAudioMixer: Display: Sample Rate: 48000
[2020.02.03-17.30.23:188][  0]LogAudioMixer: Display: Channel Count Used: 2
[2020.02.03-17.30.23:188][  0]LogAudioMixer: Display: Device Channel Count: 2
[2020.02.03-17.30.23:188][  0]LogAudioMixer: Display: Channel Order:
[2020.02.03-17.30.23:188][  0]LogAudioMixer: Display: 0: FrontLeft
[2020.02.03-17.30.23:188][  0]LogAudioMixer: Display: 1: FrontRight
[2020.02.03-17.30.23:249][  0]LogAudioMixer: Display: Using Audio Device Altavoces (Realtek High Definition Audio)
[2020.02.03-17.30.23:255][  0]LogInit: FAudioDevice initialized.
[2020.02.03-17.30.23:256][  0]LogNetVersion: Set ProjectVersion to 1.0.0.0. Version Checksum will be recalculated on next use.
[2020.02.03-17.30.23:345][  0]LogDerivedDataCache: Saved boot cache 0.09s 78MB C:/Users/px535/AppData/Local/UnrealEngine/4.24/DerivedDataCache/Boot.ddc.
[2020.02.03-17.30.23:345][  0]LogInit: Texture streaming: Enabled
[2020.02.03-17.30.23:354][  0]LogEngineSessionManager: EngineSessionManager initialized
[2020.02.03-17.30.23:354][  0]LogEditorSessionSummary: Verbose: Initializing EditorSessionSummaryWriter for editor session tracking
[2020.02.03-17.30.23:355][  0]LogEditorSessionSummary: EditorSessionSummaryWriter initialized
[2020.02.03-17.30.23:487][  0]LogInit: Transaction tracking system initialized
[2020.02.03-17.30.23:496][  0]BlueprintLog: New page: Editor Load
[2020.02.03-17.30.23:522][  0]LocalizationService: Localization service is disabled
[2020.02.03-17.30.24:095][  0]LogCook: Display: Max memory allowance for cook 16384mb min free memory 0mb
[2020.02.03-17.30.24:095][  0]LogCook: Display: Mobile HDR setting 1
[2020.02.03-17.30.24:178][  0]LogFileCache: Scanning file cache for directory 'B:/Unreal Engine Projects/miquelx2-ue/miquelx2_ue/Content/' took 0.02s
[2020.02.03-17.30.24:972][  0]SourceControl: Source control is disabled
[2020.02.03-17.30.24:972][  0]Cmd: MAP LOAD FILE="../../../../../Unreal Engine Projects/miquelx2-ue/miquelx2_ue/Content/ThirdPersonBP/Maps/ThirdPersonExampleMap.umap" TEMPLATE=0 SHOWPROGRESS=1 FEATURELEVEL=3
[2020.02.03-17.30.24:973][  0]LightingResults: New page: Lighting Build
[2020.02.03-17.30.24:974][  0]LogWorld: UWorld::CleanupWorld for Untitled, bSessionEnded=true, bCleanupResources=true
[2020.02.03-17.30.24:974][  0]LogSlate: InvalidateAllWidgets triggered.  All widgets were invalidated
[2020.02.03-17.30.24:974][  0]MapCheck: New page: Map Check
[2020.02.03-17.30.24:974][  0]LightingResults: New page: Lighting Build
[2020.02.03-17.30.25:002][  0]LogUObjectHash: Compacting FUObjectHashTables data took   1.98ms
[2020.02.03-17.30.37:352][  0]LogAIModule: Creating AISystem for world ThirdPersonExampleMap
[2020.02.03-17.30.37:847][  0]LogEditorServer: Finished looking for orphan Actors (0.000 secs)
[2020.02.03-17.30.37:879][  0]LogUObjectHash: Compacting FUObjectHashTables data took   2.49ms
[2020.02.03-17.30.37:880][  0]Cmd: MAP CHECKDEP NOCLEARLOG
[2020.02.03-17.30.37:880][  0]MapCheck: Map check complete: 0 Error(s), 0 Warning(s), took 0,097ms to complete.
[2020.02.03-17.30.37:880][  0]LogFileHelpers: Loading map 'ThirdPersonExampleMap' took 12.907
[2020.02.03-17.30.40:820][  0]LogSlate: Updating window title bar state: overlay mode, drag disabled, window buttons hidden, title bar hidden
[2020.02.03-17.30.40:899][  0]LogSlate: Updating window title bar state: overlay mode, drag disabled, window buttons hidden, title bar hidden
[2020.02.03-17.30.40:908][  0]LogSlate: Updating window title bar state: overlay mode, drag disabled, window buttons hidden, title bar hidden
[2020.02.03-17.30.40:916][  0]LogSlate: Updating window title bar state: overlay mode, drag disabled, window buttons hidden, title bar hidden
[2020.02.03-17.30.41:217][  0]LogCollectionManager: Loaded 0 collections in 0.001434 seconds
[2020.02.03-17.30.41:777][  0]LogFileCache: Scanning file cache for directory 'B:/Unreal Engine Projects/miquelx2-ue/miquelx2_ue/Saved/Collections/' took 0.00s
[2020.02.03-17.30.41:777][  0]LogFileCache: Scanning file cache for directory 'B:/Unreal Engine Projects/miquelx2-ue/miquelx2_ue/Content/Developers/Guspyro/Collections/' took 0.00s
[2020.02.03-17.30.41:777][  0]LogFileCache: Scanning file cache for directory 'B:/Unreal Engine Projects/miquelx2-ue/miquelx2_ue/Content/Collections/' took 0.00s
[2020.02.03-17.30.41:777][  0]LogContentBrowser: Native class hierarchy populated in 0.0087 seconds. Added 3017 classes and 720 folders.
[2020.02.03-17.30.42:142][  0]LogContentBrowser: Native class hierarchy updated for 'WidgetCarousel' in 0.0003 seconds. Added 0 classes and 0 folders.
[2020.02.03-17.30.46:925][  0]LogContentBrowser: Native class hierarchy updated for 'AddContentDialog' in 0.0003 seconds. Added 0 classes and 0 folders.
[2020.02.03-17.30.51:188][  0]LogSlate: Took 0.000201 seconds to synchronously load lazily loaded font '../../../Engine/Content/Slate/Fonts/Roboto-Regular.ttf' (155K)
[2020.02.03-17.30.51:240][  0]LogSlate: Took 0.000183 seconds to synchronously load lazily loaded font '../../../Engine/Content/Slate/Fonts/Roboto-Bold.ttf' (160K)
[2020.02.03-17.30.51:641][  0]LogSlate: Took 0.030620 seconds to synchronously load lazily loaded font '../../../Engine/Content/Editor/Slate/Fonts/FontAwesome.ttf' (139K)
[2020.02.03-17.30.52:549][  0]LogRenderer: Reallocating scene render targets to support 876x432 Format 10 NumSamples 1 (Frame:1).
[2020.02.03-17.30.54:364][  0]LogContentBrowser: Native class hierarchy updated for 'HierarchicalLODOutliner' in 0.0003 seconds. Added 0 classes and 0 folders.
[2020.02.03-17.30.54:364][  0]LogLoad: (Engine Initialization) Total time: 38.86 seconds
[2020.02.03-17.30.54:364][  0]LogLoad: (Engine Initialization) Total Blueprint compile time: 0.00 seconds
[2020.02.03-17.30.54:625][  0]LogContentStreaming: Texture pool size now 1000 MB
[2020.02.03-17.30.54:906][  0]LogSlate: Took 0.032814 seconds to synchronously load lazily loaded font '../../../Engine/Content/Slate/Fonts/Roboto-Light.ttf' (167K)
[2020.02.03-17.31.10:070][795]LogSlate: Took 0.000250 seconds to synchronously load lazily loaded font '../../../Engine/Content/Slate/Fonts/Roboto-Light.ttf' (167K)
[2020.02.03-17.31.13:690][795]LogTexture: Display: Building textures: Texture2D_0 (BGRA8, 256X256)
[2020.02.03-17.31.13:725][795]LogAIModule: Creating AISystem for world Level1
[2020.02.03-17.31.13:943][795]LogAssetEditorSubsystem: Opening Asset editor for World /Game/Maps/Level1.Level1
[2020.02.03-17.31.14:094][795]LogUObjectHash: Compacting FUObjectHashTables data took   1.41ms
[2020.02.03-17.31.14:250][795]Cmd: MAP LOAD FILE="../../../../../Unreal Engine Projects/miquelx2-ue/miquelx2_ue/Content/Maps/Level1.umap" TEMPLATE=0 SHOWPROGRESS=1 FEATURELEVEL=3
[2020.02.03-17.31.14:251][795]LightingResults: New page: Lighting Build
[2020.02.03-17.31.14:252][795]LoadErrors: New page: Loading map: Level1.umap
[2020.02.03-17.31.14:337][795]LogWorld: UWorld::CleanupWorld for ThirdPersonExampleMap, bSessionEnded=true, bCleanupResources=true
[2020.02.03-17.31.14:361][795]LogSlate: InvalidateAllWidgets triggered.  All widgets were invalidated
[2020.02.03-17.31.14:382][795]MapCheck: New page: Map Check
[2020.02.03-17.31.14:382][795]LightingResults: New page: Lighting Build
[2020.02.03-17.31.14:412][795]LogUObjectHash: Compacting FUObjectHashTables data took   2.37ms
[2020.02.03-17.31.14:998][795]LogEditorServer: Finished looking for orphan Actors (0.000 secs)
[2020.02.03-17.31.15:041][795]LogUObjectHash: Compacting FUObjectHashTables data took   2.64ms
[2020.02.03-17.31.15:071][795]Cmd: MAP CHECKDEP NOCLEARLOG
[2020.02.03-17.31.15:071][795]MapCheck: Map check complete: 0 Error(s), 0 Warning(s), took 0,081ms to complete.
[2020.02.03-17.31.15:071][795]LogFileHelpers: Loading map 'Level1' took 0.975
[2020.02.03-17.31.17:149][849]LogAssetRegistry: Asset discovery search completed in 57.2674 seconds
[2020.02.03-17.31.17:170][849]LogCollectionManager: Fixed up redirectors for 0 collections in 0.000010 seconds (updated 0 objects)
[2020.02.03-17.31.31:278][513]LogEditorViewport: Clicking on Actor (LMB): PointLight (PointLight3)
[2020.02.03-17.32.03:128][264]LogEditorViewport: Clicking on Actor (context menu): StaticMeshActor (SM_Wall_B_33)
[2020.02.03-17.32.05:682][361]LogEditorViewport: Clicking on Actor (LMB): StaticMeshActor (SM_Wall_B_10)
[2020.02.03-17.32.06:582][405]LogEditorViewport: Clicking on Actor (LMB): SpotLight (SpotLight)
[2020.02.03-17.32.19:702][166]Cmd: DUPLICATE
[2020.02.03-17.32.19:702][166]Cmd: ACTOR DUPLICATE
[2020.02.03-17.32.46:459][675]LogEditorViewport: Clicking on Actor (context menu): StaticMeshActor (FloorBottom)
[2020.02.03-17.32.51:530][949]LogEditorViewport: Clicking on Actor (context menu): StaticMeshActor (FloorBottom)
[2020.02.03-17.33.09:101][898]LogEditorViewport: Clicking on Actor (LMB): StaticMeshActor (FloorTop)
[2020.02.03-17.33.13:940][149]LogEditorViewport: Clicking on Actor (LMB): StaticMeshActor (FloorTop)
[2020.02.03-17.33.17:686][357]LogSlate: Took 0.014159 seconds to synchronously load lazily loaded font '../../../Engine/Content/Slate/Fonts/Roboto-Italic.ttf' (157K)
[2020.02.03-17.33.18:077][378]LogTemp: Repeating last play command: New Editor Window (PIE)
[2020.02.03-17.33.18:162][378]LogPlayLevel: PlayLevel: No blueprints needed recompiling
[2020.02.03-17.33.18:168][378]PIE: New page: PIE session: Level1 (3 feb. 2020 19:33:18)
[2020.02.03-17.33.18:180][378]LogOnline: OSS: Creating online subsystem instance for: NULL
[2020.02.03-17.33.18:191][378]LogOnline: OSS: TryLoadSubsystemAndSetDefault: Loaded subsystem for module [NULL]
[2020.02.03-17.33.18:218][378]LogPlayLevel: Creating play world package: /Game/Maps/UEDPIE_0_Level1
[2020.02.03-17.33.18:472][378]LogPlayLevel: PIE: StaticDuplicateObject took: (0.253847s)
[2020.02.03-17.33.18:482][378]LogAIModule: Creating AISystem for world Level1
[2020.02.03-17.33.18:505][378]LogPlayLevel: PIE: World Init took: (0.032994s)
[2020.02.03-17.33.18:505][378]LogPlayLevel: PIE: Created PIE world by copying editor world from /Game/Maps/Level1.Level1 to /Game/Maps/UEDPIE_0_Level1.Level1 (0.287158s)
[2020.02.03-17.33.18:534][378]LogUObjectHash: Compacting FUObjectHashTables data took   2.12ms
[2020.02.03-17.33.18:554][378]LogAudioMixer: Display: Audio Mixer Platform Settings:
[2020.02.03-17.33.18:554][378]LogAudioMixer: Display: 	Sample Rate:						  48000
[2020.02.03-17.33.18:554][378]LogAudioMixer: Display: 	Callback Buffer Frame Size Requested: 1024
[2020.02.03-17.33.18:554][378]LogAudioMixer: Display: 	Callback Buffer Frame Size To Use:	  1024
[2020.02.03-17.33.18:554][378]LogAudioMixer: Display: 	Number of buffers to queue:			  2
[2020.02.03-17.33.18:554][378]LogAudioMixer: Display: 	Max Channels (voices):				  32
[2020.02.03-17.33.18:554][378]LogAudioMixer: Display: 	Number of Async Source Workers:		  0
[2020.02.03-17.33.18:554][378]LogAudio: Display: AudioDevice MaxSources: 32
[2020.02.03-17.33.18:555][378]LogAudio: Display: Using built-in audio occlusion.
[2020.02.03-17.33.18:555][378]LogAudioMixer: Display: Initializing audio mixer.
[2020.02.03-17.33.18:561][378]LogAudioMixer: Display: Audio Device Output Speaker Info:
[2020.02.03-17.33.18:561][378]LogAudioMixer: Display: Name: Altavoces (Realtek High Definition Audio)
[2020.02.03-17.33.18:561][378]LogAudioMixer: Display: Is Default: Yes
[2020.02.03-17.33.18:561][378]LogAudioMixer: Display: Sample Rate: 48000
[2020.02.03-17.33.18:561][378]LogAudioMixer: Display: Channel Count Used: 2
[2020.02.03-17.33.18:561][378]LogAudioMixer: Display: Device Channel Count: 2
[2020.02.03-17.33.18:561][378]LogAudioMixer: Display: Channel Order:
[2020.02.03-17.33.18:561][378]LogAudioMixer: Display: 0: FrontLeft
[2020.02.03-17.33.18:561][378]LogAudioMixer: Display: 1: FrontRight
[2020.02.03-17.33.18:618][378]LogAudioMixer: Display: Using Audio Device Altavoces (Realtek High Definition Audio)
[2020.02.03-17.33.18:619][378]LogInit: FAudioDevice initialized.
[2020.02.03-17.33.18:660][378]LogSlate: Updating window title bar state: overlay mode, drag disabled, window buttons hidden, title bar hidden
[2020.02.03-17.33.18:827][378]LogLoad: Game class is 'ThirdPersonGameMode_C'
[2020.02.03-17.33.18:937][378]LogWorld: Bringing World /Game/Maps/UEDPIE_0_Level1.Level1 up for play (max tick rate 60) at 2020.02.03-18.33.18
[2020.02.03-17.33.18:953][378]LogWorld: Bringing up level for play took: 0.026520
[2020.02.03-17.33.18:966][378]LogOnline: OSS: Creating online subsystem instance for: :Context_12
[2020.02.03-17.33.19:174][378]LogContentBrowser: Native class hierarchy updated for 'MovieSceneCapture' in 0.0005 seconds. Added 20 classes and 0 folders.
[2020.02.03-17.33.19:432][378]PIE: Play in editor start time for /Game/Maps/UEDPIE_0_Level1 1,276
[2020.02.03-17.33.19:858][379]LogRenderer: Reallocating scene render targets to support 1024x576 Format 10 NumSamples 1 (Frame:1).
[2020.02.03-17.33.24:074][621]LogAudioMixer: Display: No commands were queued while flushing the source manager.
[2020.02.03-17.33.24:083][621]LogAudioMixer: Display: Flush succeeded in the source manager command queue (1).
[2020.02.03-17.33.24:103][621]LogAudioMixer: Display: Flush succeeded the source manager command queue (2).
[2020.02.03-17.33.24:204][621]LogSlate: Updating window title bar state: overlay mode, drag disabled, window buttons hidden, title bar hidden
[2020.02.03-17.33.24:210][621]LogWorld: BeginTearingDown for /Game/Maps/UEDPIE_0_Level1
[2020.02.03-17.33.24:220][621]LogSlate: Window 'miquelx2_ue Game Preview Standalone (64-bit/PCD3D_SM5)' being destroyed
[2020.02.03-17.33.24:243][621]LogAudioMixer: Display: No commands were queued while flushing the source manager.
[2020.02.03-17.33.24:243][621]LogWorld: UWorld::CleanupWorld for Level1, bSessionEnded=true, bCleanupResources=true
[2020.02.03-17.33.24:260][621]LogSlate: InvalidateAllWidgets triggered.  All widgets were invalidated
[2020.02.03-17.33.24:266][621]LogPlayLevel: Display: Shutting down PIE online subsystems
[2020.02.03-17.33.24:269][621]LogSlate: InvalidateAllWidgets triggered.  All widgets were invalidated
[2020.02.03-17.33.24:302][621]LogAudioMixer: Display: No commands were queued while flushing the source manager.
[2020.02.03-17.33.24:348][621]LogUObjectHash: Compacting FUObjectHashTables data took   3.24ms
[2020.02.03-17.33.24:369][622]LogPlayLevel: Display: Destroying online subsystem :Context_12
[2020.02.03-17.33.26:562][743]LogEditorViewport: Clicking on Actor (LMB): StaticMeshActor (FloorTop)
[2020.02.03-17.33.45:353][859]Cmd: DUPLICATE
[2020.02.03-17.33.45:353][859]Cmd: ACTOR DUPLICATE
[2020.02.03-17.34.35:971][866]LogEditorViewport: Clicking on Actor (LMB): StaticMeshActor (FloorTop2)
[2020.02.03-17.34.44:455][319]Cmd: TRANSACTION UNDO
[2020.02.03-17.34.44:495][319]LogEditorTransaction: Undo Move Actors
[2020.02.03-17.34.45:301][350]Cmd: DUPLICATE
[2020.02.03-17.34.45:301][350]Cmd: ACTOR DUPLICATE
[2020.02.03-17.34.49:729][598]Cmd: DUPLICATE
[2020.02.03-17.34.49:729][598]Cmd: ACTOR DUPLICATE
[2020.02.03-17.34.54:927][877]LogTemp: Repeating last play command: New Editor Window (PIE)
[2020.02.03-17.34.54:943][877]LogPlayLevel: PlayLevel: No blueprints needed recompiling
[2020.02.03-17.34.54:943][877]PIE: New page: PIE session: Level1 (3 feb. 2020 19:34:54)
[2020.02.03-17.34.54:943][877]LogPlayLevel: Creating play world package: /Game/Maps/UEDPIE_0_Level1
[2020.02.03-17.34.55:129][877]LogPlayLevel: PIE: StaticDuplicateObject took: (0.186115s)
[2020.02.03-17.34.55:131][877]LogAIModule: Creating AISystem for world Level1
[2020.02.03-17.34.55:131][877]LogPlayLevel: PIE: World Init took: (0.001738s)
[2020.02.03-17.34.55:131][877]LogPlayLevel: PIE: Created PIE world by copying editor world from /Game/Maps/Level1.Level1 to /Game/Maps/UEDPIE_0_Level1.Level1 (0.188110s)
[2020.02.03-17.34.55:164][877]LogUObjectHash: Compacting FUObjectHashTables data took   2.24ms
[2020.02.03-17.34.55:165][877]LogAudioMixer: Display: Audio Mixer Platform Settings:
[2020.02.03-17.34.55:165][877]LogAudioMixer: Display: 	Sample Rate:						  48000
[2020.02.03-17.34.55:165][877]LogAudioMixer: Display: 	Callback Buffer Frame Size Requested: 1024
[2020.02.03-17.34.55:165][877]LogAudioMixer: Display: 	Callback Buffer Frame Size To Use:	  1024
[2020.02.03-17.34.55:165][877]LogAudioMixer: Display: 	Number of buffers to queue:			  2
[2020.02.03-17.34.55:165][877]LogAudioMixer: Display: 	Max Channels (voices):				  32
[2020.02.03-17.34.55:165][877]LogAudioMixer: Display: 	Number of Async Source Workers:		  0
[2020.02.03-17.34.55:165][877]LogAudio: Display: AudioDevice MaxSources: 32
[2020.02.03-17.34.55:166][877]LogAudio: Display: Using built-in audio occlusion.
[2020.02.03-17.34.55:166][877]LogAudioMixer: Display: Initializing audio mixer.
[2020.02.03-17.34.55:173][877]LogAudioMixer: Display: Audio Device Output Speaker Info:
[2020.02.03-17.34.55:173][877]LogAudioMixer: Display: Name: Altavoces (Realtek High Definition Audio)
[2020.02.03-17.34.55:173][877]LogAudioMixer: Display: Is Default: Yes
[2020.02.03-17.34.55:173][877]LogAudioMixer: Display: Sample Rate: 48000
[2020.02.03-17.34.55:173][877]LogAudioMixer: Display: Channel Count Used: 2
[2020.02.03-17.34.55:173][877]LogAudioMixer: Display: Device Channel Count: 2
[2020.02.03-17.34.55:173][877]LogAudioMixer: Display: Channel Order:
[2020.02.03-17.34.55:173][877]LogAudioMixer: Display: 0: FrontLeft
[2020.02.03-17.34.55:173][877]LogAudioMixer: Display: 1: FrontRight
[2020.02.03-17.34.55:229][877]LogAudioMixer: Display: Using Audio Device Altavoces (Realtek High Definition Audio)
[2020.02.03-17.34.55:231][877]LogInit: FAudioDevice initialized.
[2020.02.03-17.34.55:278][877]LogSlate: Updating window title bar state: overlay mode, drag disabled, window buttons hidden, title bar hidden
[2020.02.03-17.34.55:278][877]LogLoad: Game class is 'ThirdPersonGameMode_C'
[2020.02.03-17.34.55:290][877]LogWorld: Bringing World /Game/Maps/UEDPIE_0_Level1.Level1 up for play (max tick rate 60) at 2020.02.03-18.34.55
[2020.02.03-17.34.55:290][877]LogWorld: Bringing up level for play took: 0.011311
[2020.02.03-17.34.55:290][877]LogOnline: OSS: Creating online subsystem instance for: :Context_13
[2020.02.03-17.34.55:298][877]PIE: Play in editor start time for /Game/Maps/UEDPIE_0_Level1 1,142
[2020.02.03-17.35.09:813][732]LogAudioMixer: Display: No commands were queued while flushing the source manager.
[2020.02.03-17.35.09:813][732]LogAudioMixer: Display: No commands were queued while flushing the source manager.
[2020.02.03-17.35.09:814][732]LogSlate: Updating window title bar state: overlay mode, drag disabled, window buttons hidden, title bar hidden
[2020.02.03-17.35.09:814][732]LogWorld: BeginTearingDown for /Game/Maps/UEDPIE_0_Level1
[2020.02.03-17.35.09:829][732]LogSlate: Window 'miquelx2_ue Game Preview Standalone (64-bit/PCD3D_SM5)' being destroyed
[2020.02.03-17.35.09:844][732]LogAudioMixer: Display: No commands were queued while flushing the source manager.
[2020.02.03-17.35.09:844][732]LogWorld: UWorld::CleanupWorld for Level1, bSessionEnded=true, bCleanupResources=true
[2020.02.03-17.35.09:846][732]LogSlate: InvalidateAllWidgets triggered.  All widgets were invalidated
[2020.02.03-17.35.09:855][732]LogPlayLevel: Display: Shutting down PIE online subsystems
[2020.02.03-17.35.09:859][732]LogSlate: InvalidateAllWidgets triggered.  All widgets were invalidated
[2020.02.03-17.35.09:889][732]LogAudioMixer: Display: No commands were queued while flushing the source manager.
[2020.02.03-17.35.09:899][732]LogUObjectHash: Compacting FUObjectHashTables data took   2.23ms
[2020.02.03-17.35.09:965][734]LogPlayLevel: Display: Destroying online subsystem :Context_13
[2020.02.03-17.35.41:991][481]Cmd: OBJ SAVEPACKAGE PACKAGE="/Game/Maps/Level1" FILE="../../../../../Unreal Engine Projects/miquelx2-ue/miquelx2_ue/Content/Maps/Level1.umap" SILENT=true AUTOSAVING=false KEEPDIRTY=false
[2020.02.03-17.35.42:047][481]LogUObjectHash: Compacting FUObjectHashTables data took   2.74ms
[2020.02.03-17.35.42:977][481]LogSavePackage: Moving '../../../../../Unreal Engine Projects/miquelx2-ue/miquelx2_ue/Saved/Level14C5393D040519EEF9361C18955050A2D.tmp' to '../../../../../Unreal Engine Projects/miquelx2-ue/miquelx2_ue/Content/Maps/Level1.umap'
[2020.02.03-17.35.43:118][481]AssetCheck: New page: Asset Save: Level1
[2020.02.03-17.35.43:118][481]LogContentValidation: Display: Validating World /Game/Maps/Level1.Level1
[2020.02.03-17.35.43:869][521]LogUObjectHash: Compacting FUObjectHashTables data took   0.77ms
